info|2021-11-29 18:00:00.015542|[g:1][CONSENSUS]addRawPrepare,height=1,reqIdx=3,hash=0dd91c3d...,time=0
info|2021-11-29 18:00:00.015938|[g:1][CONSENSUS][PBFT]checkTimeout Succ,view=19367,toView=19368,nodeIdx=0,changeCycle=1,myNode=21db0f92...,timecost=0.334
info|2021-11-29 18:00:00.017408|[g:1][CONSENSUS][PBFT]checkAndChangeView: Reach consensus,org_view=19367,cur_changeCycle=1,curView=19367,view=19368
info|2021-11-29 18:00:01.017436|[g:1][CONSENSUS][SEALER]++++++++++++++++ Generating seal on,blkNum=1,tx=0,nodeIdx=0,hash=c3a8f008...
info|2021-11-29 18:00:01.018103|[g:1][CONSENSUS][PBFT]checkTimeout Succ,view=19368,toView=19369,nodeIdx=0,changeCycle=1,myNode=21db0f92...,timecost=0.288
info|2021-11-29 18:00:01.022387|[g:1][CONSENSUS][PBFT]checkAndChangeView: Reach consensus,org_view=19368,cur_changeCycle=1,curView=19368,view=19369
info|2021-11-29 18:00:02.026766|[g:1][CONSENSUS]addRawPrepare,height=1,reqIdx=1,hash=3a404a42...,time=0
info|2021-11-29 18:00:02.027169|[g:1][CONSENSUS][PBFT]checkTimeout Succ,view=19369,toView=19370,nodeIdx=0,changeCycle=1,myNode=21db0f92...,timecost=0.344
info|2021-11-29 18:00:02.028351|[g:1][CONSENSUS][PBFT]checkAndChangeView: Reach consensus,org_view=19369,cur_changeCycle=1,curView=19369,view=19370
info|2021-11-29 18:00:03.030308|[g:1][CONSENSUS]addRawPrepare,height=1,reqIdx=2,hash=ebd28bf1...,time=0
info|2021-11-29 18:00:03.030625|[g:1][CONSENSUS][PBFT]checkTimeout Succ,view=19370,toView=19371,nodeIdx=0,changeCycle=1,myNode=21db0f92...,timecost=0.271
info|2021-11-29 18:00:03.031657|[g:1][CONSENSUS][PBFT]checkAndChangeView: Reach consensus,org_view=19370,cur_changeCycle=1,curView=19370,view=19371
info|2021-11-29 18:00:04.033113|[g:1][CONSENSUS]addRawPrepare,height=1,reqIdx=3,hash=ef66e049...,time=0
info|2021-11-29 18:00:04.033452|[g:1][CONSENSUS][PBFT]checkTimeout Succ,view=19371,toView=19372,nodeIdx=0,changeCycle=1,myNode=21db0f92...,timecost=0.286
info|2021-11-29 18:00:04.035623|[g:1][CONSENSUS][PBFT]checkAndChangeView: Reach consensus,org_view=19371,cur_changeCycle=1,curView=19371,view=19372
info|2021-11-29 18:00:05.036218|[g:1][CONSENSUS][SEALER]++++++++++++++++ Generating seal on,blkNum=1,tx=0,nodeIdx=0,hash=82322ca8...
info|2021-11-29 18:00:05.040129|[g:1][CONSENSUS][PBFT]checkTimeout Succ,view=19372,toView=19373,nodeIdx=0,changeCycle=1,myNode=21db0f92...,timecost=0.303
info|2021-11-29 18:00:05.040551|[g:1][CONSENSUS][PBFT]checkAndChangeView: Reach consensus,org_view=19372,cur_changeCycle=1,curView=19372,view=19373
info|2021-11-29 18:00:06.042949|[g:1][CONSENSUS]addRawPrepare,height=1,reqIdx=1,hash=b5fe4bbb...,time=0
info|2021-11-29 18:00:06.043372|[g:1][CONSENSUS][PBFT]checkTimeout Succ,view=19373,toView=19374,nodeIdx=0,changeCycle=1,myNode=21db0f92...,timecost=0.351
info|2021-11-29 18:00:06.045248|[g:1][CONSENSUS][PBFT]checkAndChangeView: Reach consensus,org_view=19373,cur_changeCycle=1,curView=19373,view=19374
info|2021-11-29 18:00:07.046391|[g:1][CONSENSUS]addRawPrepare,height=1,reqIdx=2,hash=0140a226...,time=0
info|2021-11-29 18:00:07.046779|[g:1][CONSENSUS][PBFT]checkTimeout Succ,view=19374,toView=19375,nodeIdx=0,changeCycle=1,myNode=21db0f92...,timecost=0.342
info|2021-11-29 18:00:07.048066|[g:1][CONSENSUS][PBFT]checkAndChangeView: Reach consensus,org_view=19374,cur_changeCycle=1,curView=19374,view=19375
info|2021-11-29 18:00:08.050215|[g:1][CONSENSUS]addRawPrepare,height=1,reqIdx=3,hash=902f63eb...,time=0
info|2021-11-29 18:00:08.050623|[g:1][CONSENSUS][PBFT]checkTimeout Succ,view=19375,toView=19376,nodeIdx=0,changeCycle=1,myNode=21db0f92...,timecost=0.348
info|2021-11-29 18:00:08.052826|[g:1][CONSENSUS][PBFT]checkAndChangeView: Reach consensus,org_view=19375,cur_changeCycle=1,curView=19375,view=19376
info|2021-11-29 18:00:09.052728|[g:1][CONSENSUS][SEALER]++++++++++++++++ Generating seal on,blkNum=1,tx=0,nodeIdx=0,hash=bd378360...
info|2021-11-29 18:00:09.053500|[g:1][CONSENSUS][PBFT]checkTimeout Succ,view=19376,toView=19377,nodeIdx=0,changeCycle=1,myNode=21db0f92...,timecost=0.414
info|2021-11-29 18:00:09.056240|[g:1][CONSENSUS][PBFT]checkAndChangeView: Reach consensus,org_view=19376,cur_changeCycle=1,curView=19376,view=19377
info|2021-11-29 18:00:09.317217|[P2P][Service] heartBeat,connected count=3
info|2021-11-29 18:00:10.056398|[g:1][CONSENSUS]addRawPrepare,height=1,reqIdx=1,hash=82bd3238...,time=0
info|2021-11-29 18:00:10.056749|[g:1][CONSENSUS][PBFT]checkTimeout Succ,view=19377,toView=19378,nodeIdx=0,changeCycle=1,myNode=21db0f92...,timecost=0.3
info|2021-11-29 18:00:10.057743|[g:1][CONSENSUS][PBFT]checkAndChangeView: Reach consensus,org_view=19377,cur_changeCycle=1,curView=19377,view=19378
info|2021-11-29 18:00:11.058839|[g:1][CONSENSUS]addRawPrepare,height=1,reqIdx=2,hash=c5f32368...,time=0
info|2021-11-29 18:00:11.059247|[g:1][CONSENSUS][PBFT]checkTimeout Succ,view=19378,toView=19379,nodeIdx=0,changeCycle=1,myNode=21db0f92...,timecost=0.339
info|2021-11-29 18:00:11.060322|[g:1][CONSENSUS][PBFT]checkAndChangeView: Reach consensus,org_view=19378,cur_changeCycle=1,curView=19378,view=19379
info|2021-11-29 18:00:12.062310|[g:1][CONSENSUS]addRawPrepare,height=1,reqIdx=3,hash=da7267d0...,time=0
info|2021-11-29 18:00:12.062719|[g:1][CONSENSUS][PBFT]checkTimeout Succ,view=19379,toView=19380,nodeIdx=0,changeCycle=1,myNode=21db0f92...,timecost=0.351
info|2021-11-29 18:00:12.063947|[g:1][CONSENSUS][PBFT]checkAndChangeView: Reach consensus,org_view=19379,cur_changeCycle=1,curView=19379,view=19380
info|2021-11-29 18:00:13.063376|[g:1][CONSENSUS][SEALER]++++++++++++++++ Generating seal on,blkNum=1,tx=0,nodeIdx=0,hash=bbbf5e7c...
info|2021-11-29 18:00:13.064190|[g:1][CONSENSUS][PBFT]checkTimeout Succ,view=19380,toView=19381,nodeIdx=0,changeCycle=1,myNode=21db0f92...,timecost=0.414
info|2021-11-29 18:00:13.067365|[g:1][CONSENSUS][PBFT]checkAndChangeView: Reach consensus,org_view=19380,cur_changeCycle=1,curView=19380,view=19381
info|2021-11-29 18:00:14.068967|[g:1][CONSENSUS]addRawPrepare,height=1,reqIdx=1,hash=f7e01ced...,time=0
info|2021-11-29 18:00:14.069364|[g:1][CONSENSUS][PBFT]checkTimeout Succ,view=19381,toView=19382,nodeIdx=0,changeCycle=1,myNode=21db0f92...,timecost=0.334
info|2021-11-29 18:00:14.071222|[g:1][CONSENSUS][PBFT]checkAndChangeView: Reach consensus,org_view=19381,cur_changeCycle=1,curView=19381,view=19382
info|2021-11-29 18:00:15.073576|[g:1][CONSENSUS]addRawPrepare,height=1,reqIdx=2,hash=7adf1409...,time=0
info|2021-11-29 18:00:15.073972|[g:1][CONSENSUS][PBFT]checkTimeout Succ,view=19382,toView=19383,nodeIdx=0,changeCycle=1,myNode=21db0f92...,timecost=0.339
info|2021-11-29 18:00:15.075529|[g:1][CONSENSUS][PBFT]checkAndChangeView: Reach consensus,org_view=19382,cur_changeCycle=1,curView=19382,view=19383
info|2021-11-29 18:00:16.077842|[g:1][CONSENSUS]addRawPrepare,height=1,reqIdx=3,hash=695ad5e5...,time=0
info|2021-11-29 18:00:16.078261|[g:1][CONSENSUS][PBFT]checkTimeout Succ,view=19383,toView=19384,nodeIdx=0,changeCycle=1,myNode=21db0f92...,timecost=0.361
info|2021-11-29 18:00:16.079304|[g:1][CONSENSUS][PBFT]checkAndChangeView: Reach consensus,org_view=19383,cur_changeCycle=1,curView=19383,view=19384
info|2021-11-29 18:00:17.080265|[g:1][CONSENSUS][SEALER]++++++++++++++++ Generating seal on,blkNum=1,tx=0,nodeIdx=0,hash=b80bfcc9...
info|2021-11-29 18:00:17.081174|[g:1][CONSENSUS][PBFT]checkTimeout Succ,view=19384,toView=19385,nodeIdx=0,changeCycle=1,myNode=21db0f92...,timecost=0.484
info|2021-11-29 18:00:17.085068|[g:1][CONSENSUS][PBFT]checkAndChangeView: Reach consensus,org_view=19384,cur_changeCycle=1,curView=19384,view=19385
info|2021-11-29 18:00:18.086050|[g:1][CONSENSUS]addRawPrepare,height=1,reqIdx=1,hash=cb2a4431...,time=0
info|2021-11-29 18:00:18.086446|[g:1][CONSENSUS][PBFT]checkTimeout Succ,view=19385,toView=19386,nodeIdx=0,changeCycle=1,myNode=21db0f92...,timecost=0.34
info|2021-11-29 18:00:18.088067|[g:1][CONSENSUS][PBFT]checkAndChangeView: Reach consensus,org_view=19385,cur_changeCycle=1,curView=19385,view=19386
info|2021-11-29 18:00:19.088796|[g:1][CONSENSUS]addRawPrepare,height=1,reqIdx=2,hash=a95f31c5...,time=0
info|2021-11-29 18:00:19.089203|[g:1][CONSENSUS][PBFT]checkTimeout Succ,view=19386,toView=19387,nodeIdx=0,changeCycle=1,myNode=21db0f92...,timecost=0.341
info|2021-11-29 18:00:19.091190|[g:1][CONSENSUS][PBFT]checkAndChangeView: Reach consensus,org_view=19386,cur_changeCycle=1,curView=19386,view=19387
info|2021-11-29 18:00:19.317482|[P2P][Service] heartBeat,connected count=3
info|2021-11-29 18:00:20.092039|[g:1][CONSENSUS]addRawPrepare,height=1,reqIdx=3,hash=60fe1cc2...,time=0
info|2021-11-29 18:00:20.092404|[g:1][CONSENSUS][PBFT]checkTimeout Succ,view=19387,toView=19388,nodeIdx=0,changeCycle=1,myNode=21db0f92...,timecost=0.32
info|2021-11-29 18:00:20.093453|[g:1][CONSENSUS][PBFT]checkAndChangeView: Reach consensus,org_view=19387,cur_changeCycle=1,curView=19387,view=19388
info|2021-11-29 18:00:21.093316|[g:1][CONSENSUS][SEALER]++++++++++++++++ Generating seal on,blkNum=1,tx=0,nodeIdx=0,hash=0d270448...
info|2021-11-29 18:00:21.093927|[g:1][CONSENSUS][PBFT]checkTimeout Succ,view=19388,toView=19389,nodeIdx=0,changeCycle=1,myNode=21db0f92...,timecost=0.29
info|2021-11-29 18:00:21.096184|[g:1][CONSENSUS][PBFT]checkAndChangeView: Reach consensus,org_view=19388,cur_changeCycle=1,curView=19388,view=19389
info|2021-11-29 18:00:22.097180|[g:1][CONSENSUS]addRawPrepare,height=1,reqIdx=1,hash=f9a6bde5...,time=0
info|2021-11-29 18:00:22.097574|[g:1][CONSENSUS][PBFT]checkTimeout Succ,view=19389,toView=19390,nodeIdx=0,changeCycle=1,myNode=21db0f92...,timecost=0.343
info|2021-11-29 18:00:22.098962|[g:1][CONSENSUS][PBFT]checkAndChangeView: Reach consensus,org_view=19389,cur_changeCycle=1,curView=19389,view=19390
info|2021-11-29 18:00:23.101936|[g:1][CONSENSUS]addRawPrepare,height=1,reqIdx=2,hash=1c78659b...,time=0
info|2021-11-29 18:00:23.102357|[g:1][CONSENSUS][PBFT]checkTimeout Succ,view=19390,toView=19391,nodeIdx=0,changeCycle=1,myNode=21db0f92...,timecost=0.369
info|2021-11-29 18:00:23.106000|[g:1][CONSENSUS][PBFT]checkAndChangeView: Reach consensus,org_view=19390,cur_changeCycle=1,curView=19390,view=19391
info|2021-11-29 18:00:24.107841|[g:1][CONSENSUS]addRawPrepare,height=1,reqIdx=3,hash=58a32435...,time=0
info|2021-11-29 18:00:24.108211|[g:1][CONSENSUS][PBFT]checkTimeout Succ,view=19391,toView=19392,nodeIdx=0,changeCycle=1,myNode=21db0f92...,timecost=0.321
info|2021-11-29 18:00:24.109524|[g:1][CONSENSUS][PBFT]checkAndChangeView: Reach consensus,org_view=19391,cur_changeCycle=1,curView=19391,view=19392
info|2021-11-29 18:00:25.109971|[g:1][CONSENSUS][SEALER]++++++++++++++++ Generating seal on,blkNum=1,tx=0,nodeIdx=0,hash=9be89bc3...
info|2021-11-29 18:00:25.113089|[g:1][CONSENSUS][PBFT]checkTimeout Succ,view=19392,toView=19393,nodeIdx=0,changeCycle=1,myNode=21db0f92...,timecost=0.326
info|2021-11-29 18:00:25.113640|[g:1][CONSENSUS][PBFT]checkAndChangeView: Reach consensus,org_view=19392,cur_changeCycle=1,curView=19392,view=19393
info|2021-11-29 18:00:26.115110|[g:1][CONSENSUS]addRawPrepare,height=1,reqIdx=1,hash=0e02ddc7...,time=0
info|2021-11-29 18:00:26.115513|[g:1][CONSENSUS][PBFT]checkTimeout Succ,view=19393,toView=19394,nodeIdx=0,changeCycle=1,myNode=21db0f92...,timecost=0.347
info|2021-11-29 18:00:26.117146|[g:1][CONSENSUS][PBFT]checkAndChangeView: Reach consensus,org_view=19393,cur_changeCycle=1,curView=19393,view=19394
info|2021-11-29 18:00:27.117889|[g:1][CONSENSUS]addRawPrepare,height=1,reqIdx=2,hash=81c7e5ea...,time=0
info|2021-11-29 18:00:27.118278|[g:1][CONSENSUS][PBFT]checkTimeout Succ,view=19394,toView=19395,nodeIdx=0,changeCycle=1,myNode=21db0f92...,timecost=0.345
info|2021-11-29 18:00:27.119367|[g:1][CONSENSUS][PBFT]checkAndChangeView: Reach consensus,org_view=19394,cur_changeCycle=1,curView=19394,view=19395
info|2021-11-29 18:00:28.122556|[g:1][CONSENSUS]addRawPrepare,height=1,reqIdx=3,hash=131703e0...,time=0
info|2021-11-29 18:00:28.122939|[g:1][CONSENSUS][PBFT]checkTimeout Succ,view=19395,toView=19396,nodeIdx=0,changeCycle=1,myNode=21db0f92...,timecost=0.323
info|2021-11-29 18:00:28.123505|[g:1][CONSENSUS][PBFT]checkAndChangeView: Reach consensus,org_view=19395,cur_changeCycle=1,curView=19395,view=19396
info|2021-11-29 18:00:29.124152|[g:1][CONSENSUS][SEALER]++++++++++++++++ Generating seal on,blkNum=1,tx=0,nodeIdx=0,hash=4cade4ac...
info|2021-11-29 18:00:29.127438|[g:1][CONSENSUS][PBFT]checkTimeout Succ,view=19396,toView=19397,nodeIdx=0,changeCycle=1,myNode=21db0f92...,timecost=0.347
info|2021-11-29 18:00:29.127998|[g:1][CONSENSUS][PBFT]checkAndChangeView: Reach consensus,org_view=19396,cur_changeCycle=1,curView=19396,view=19397
info|2021-11-29 18:00:29.317640|[P2P][Service] heartBeat,connected count=3
info|2021-11-29 18:00:30.128619|[g:1][CONSENSUS]addRawPrepare,height=1,reqIdx=1,hash=94a29573...,time=0
info|2021-11-29 18:00:30.129027|[g:1][CONSENSUS][PBFT]checkTimeout Succ,view=19397,toView=19398,nodeIdx=0,changeCycle=1,myNode=21db0f92...,timecost=0.359
info|2021-11-29 18:00:30.129829|[g:1][CONSENSUS][PBFT]checkAndChangeView: Reach consensus,org_view=19397,cur_changeCycle=1,curView=19397,view=19398
info|2021-11-29 18:00:31.130880|[g:1][CONSENSUS]addRawPrepare,height=1,reqIdx=2,hash=2182c631...,time=0
info|2021-11-29 18:00:31.131262|[g:1][CONSENSUS][PBFT]checkTimeout Succ,view=19398,toView=19399,nodeIdx=0,changeCycle=1,myNode=21db0f92...,timecost=0.333
info|2021-11-29 18:00:31.132179|[g:1][CONSENSUS][PBFT]checkAndChangeView: Reach consensus,org_view=19398,cur_changeCycle=1,curView=19398,view=19399
info|2021-11-29 18:00:32.134404|[g:1][CONSENSUS]addRawPrepare,height=1,reqIdx=3,hash=26f3c9d7...,time=0
info|2021-11-29 18:00:32.134822|[g:1][CONSENSUS][PBFT]checkTimeout Succ,view=19399,toView=19400,nodeIdx=0,changeCycle=1,myNode=21db0f92...,timecost=0.347
info|2021-11-29 18:00:32.136779|[g:1][CONSENSUS][PBFT]checkAndChangeView: Reach consensus,org_view=19399,cur_changeCycle=1,curView=19399,view=19400
info|2021-11-29 18:00:33.136796|[g:1][CONSENSUS][SEALER]++++++++++++++++ Generating seal on,blkNum=1,tx=0,nodeIdx=0,hash=e0e1b5c9...
info|2021-11-29 18:00:33.139765|[g:1][CONSENSUS][PBFT]checkTimeout Succ,view=19400,toView=19401,nodeIdx=0,changeCycle=1,myNode=21db0f92...,timecost=0.388
info|2021-11-29 18:00:33.140499|[g:1][CONSENSUS][PBFT]checkAndChangeView: Reach consensus,org_view=19400,cur_changeCycle=1,curView=19400,view=19401
info|2021-11-29 18:00:34.140499|[g:1][CONSENSUS]addRawPrepare,height=1,reqIdx=1,hash=b39662b6...,time=0
info|2021-11-29 18:00:34.140831|[g:1][CONSENSUS][PBFT]checkTimeout Succ,view=19401,toView=19402,nodeIdx=0,changeCycle=1,myNode=21db0f92...,timecost=0.282
info|2021-11-29 18:00:34.141922|[g:1][CONSENSUS][PBFT]checkAndChangeView: Reach consensus,org_view=19401,cur_changeCycle=1,curView=19401,view=19402
info|2021-11-29 18:00:35.143765|[g:1][CONSENSUS]addRawPrepare,height=1,reqIdx=2,hash=c82845b2...,time=0
info|2021-11-29 18:00:35.144184|[g:1][CONSENSUS][PBFT]checkTimeout Succ,view=19402,toView=19403,nodeIdx=0,changeCycle=1,myNode=21db0f92...,timecost=0.348
info|2021-11-29 18:00:35.145845|[g:1][CONSENSUS][PBFT]checkAndChangeView: Reach consensus,org_view=19402,cur_changeCycle=1,curView=19402,view=19403
info|2021-11-29 18:00:36.150611|[g:1][CONSENSUS]addRawPrepare,height=1,reqIdx=3,hash=4813347b...,time=0
info|2021-11-29 18:00:36.155242|[g:1][CONSENSUS][PBFT]checkTimeout Succ,view=19403,toView=19404,nodeIdx=0,changeCycle=1,myNode=21db0f92...,timecost=4.588
info|2021-11-29 18:00:36.155914|[g:1][CONSENSUS][PBFT]checkAndChangeView: Reach consensus,org_view=19403,cur_changeCycle=1,curView=19403,view=19404
info|2021-11-29 18:00:37.155918|[g:1][CONSENSUS][SEALER]++++++++++++++++ Generating seal on,blkNum=1,tx=0,nodeIdx=0,hash=9d718ea3...
info|2021-11-29 18:00:37.159117|[g:1][CONSENSUS][PBFT]checkTimeout Succ,view=19404,toView=19405,nodeIdx=0,changeCycle=1,myNode=21db0f92...,timecost=0.336
info|2021-11-29 18:00:37.159703|[g:1][CONSENSUS][PBFT]checkAndChangeView: Reach consensus,org_view=19404,cur_changeCycle=1,curView=19404,view=19405
info|2021-11-29 18:00:38.160760|[g:1][CONSENSUS]addRawPrepare,height=1,reqIdx=1,hash=2120824a...,time=0
info|2021-11-29 18:00:38.161166|[g:1][CONSENSUS][PBFT]checkTimeout Succ,view=19405,toView=19406,nodeIdx=0,changeCycle=1,myNode=21db0f92...,timecost=0.339
info|2021-11-29 18:00:38.162238|[g:1][CONSENSUS][PBFT]checkAndChangeView: Reach consensus,org_view=19405,cur_changeCycle=1,curView=19405,view=19406
info|2021-11-29 18:00:39.164925|[g:1][CONSENSUS]addRawPrepare,height=1,reqIdx=2,hash=cf6ac5f7...,time=0
info|2021-11-29 18:00:39.165388|[g:1][CONSENSUS][PBFT]checkTimeout Succ,view=19406,toView=19407,nodeIdx=0,changeCycle=1,myNode=21db0f92...,timecost=0.417
info|2021-11-29 18:00:39.166638|[g:1][CONSENSUS][PBFT]checkAndChangeView: Reach consensus,org_view=19406,cur_changeCycle=1,curView=19406,view=19407
info|2021-11-29 18:00:39.317821|[P2P][Service] heartBeat,connected count=3
info|2021-11-29 18:00:40.168457|[g:1][CONSENSUS]addRawPrepare,height=1,reqIdx=3,hash=f309080a...,time=0
info|2021-11-29 18:00:40.168872|[g:1][CONSENSUS][PBFT]checkTimeout Succ,view=19407,toView=19408,nodeIdx=0,changeCycle=1,myNode=21db0f92...,timecost=0.346
info|2021-11-29 18:00:40.170269|[g:1][CONSENSUS][PBFT]checkAndChangeView: Reach consensus,org_view=19407,cur_changeCycle=1,curView=19407,view=19408
info|2021-11-29 18:00:41.170632|[g:1][CONSENSUS][SEALER]++++++++++++++++ Generating seal on,blkNum=1,tx=0,nodeIdx=0,hash=c3a0729a...
info|2021-11-29 18:00:41.172855|[g:1][CONSENSUS][PBFT]checkTimeout Succ,view=19408,toView=19409,nodeIdx=0,changeCycle=1,myNode=21db0f92...,timecost=1.684
info|2021-11-29 18:00:41.176174|[g:1][CONSENSUS][PBFT]checkAndChangeView: Reach consensus,org_view=19408,cur_changeCycle=1,curView=19408,view=19409
info|2021-11-29 18:00:42.182269|[g:1][CONSENSUS]addRawPrepare,height=1,reqIdx=1,hash=700e6c47...,time=0
info|2021-11-29 18:00:42.185277|[g:1][CONSENSUS][PBFT]checkTimeout Succ,view=19409,toView=19410,nodeIdx=0,changeCycle=1,myNode=21db0f92...,timecost=2.952
info|2021-11-29 18:00:42.186283|[g:1][CONSENSUS][PBFT]checkAndChangeView: Reach consensus,org_view=19409,cur_changeCycle=1,curView=19409,view=19410
info|2021-11-29 18:00:43.186349|[g:1][CONSENSUS]addRawPrepare,height=1,reqIdx=2,hash=419de153...,time=0
info|2021-11-29 18:00:43.186738|[g:1][CONSENSUS][PBFT]checkTimeout Succ,view=19410,toView=19411,nodeIdx=0,changeCycle=1,myNode=21db0f92...,timecost=0.326
info|2021-11-29 18:00:43.188014|[g:1][CONSENSUS][PBFT]checkAndChangeView: Reach consensus,org_view=19410,cur_changeCycle=1,curView=19410,view=19411
info|2021-11-29 18:00:44.189430|[g:1][CONSENSUS]addRawPrepare,height=1,reqIdx=3,hash=e43d2a86...,time=0
info|2021-11-29 18:00:44.189810|[g:1][CONSENSUS][PBFT]checkTimeout Succ,view=19411,toView=19412,nodeIdx=0,changeCycle=1,myNode=21db0f92...,timecost=0.325
info|2021-11-29 18:00:44.191270|[g:1][CONSENSUS][PBFT]checkAndChangeView: Reach consensus,org_view=19411,cur_changeCycle=1,curView=19411,view=19412
info|2021-11-29 18:00:45.191767|[g:1][CONSENSUS][SEALER]++++++++++++++++ Generating seal on,blkNum=1,tx=0,nodeIdx=0,hash=ae9d3aff...
info|2021-11-29 18:00:45.195563|[g:1][CONSENSUS][PBFT]checkTimeout Succ,view=19412,toView=19413,nodeIdx=0,changeCycle=1,myNode=21db0f92...,timecost=0.327
info|2021-11-29 18:00:45.196280|[g:1][CONSENSUS][PBFT]checkAndChangeView: Reach consensus,org_view=19412,cur_changeCycle=1,curView=19412,view=19413
info|2021-11-29 18:00:46.196835|[g:1][CONSENSUS]addRawPrepare,height=1,reqIdx=1,hash=8c1fe41d...,time=0
info|2021-11-29 18:00:46.197284|[g:1][CONSENSUS][PBFT]checkTimeout Succ,view=19413,toView=19414,nodeIdx=0,changeCycle=1,myNode=21db0f92...,timecost=0.385
info|2021-11-29 18:00:46.199453|[g:1][CONSENSUS][PBFT]checkAndChangeView: Reach consensus,org_view=19413,cur_changeCycle=1,curView=19413,view=19414
info|2021-11-29 18:00:47.202479|[g:1][CONSENSUS]addRawPrepare,height=1,reqIdx=2,hash=522314de...,time=0
info|2021-11-29 18:00:47.202849|[g:1][CONSENSUS][PBFT]checkTimeout Succ,view=19414,toView=19415,nodeIdx=0,changeCycle=1,myNode=21db0f92...,timecost=0.321
info|2021-11-29 18:00:47.203435|[g:1][CONSENSUS][PBFT]checkAndChangeView: Reach consensus,org_view=19414,cur_changeCycle=1,curView=19414,view=19415
info|2021-11-29 18:00:48.207083|[g:1][CONSENSUS]addRawPrepare,height=1,reqIdx=3,hash=a9bcd8b3...,time=0
info|2021-11-29 18:00:48.207452|[g:1][CONSENSUS][PBFT]checkTimeout Succ,view=19415,toView=19416,nodeIdx=0,changeCycle=1,myNode=21db0f92...,timecost=0.321
info|2021-11-29 18:00:48.209201|[g:1][CONSENSUS][PBFT]checkAndChangeView: Reach consensus,org_view=19415,cur_changeCycle=1,curView=19415,view=19416
info|2021-11-29 18:00:49.209592|[g:1][CONSENSUS][SEALER]++++++++++++++++ Generating seal on,blkNum=1,tx=0,nodeIdx=0,hash=6d043067...
info|2021-11-29 18:00:49.213445|[g:1][CONSENSUS][PBFT]checkTimeout Succ,view=19416,toView=19417,nodeIdx=0,changeCycle=1,myNode=21db0f92...,timecost=0.346
info|2021-11-29 18:00:49.214551|[g:1][CONSENSUS][PBFT]checkAndChangeView: Reach consensus,org_view=19416,cur_changeCycle=1,curView=19416,view=19417
info|2021-11-29 18:00:49.318108|[P2P][Service] heartBeat,connected count=3
info|2021-11-29 18:00:50.215748|[g:1][CONSENSUS]addRawPrepare,height=1,reqIdx=1,hash=d56e768d...,time=0
info|2021-11-29 18:00:50.216151|[g:1][CONSENSUS][PBFT]checkTimeout Succ,view=19417,toView=19418,nodeIdx=0,changeCycle=1,myNode=21db0f92...,timecost=0.335
info|2021-11-29 18:00:50.217920|[g:1][CONSENSUS][PBFT]checkAndChangeView: Reach consensus,org_view=19417,cur_changeCycle=1,curView=19417,view=19418
info|2021-11-29 18:00:51.219818|[g:1][CONSENSUS]addRawPrepare,height=1,reqIdx=2,hash=0d98fde4...,time=0
info|2021-11-29 18:00:51.220229|[g:1][CONSENSUS][PBFT]checkTimeout Succ,view=19418,toView=19419,nodeIdx=0,changeCycle=1,myNode=21db0f92...,timecost=0.338
info|2021-11-29 18:00:51.221825|[g:1][CONSENSUS][PBFT]checkAndChangeView: Reach consensus,org_view=19418,cur_changeCycle=1,curView=19418,view=19419
info|2021-11-29 18:00:52.223049|[g:1][CONSENSUS]addRawPrepare,height=1,reqIdx=3,hash=899f42ee...,time=0
info|2021-11-29 18:00:52.227168|[g:1][CONSENSUS][PBFT]checkTimeout Succ,view=19419,toView=19420,nodeIdx=0,changeCycle=1,myNode=21db0f92...,timecost=4.055
info|2021-11-29 18:00:52.228218|[g:1][CONSENSUS][PBFT]checkAndChangeView: Reach consensus,org_view=19419,cur_changeCycle=1,curView=19419,view=19420
info|2021-11-29 18:00:53.228564|[g:1][CONSENSUS][SEALER]++++++++++++++++ Generating seal on,blkNum=1,tx=0,nodeIdx=0,hash=8c037477...
info|2021-11-29 18:00:53.229116|[g:1][CONSENSUS][PBFT]checkTimeout Succ,view=19420,toView=19421,nodeIdx=0,changeCycle=1,myNode=21db0f92...,timecost=0.278
info|2021-11-29 18:00:53.231856|[g:1][CONSENSUS][PBFT]checkAndChangeView: Reach consensus,org_view=19420,cur_changeCycle=1,curView=19420,view=19421
info|2021-11-29 18:00:54.233943|[g:1][CONSENSUS]addRawPrepare,height=1,reqIdx=1,hash=c926260d...,time=0
info|2021-11-29 18:00:54.234340|[g:1][CONSENSUS][PBFT]checkTimeout Succ,view=19421,toView=19422,nodeIdx=0,changeCycle=1,myNode=21db0f92...,timecost=0.338
info|2021-11-29 18:00:54.236480|[g:1][CONSENSUS][PBFT]checkAndChangeView: Reach consensus,org_view=19421,cur_changeCycle=1,curView=19421,view=19422
info|2021-11-29 18:00:55.238207|[g:1][CONSENSUS]addRawPrepare,height=1,reqIdx=2,hash=ea0ba6a9...,time=0
info|2021-11-29 18:00:55.238591|[g:1][CONSENSUS][PBFT]checkTimeout Succ,view=19422,toView=19423,nodeIdx=0,changeCycle=1,myNode=21db0f92...,timecost=0.327
info|2021-11-29 18:00:55.240218|[g:1][CONSENSUS][PBFT]checkAndChangeView: Reach consensus,org_view=19422,cur_changeCycle=1,curView=19422,view=19423
info|2021-11-29 18:00:56.242596|[g:1][CONSENSUS]addRawPrepare,height=1,reqIdx=3,hash=ef1b6e47...,time=0
info|2021-11-29 18:00:56.242988|[g:1][CONSENSUS][PBFT]checkTimeout Succ,view=19423,toView=19424,nodeIdx=0,changeCycle=1,myNode=21db0f92...,timecost=0.337
info|2021-11-29 18:00:56.245019|[g:1][CONSENSUS][PBFT]checkAndChangeView: Reach consensus,org_view=19423,cur_changeCycle=1,curView=19423,view=19424
info|2021-11-29 18:00:57.244539|[g:1][CONSENSUS][SEALER]++++++++++++++++ Generating seal on,blkNum=1,tx=0,nodeIdx=0,hash=2e71a7f9...
info|2021-11-29 18:00:57.246809|[g:1][CONSENSUS][PBFT]checkTimeout Succ,view=19424,toView=19425,nodeIdx=0,changeCycle=1,myNode=21db0f92...,timecost=0.341
info|2021-11-29 18:00:57.247802|[g:1][CONSENSUS][PBFT]checkAndChangeView: Reach consensus,org_view=19424,cur_changeCycle=1,curView=19424,view=19425
info|2021-11-29 18:00:58.250229|[g:1][CONSENSUS]addRawPrepare,height=1,reqIdx=1,hash=b6b2ddbb...,time=0
info|2021-11-29 18:00:58.250631|[g:1][CONSENSUS][PBFT]checkTimeout Succ,view=19425,toView=19426,nodeIdx=0,changeCycle=1,myNode=21db0f92...,timecost=0.348
info|2021-11-29 18:00:58.252077|[g:1][CONSENSUS][PBFT]checkAndChangeView: Reach consensus,org_view=19425,cur_changeCycle=1,curView=19425,view=19426
info|2021-11-29 18:00:59.256015|[g:1][CONSENSUS]addRawPrepare,height=1,reqIdx=2,hash=6dbff372...,time=0
info|2021-11-29 18:00:59.256370|[g:1][CONSENSUS][PBFT]checkTimeout Succ,view=19426,toView=19427,nodeIdx=0,changeCycle=1,myNode=21db0f92...,timecost=0.3
info|2021-11-29 18:00:59.258031|[g:1][CONSENSUS][PBFT]checkAndChangeView: Reach consensus,org_view=19426,cur_changeCycle=1,curView=19426,view=19427
info|2021-11-29 18:00:59.318556|[P2P][Service] heartBeat,connected count=3
info|2021-11-29 18:01:00.261883|[g:1][CONSENSUS]addRawPrepare,height=1,reqIdx=3,hash=0e9e6a60...,time=0
info|2021-11-29 18:01:00.262295|[g:1][CONSENSUS][PBFT]checkTimeout Succ,view=19427,toView=19428,nodeIdx=0,changeCycle=1,myNode=21db0f92...,timecost=0.351
info|2021-11-29 18:01:00.264779|[g:1][CONSENSUS][PBFT]checkAndChangeView: Reach consensus,org_view=19427,cur_changeCycle=1,curView=19427,view=19428
