[DEBUG] [2021-11-29 10:32:26] CryptoMaterialConfig.<init>(137) | Load cryptoMaterial, caCertPath: conf/ca.crt, sdkCertPath: conf/sdk.crt, sdkPrivateKeyPath:conf/sdk.key, enSSLCertPath: null, enSSLPrivateKeyPath:null
[DEBUG] [2021-11-29 10:32:26] InternalLoggerFactory.newDefaultFactory(45) | Using SLF4J as the default logging framework
[DEBUG] [2021-11-29 10:32:26] NetUtil.<clinit>(139) | -Djava.net.preferIPv4Stack: false
[DEBUG] [2021-11-29 10:32:26] NetUtil.<clinit>(140) | -Djava.net.preferIPv6Addresses: false
[DEBUG] [2021-11-29 10:32:26] NetUtil.<clinit>(224) | Loopback interface: lo (lo, 0:0:0:0:0:0:0:1%lo)
[DEBUG] [2021-11-29 10:32:26] PlatformDependent0.explicitNoUnsafeCause0(417) | -Dio.netty.noUnsafe: false
[DEBUG] [2021-11-29 10:32:26] PlatformDependent0.javaVersion0(889) | Java version: 11
[DEBUG] [2021-11-29 10:32:26] PlatformDependent0.<clinit>(130) | sun.misc.Unsafe.theUnsafe: available
[DEBUG] [2021-11-29 10:32:26] PlatformDependent0.<clinit>(154) | sun.misc.Unsafe.copyMemory: available
[DEBUG] [2021-11-29 10:32:26] PlatformDependent0.<clinit>(192) | java.nio.Buffer.address: available
[DEBUG] [2021-11-29 10:32:26] PlatformDependent0.<clinit>(266) | direct buffer constructor: unavailable
java.lang.UnsupportedOperationException: Reflective setAccessible(true) disabled
	at io.netty.util.internal.ReflectionUtil.trySetAccessible(ReflectionUtil.java:31)
	at io.netty.util.internal.PlatformDependent0$4.run(PlatformDependent0.java:238)
	at java.base/java.security.AccessController.doPrivileged(Native Method)
	at io.netty.util.internal.PlatformDependent0.<clinit>(PlatformDependent0.java:232)
	at io.netty.util.internal.PlatformDependent.isAndroid(PlatformDependent.java:293)
	at io.netty.util.internal.PlatformDependent.<clinit>(PlatformDependent.java:92)
	at io.netty.util.NetUtil$1.run(NetUtil.java:260)
	at io.netty.util.NetUtil$1.run(NetUtil.java:253)
	at java.base/java.security.AccessController.doPrivileged(Native Method)
	at io.netty.util.NetUtil.<clinit>(NetUtil.java:253)
	at org.fisco.bcos.sdk.config.model.NetworkConfig.checkPeers(NetworkConfig.java:51)
	at org.fisco.bcos.sdk.config.model.NetworkConfig.<init>(NetworkConfig.java:33)
	at org.fisco.bcos.sdk.config.ConfigOption.<init>(ConfigOption.java:54)
	at org.fisco.bcos.sdk.config.Config.load(Config.java:45)
	at org.fisco.bcos.sdk.config.Config.load(Config.java:32)
	at org.fisco.bcos.sdk.BcosSDK.build(BcosSDK.java:57)
	at console.ConsoleInitializer.init(ConsoleInitializer.java:57)
	at console.Console.main(Console.java:46)
[DEBUG] [2021-11-29 10:32:26] PlatformDependent0.<clinit>(331) | java.nio.Bits.unaligned: available, true
[DEBUG] [2021-11-29 10:32:26] PlatformDependent0.<clinit>(390) | jdk.internal.misc.Unsafe.allocateUninitializedArray(int): unavailable
java.lang.IllegalAccessException: class io.netty.util.internal.PlatformDependent0$6 cannot access class jdk.internal.misc.Unsafe (in module java.base) because module java.base does not export jdk.internal.misc to unnamed module @3043fe0e
	at java.base/jdk.internal.reflect.Reflection.newIllegalAccessException(Reflection.java:361)
	at java.base/java.lang.reflect.AccessibleObject.checkAccess(AccessibleObject.java:591)
	at java.base/java.lang.reflect.Method.invoke(Method.java:558)
	at io.netty.util.internal.PlatformDependent0$6.run(PlatformDependent0.java:352)
	at java.base/java.security.AccessController.doPrivileged(Native Method)
	at io.netty.util.internal.PlatformDependent0.<clinit>(PlatformDependent0.java:343)
	at io.netty.util.internal.PlatformDependent.isAndroid(PlatformDependent.java:293)
	at io.netty.util.internal.PlatformDependent.<clinit>(PlatformDependent.java:92)
	at io.netty.util.NetUtil$1.run(NetUtil.java:260)
	at io.netty.util.NetUtil$1.run(NetUtil.java:253)
	at java.base/java.security.AccessController.doPrivileged(Native Method)
	at io.netty.util.NetUtil.<clinit>(NetUtil.java:253)
	at org.fisco.bcos.sdk.config.model.NetworkConfig.checkPeers(NetworkConfig.java:51)
	at org.fisco.bcos.sdk.config.model.NetworkConfig.<init>(NetworkConfig.java:33)
	at org.fisco.bcos.sdk.config.ConfigOption.<init>(ConfigOption.java:54)
	at org.fisco.bcos.sdk.config.Config.load(Config.java:45)
	at org.fisco.bcos.sdk.config.Config.load(Config.java:32)
	at org.fisco.bcos.sdk.BcosSDK.build(BcosSDK.java:57)
	at console.ConsoleInitializer.init(ConsoleInitializer.java:57)
	at console.Console.main(Console.java:46)
[DEBUG] [2021-11-29 10:32:26] PlatformDependent0.<clinit>(403) | java.nio.DirectByteBuffer.<init>(long, int): unavailable
[DEBUG] [2021-11-29 10:32:26] PlatformDependent.unsafeUnavailabilityCause0(1071) | sun.misc.Unsafe: available
[DEBUG] [2021-11-29 10:32:26] PlatformDependent.maxDirectMemory0(1173) | maxDirectMemory: 1801453568 bytes (maybe)
[DEBUG] [2021-11-29 10:32:26] PlatformDependent.tmpdir0(1192) | -Dio.netty.tmpdir: /tmp (java.io.tmpdir)
[DEBUG] [2021-11-29 10:32:26] PlatformDependent.bitMode0(1271) | -Dio.netty.bitMode: 64 (sun.arch.data.model)
[DEBUG] [2021-11-29 10:32:26] PlatformDependent.<clinit>(177) | -Dio.netty.maxDirectMemory: -1 bytes
[DEBUG] [2021-11-29 10:32:26] PlatformDependent.<clinit>(184) | -Dio.netty.uninitializedArrayAllocationThreshold: -1
[DEBUG] [2021-11-29 10:32:26] CleanerJava9.<clinit>(71) | java.nio.ByteBuffer.cleaner(): available
[DEBUG] [2021-11-29 10:32:26] PlatformDependent.<clinit>(204) | -Dio.netty.noPreferDirect: false
[DEBUG] [2021-11-29 10:32:26] NetUtil$1.run(271) | /proc/sys/net/core/somaxconn: 4096
[DEBUG] [2021-11-29 10:32:26] ThreadPoolConfig.<init>(54) | Init ThreadPoolConfig, channelProcessorThreadSize: 16, receiptProcessorThreadSize: 16, maxBlockingQueueSize: 102400
[INFO] [2021-11-29 10:32:26] BcosSDK.build(58) | create BcosSDK, configPath: /home/huanghy/workspace/Course/BCOS/fisco/console/conf/config.toml
[DEBUG] [2021-11-29 10:32:26] ResourceLeakDetector.<clinit>(130) | -Dio.netty.leakDetection.level: simple
[DEBUG] [2021-11-29 10:32:26] ResourceLeakDetector.<clinit>(131) | -Dio.netty.leakDetection.targetRecords: 4
[DEBUG] [2021-11-29 10:32:26] ResourceLeakDetectorFactory$DefaultResourceLeakDetectorFactory.newResourceLeakDetector(196) | Loaded default ResourceLeakDetector: io.netty.util.ResourceLeakDetector@43a0cee9
[DEBUG] [2021-11-29 10:32:26] PlatformDependent$Mpsc.<clinit>(932) | org.jctools-core.MpscChunkedArrayQueue: available
[DEBUG] [2021-11-29 10:32:26] InternalThreadLocalMap.<clinit>(56) | -Dio.netty.threadLocalMap.stringBuilder.initialSize: 1024
[DEBUG] [2021-11-29 10:32:26] InternalThreadLocalMap.<clinit>(59) | -Dio.netty.threadLocalMap.stringBuilder.maxSize: 4096
[INFO] [2021-11-29 10:32:26] ConnectionManager.<init>(84) |  all connections, size: 2, list: [ConnectionInfo{host='127.0.0.1', port=20200}, ConnectionInfo{host='127.0.0.1', port=20201}]
[DEBUG] [2021-11-29 10:32:26] NetworkImp.start(170) | start connManager with ECDSA sslContext
[DEBUG] [2021-11-29 10:32:26] ConnectionManager.startConnect(95) |  start connect. 
[DEBUG] [2021-11-29 10:32:26] MultithreadEventLoopGroup.<clinit>(44) | -Dio.netty.eventLoopThreads: 32
[DEBUG] [2021-11-29 10:32:26] NioEventLoop.<clinit>(106) | -Dio.netty.noKeySetOptimization: false
[DEBUG] [2021-11-29 10:32:26] NioEventLoop.<clinit>(107) | -Dio.netty.selectorAutoRebuildThreshold: 512
[INFO] [2021-11-29 10:32:26] ConnectionManager.initSslContext(232) |  build ECDSA ssl context with configured certificates 
[DEBUG] [2021-11-29 10:32:26] AbstractByteBuf.<clinit>(63) | -Dio.netty.buffer.checkAccessible: true
[DEBUG] [2021-11-29 10:32:26] AbstractByteBuf.<clinit>(64) | -Dio.netty.buffer.checkBounds: true
[DEBUG] [2021-11-29 10:32:26] ResourceLeakDetectorFactory$DefaultResourceLeakDetectorFactory.newResourceLeakDetector(196) | Loaded default ResourceLeakDetector: io.netty.util.ResourceLeakDetector@35aea049
[DEBUG] [2021-11-29 10:32:26] PooledByteBufAllocator.<clinit>(154) | -Dio.netty.allocator.numHeapArenas: 17
[DEBUG] [2021-11-29 10:32:26] PooledByteBufAllocator.<clinit>(155) | -Dio.netty.allocator.numDirectArenas: 17
[DEBUG] [2021-11-29 10:32:26] PooledByteBufAllocator.<clinit>(157) | -Dio.netty.allocator.pageSize: 8192
[DEBUG] [2021-11-29 10:32:26] PooledByteBufAllocator.<clinit>(162) | -Dio.netty.allocator.maxOrder: 11
[DEBUG] [2021-11-29 10:32:26] PooledByteBufAllocator.<clinit>(166) | -Dio.netty.allocator.chunkSize: 16777216
[DEBUG] [2021-11-29 10:32:26] PooledByteBufAllocator.<clinit>(167) | -Dio.netty.allocator.smallCacheSize: 256
[DEBUG] [2021-11-29 10:32:26] PooledByteBufAllocator.<clinit>(168) | -Dio.netty.allocator.normalCacheSize: 64
[DEBUG] [2021-11-29 10:32:26] PooledByteBufAllocator.<clinit>(169) | -Dio.netty.allocator.maxCachedBufferCapacity: 32768
[DEBUG] [2021-11-29 10:32:26] PooledByteBufAllocator.<clinit>(170) | -Dio.netty.allocator.cacheTrimInterval: 8192
[DEBUG] [2021-11-29 10:32:26] PooledByteBufAllocator.<clinit>(171) | -Dio.netty.allocator.cacheTrimIntervalMillis: 0
[DEBUG] [2021-11-29 10:32:26] PooledByteBufAllocator.<clinit>(172) | -Dio.netty.allocator.useCacheForAllThreads: true
[DEBUG] [2021-11-29 10:32:26] PooledByteBufAllocator.<clinit>(173) | -Dio.netty.allocator.maxCachedByteBuffersPerChunk: 1023
[DEBUG] [2021-11-29 10:32:26] ByteBufUtil.<clinit>(87) | -Dio.netty.allocator.type: pooled
[DEBUG] [2021-11-29 10:32:26] ByteBufUtil.<clinit>(96) | -Dio.netty.threadLocalDirectBufferSize: 0
[DEBUG] [2021-11-29 10:32:26] ByteBufUtil.<clinit>(99) | -Dio.netty.maxThreadLocalCharBufferSize: 16384
[DEBUG] [2021-11-29 10:32:26] ResourceLeakDetectorFactory$DefaultResourceLeakDetectorFactory.newResourceLeakDetector(196) | Loaded default ResourceLeakDetector: io.netty.util.ResourceLeakDetector@18271936
[DEBUG] [2021-11-29 10:32:26] NativeLibraryLoader.<clinit>(73) | -Dio.netty.native.workdir: /tmp (io.netty.tmpdir)
[DEBUG] [2021-11-29 10:32:26] NativeLibraryLoader.<clinit>(78) | -Dio.netty.native.deleteLibAfterLoading: true
[DEBUG] [2021-11-29 10:32:26] NativeLibraryLoader.<clinit>(82) | -Dio.netty.native.tryPatchShadedId: true
[DEBUG] [2021-11-29 10:32:26] NativeLibraryLoader.loadLibrary(346) | Unable to load the library 'netty_tcnative_linux_x86_64', trying other loading mechanism.
java.lang.UnsatisfiedLinkError: no netty_tcnative_linux_x86_64 in java.library.path: [/usr/java/packages/lib, /usr/lib/x86_64-linux-gnu/jni, /lib/x86_64-linux-gnu, /usr/lib/x86_64-linux-gnu, /usr/lib/jni, /lib, /usr/lib]
	at java.base/java.lang.ClassLoader.loadLibrary(ClassLoader.java:2670)
	at java.base/java.lang.Runtime.loadLibrary0(Runtime.java:830)
	at java.base/java.lang.System.loadLibrary(System.java:1873)
	at io.netty.util.internal.NativeLibraryUtil.loadLibrary(NativeLibraryUtil.java:38)
	at java.base/jdk.internal.reflect.NativeMethodAccessorImpl.invoke0(Native Method)
	at java.base/jdk.internal.reflect.NativeMethodAccessorImpl.invoke(NativeMethodAccessorImpl.java:62)
	at java.base/jdk.internal.reflect.DelegatingMethodAccessorImpl.invoke(DelegatingMethodAccessorImpl.java:43)
	at java.base/java.lang.reflect.Method.invoke(Method.java:566)
	at io.netty.util.internal.NativeLibraryLoader$1.run(NativeLibraryLoader.java:371)
	at java.base/java.security.AccessController.doPrivileged(Native Method)
	at io.netty.util.internal.NativeLibraryLoader.loadLibraryByHelper(NativeLibraryLoader.java:363)
	at io.netty.util.internal.NativeLibraryLoader.loadLibrary(NativeLibraryLoader.java:341)
	at io.netty.util.internal.NativeLibraryLoader.load(NativeLibraryLoader.java:136)
	at io.netty.util.internal.NativeLibraryLoader.loadFirstAvailable(NativeLibraryLoader.java:96)
	at io.netty.handler.ssl.OpenSsl.loadTcNative(OpenSsl.java:590)
	at io.netty.handler.ssl.OpenSsl.<clinit>(OpenSsl.java:136)
	at io.netty.handler.ssl.ReferenceCountedOpenSslContext.<init>(ReferenceCountedOpenSslContext.java:196)
	at io.netty.handler.ssl.ReferenceCountedOpenSslContext.<init>(ReferenceCountedOpenSslContext.java:185)
	at io.netty.handler.ssl.OpenSslContext.<init>(OpenSslContext.java:34)
	at io.netty.handler.ssl.OpenSslClientContext.<init>(OpenSslClientContext.java:189)
	at io.netty.handler.ssl.SslContext.newClientContextInternal(SslContext.java:827)
	at io.netty.handler.ssl.SslContextBuilder.build(SslContextBuilder.java:576)
	at org.fisco.bcos.sdk.network.ConnectionManager.initSslContext(ConnectionManager.java:243)
	at org.fisco.bcos.sdk.network.ConnectionManager.initNetty(ConnectionManager.java:321)
	at org.fisco.bcos.sdk.network.ConnectionManager.startConnect(ConnectionManager.java:98)
	at org.fisco.bcos.sdk.network.NetworkImp.start(NetworkImp.java:171)
	at org.fisco.bcos.sdk.channel.ChannelImp.start(ChannelImp.java:89)
	at org.fisco.bcos.sdk.BcosSDK.<init>(BcosSDK.java:75)
	at org.fisco.bcos.sdk.BcosSDK.build(BcosSDK.java:59)
	at console.ConsoleInitializer.init(ConsoleInitializer.java:57)
	at console.Console.main(Console.java:46)
[DEBUG] [2021-11-29 10:32:26] NativeLibraryLoader.load(141) | netty_tcnative_linux_x86_64 cannot be loaded from java.library.path, now trying export to -Dio.netty.native.workdir: /tmp
java.lang.UnsatisfiedLinkError: no netty_tcnative_linux_x86_64 in java.library.path: [/usr/java/packages/lib, /usr/lib/x86_64-linux-gnu/jni, /lib/x86_64-linux-gnu, /usr/lib/x86_64-linux-gnu, /usr/lib/jni, /lib, /usr/lib]
	at java.base/java.lang.ClassLoader.loadLibrary(ClassLoader.java:2670)
	at java.base/java.lang.Runtime.loadLibrary0(Runtime.java:830)
	at java.base/java.lang.System.loadLibrary(System.java:1873)
	at io.netty.util.internal.NativeLibraryUtil.loadLibrary(NativeLibraryUtil.java:38)
	at io.netty.util.internal.NativeLibraryLoader.loadLibrary(NativeLibraryLoader.java:351)
	at io.netty.util.internal.NativeLibraryLoader.load(NativeLibraryLoader.java:136)
	at io.netty.util.internal.NativeLibraryLoader.loadFirstAvailable(NativeLibraryLoader.java:96)
	at io.netty.handler.ssl.OpenSsl.loadTcNative(OpenSsl.java:590)
	at io.netty.handler.ssl.OpenSsl.<clinit>(OpenSsl.java:136)
	at io.netty.handler.ssl.ReferenceCountedOpenSslContext.<init>(ReferenceCountedOpenSslContext.java:196)
	at io.netty.handler.ssl.ReferenceCountedOpenSslContext.<init>(ReferenceCountedOpenSslContext.java:185)
	at io.netty.handler.ssl.OpenSslContext.<init>(OpenSslContext.java:34)
	at io.netty.handler.ssl.OpenSslClientContext.<init>(OpenSslClientContext.java:189)
	at io.netty.handler.ssl.SslContext.newClientContextInternal(SslContext.java:827)
	at io.netty.handler.ssl.SslContextBuilder.build(SslContextBuilder.java:576)
	at org.fisco.bcos.sdk.network.ConnectionManager.initSslContext(ConnectionManager.java:243)
	at org.fisco.bcos.sdk.network.ConnectionManager.initNetty(ConnectionManager.java:321)
	at org.fisco.bcos.sdk.network.ConnectionManager.startConnect(ConnectionManager.java:98)
	at org.fisco.bcos.sdk.network.NetworkImp.start(NetworkImp.java:171)
	at org.fisco.bcos.sdk.channel.ChannelImp.start(ChannelImp.java:89)
	at org.fisco.bcos.sdk.BcosSDK.<init>(BcosSDK.java:75)
	at org.fisco.bcos.sdk.BcosSDK.build(BcosSDK.java:59)
	at console.ConsoleInitializer.init(ConsoleInitializer.java:57)
	at console.Console.main(Console.java:46)
	Suppressed: java.lang.UnsatisfiedLinkError: no netty_tcnative_linux_x86_64 in java.library.path: [/usr/java/packages/lib, /usr/lib/x86_64-linux-gnu/jni, /lib/x86_64-linux-gnu, /usr/lib/x86_64-linux-gnu, /usr/lib/jni, /lib, /usr/lib]
		at java.base/java.lang.ClassLoader.loadLibrary(ClassLoader.java:2670)
		at java.base/java.lang.Runtime.loadLibrary0(Runtime.java:830)
		at java.base/java.lang.System.loadLibrary(System.java:1873)
		at io.netty.util.internal.NativeLibraryUtil.loadLibrary(NativeLibraryUtil.java:38)
		at java.base/jdk.internal.reflect.NativeMethodAccessorImpl.invoke0(Native Method)
		at java.base/jdk.internal.reflect.NativeMethodAccessorImpl.invoke(NativeMethodAccessorImpl.java:62)
		at java.base/jdk.internal.reflect.DelegatingMethodAccessorImpl.invoke(DelegatingMethodAccessorImpl.java:43)
		at java.base/java.lang.reflect.Method.invoke(Method.java:566)
		at io.netty.util.internal.NativeLibraryLoader$1.run(NativeLibraryLoader.java:371)
		at java.base/java.security.AccessController.doPrivileged(Native Method)
		at io.netty.util.internal.NativeLibraryLoader.loadLibraryByHelper(NativeLibraryLoader.java:363)
		at io.netty.util.internal.NativeLibraryLoader.loadLibrary(NativeLibraryLoader.java:341)
		... 19 more
[DEBUG] [2021-11-29 10:32:26] NativeLibraryLoader.loadLibrary(342) | Successfully loaded the library /tmp/libnetty_tcnative_linux_x86_6414918291931218479935.so
[DEBUG] [2021-11-29 10:32:26] OpenSsl.<clinit>(149) | Initialize netty-tcnative using engine: 'default'
[DEBUG] [2021-11-29 10:32:26] OpenSsl.<clinit>(174) | netty-tcnative using native library: OpenSSL/TaSSL 1.0.2o  27 Mar 2018
[DEBUG] [2021-11-29 10:32:27] Recycler.<clinit>(100) | -Dio.netty.recycler.maxCapacityPerThread: 4096
[DEBUG] [2021-11-29 10:32:27] Recycler.<clinit>(101) | -Dio.netty.recycler.maxSharedCapacityFactor: 2
[DEBUG] [2021-11-29 10:32:27] Recycler.<clinit>(102) | -Dio.netty.recycler.linkCapacity: 16
[DEBUG] [2021-11-29 10:32:27] Recycler.<clinit>(103) | -Dio.netty.recycler.ratio: 8
[DEBUG] [2021-11-29 10:32:27] Recycler.<clinit>(104) | -Dio.netty.recycler.delayedQueue.ratio: 8
[DEBUG] [2021-11-29 10:32:27] CipherSuiteConverter.cacheFromOpenSsl(330) | Cipher suite mapping: TLS_ECDHE_RSA_WITH_AES_256_GCM_SHA384 => ECDHE-RSA-AES256-GCM-SHA384
[DEBUG] [2021-11-29 10:32:27] CipherSuiteConverter.cacheFromOpenSsl(331) | Cipher suite mapping: SSL_ECDHE_RSA_WITH_AES_256_GCM_SHA384 => ECDHE-RSA-AES256-GCM-SHA384
[DEBUG] [2021-11-29 10:32:27] CipherSuiteConverter.cacheFromOpenSsl(330) | Cipher suite mapping: TLS_ECDHE_ECDSA_WITH_AES_256_GCM_SHA384 => ECDHE-ECDSA-AES256-GCM-SHA384
[DEBUG] [2021-11-29 10:32:27] CipherSuiteConverter.cacheFromOpenSsl(331) | Cipher suite mapping: SSL_ECDHE_ECDSA_WITH_AES_256_GCM_SHA384 => ECDHE-ECDSA-AES256-GCM-SHA384
[DEBUG] [2021-11-29 10:32:27] CipherSuiteConverter.cacheFromOpenSsl(330) | Cipher suite mapping: TLS_ECDHE_RSA_WITH_AES_256_CBC_SHA384 => ECDHE-RSA-AES256-SHA384
[DEBUG] [2021-11-29 10:32:27] CipherSuiteConverter.cacheFromOpenSsl(331) | Cipher suite mapping: SSL_ECDHE_RSA_WITH_AES_256_CBC_SHA384 => ECDHE-RSA-AES256-SHA384
[DEBUG] [2021-11-29 10:32:27] CipherSuiteConverter.cacheFromOpenSsl(330) | Cipher suite mapping: TLS_ECDHE_ECDSA_WITH_AES_256_CBC_SHA384 => ECDHE-ECDSA-AES256-SHA384
[DEBUG] [2021-11-29 10:32:27] CipherSuiteConverter.cacheFromOpenSsl(331) | Cipher suite mapping: SSL_ECDHE_ECDSA_WITH_AES_256_CBC_SHA384 => ECDHE-ECDSA-AES256-SHA384
[DEBUG] [2021-11-29 10:32:27] CipherSuiteConverter.cacheFromOpenSsl(330) | Cipher suite mapping: TLS_ECDHE_RSA_WITH_AES_256_CBC_SHA => ECDHE-RSA-AES256-SHA
[DEBUG] [2021-11-29 10:32:27] CipherSuiteConverter.cacheFromOpenSsl(331) | Cipher suite mapping: SSL_ECDHE_RSA_WITH_AES_256_CBC_SHA => ECDHE-RSA-AES256-SHA
[DEBUG] [2021-11-29 10:32:27] CipherSuiteConverter.cacheFromOpenSsl(330) | Cipher suite mapping: TLS_ECDHE_ECDSA_WITH_AES_256_CBC_SHA => ECDHE-ECDSA-AES256-SHA
[DEBUG] [2021-11-29 10:32:27] CipherSuiteConverter.cacheFromOpenSsl(331) | Cipher suite mapping: SSL_ECDHE_ECDSA_WITH_AES_256_CBC_SHA => ECDHE-ECDSA-AES256-SHA
[DEBUG] [2021-11-29 10:32:27] CipherSuiteConverter.cacheFromOpenSsl(330) | Cipher suite mapping: TLS_SRP_DSS_WITH_AES_256_CBC_SHA => SRP-DSS-AES-256-CBC-SHA
[DEBUG] [2021-11-29 10:32:27] CipherSuiteConverter.cacheFromOpenSsl(331) | Cipher suite mapping: SSL_SRP_DSS_WITH_AES_256_CBC_SHA => SRP-DSS-AES-256-CBC-SHA
[DEBUG] [2021-11-29 10:32:27] CipherSuiteConverter.cacheFromOpenSsl(330) | Cipher suite mapping: TLS_SRP_RSA_WITH_AES_256_CBC_SHA => SRP-RSA-AES-256-CBC-SHA
[DEBUG] [2021-11-29 10:32:27] CipherSuiteConverter.cacheFromOpenSsl(331) | Cipher suite mapping: SSL_SRP_RSA_WITH_AES_256_CBC_SHA => SRP-RSA-AES-256-CBC-SHA
[DEBUG] [2021-11-29 10:32:27] CipherSuiteConverter.cacheFromOpenSsl(330) | Cipher suite mapping: TLS_SRP_WITH_AES_256_CBC_SHA => SRP-AES-256-CBC-SHA
[DEBUG] [2021-11-29 10:32:27] CipherSuiteConverter.cacheFromOpenSsl(331) | Cipher suite mapping: SSL_SRP_WITH_AES_256_CBC_SHA => SRP-AES-256-CBC-SHA
[DEBUG] [2021-11-29 10:32:27] CipherSuiteConverter.cacheFromOpenSsl(330) | Cipher suite mapping: TLS_RSA_WITH_DH_DSS_AES256_GCM_SHA384 => DH-DSS-AES256-GCM-SHA384
[DEBUG] [2021-11-29 10:32:27] CipherSuiteConverter.cacheFromOpenSsl(331) | Cipher suite mapping: SSL_RSA_WITH_DH_DSS_AES256_GCM_SHA384 => DH-DSS-AES256-GCM-SHA384
[DEBUG] [2021-11-29 10:32:27] CipherSuiteConverter.cacheFromOpenSsl(330) | Cipher suite mapping: TLS_DHE_DSS_WITH_AES_256_GCM_SHA384 => DHE-DSS-AES256-GCM-SHA384
[DEBUG] [2021-11-29 10:32:27] CipherSuiteConverter.cacheFromOpenSsl(331) | Cipher suite mapping: SSL_DHE_DSS_WITH_AES_256_GCM_SHA384 => DHE-DSS-AES256-GCM-SHA384
[DEBUG] [2021-11-29 10:32:27] CipherSuiteConverter.cacheFromOpenSsl(330) | Cipher suite mapping: TLS_RSA_WITH_DH_RSA_AES256_GCM_SHA384 => DH-RSA-AES256-GCM-SHA384
[DEBUG] [2021-11-29 10:32:27] CipherSuiteConverter.cacheFromOpenSsl(331) | Cipher suite mapping: SSL_RSA_WITH_DH_RSA_AES256_GCM_SHA384 => DH-RSA-AES256-GCM-SHA384
[DEBUG] [2021-11-29 10:32:27] CipherSuiteConverter.cacheFromOpenSsl(330) | Cipher suite mapping: TLS_DHE_RSA_WITH_AES_256_GCM_SHA384 => DHE-RSA-AES256-GCM-SHA384
[DEBUG] [2021-11-29 10:32:27] CipherSuiteConverter.cacheFromOpenSsl(331) | Cipher suite mapping: SSL_DHE_RSA_WITH_AES_256_GCM_SHA384 => DHE-RSA-AES256-GCM-SHA384
[DEBUG] [2021-11-29 10:32:27] CipherSuiteConverter.cacheFromOpenSsl(330) | Cipher suite mapping: TLS_DHE_RSA_WITH_AES_256_CBC_SHA256 => DHE-RSA-AES256-SHA256
[DEBUG] [2021-11-29 10:32:27] CipherSuiteConverter.cacheFromOpenSsl(331) | Cipher suite mapping: SSL_DHE_RSA_WITH_AES_256_CBC_SHA256 => DHE-RSA-AES256-SHA256
[DEBUG] [2021-11-29 10:32:27] CipherSuiteConverter.cacheFromOpenSsl(330) | Cipher suite mapping: TLS_DHE_DSS_WITH_AES_256_CBC_SHA256 => DHE-DSS-AES256-SHA256
[DEBUG] [2021-11-29 10:32:27] CipherSuiteConverter.cacheFromOpenSsl(331) | Cipher suite mapping: SSL_DHE_DSS_WITH_AES_256_CBC_SHA256 => DHE-DSS-AES256-SHA256
[DEBUG] [2021-11-29 10:32:27] CipherSuiteConverter.cacheFromOpenSsl(330) | Cipher suite mapping: TLS_RSA_WITH_DH_RSA_AES256_SHA256 => DH-RSA-AES256-SHA256
[DEBUG] [2021-11-29 10:32:27] CipherSuiteConverter.cacheFromOpenSsl(331) | Cipher suite mapping: SSL_RSA_WITH_DH_RSA_AES256_SHA256 => DH-RSA-AES256-SHA256
[DEBUG] [2021-11-29 10:32:27] CipherSuiteConverter.cacheFromOpenSsl(330) | Cipher suite mapping: TLS_RSA_WITH_DH_DSS_AES256_SHA256 => DH-DSS-AES256-SHA256
[DEBUG] [2021-11-29 10:32:27] CipherSuiteConverter.cacheFromOpenSsl(331) | Cipher suite mapping: SSL_RSA_WITH_DH_DSS_AES256_SHA256 => DH-DSS-AES256-SHA256
[DEBUG] [2021-11-29 10:32:27] CipherSuiteConverter.cacheFromOpenSsl(330) | Cipher suite mapping: TLS_DHE_RSA_WITH_AES_256_CBC_SHA => DHE-RSA-AES256-SHA
[DEBUG] [2021-11-29 10:32:27] CipherSuiteConverter.cacheFromOpenSsl(331) | Cipher suite mapping: SSL_DHE_RSA_WITH_AES_256_CBC_SHA => DHE-RSA-AES256-SHA
[DEBUG] [2021-11-29 10:32:27] CipherSuiteConverter.cacheFromOpenSsl(330) | Cipher suite mapping: TLS_DHE_DSS_WITH_AES_256_CBC_SHA => DHE-DSS-AES256-SHA
[DEBUG] [2021-11-29 10:32:27] CipherSuiteConverter.cacheFromOpenSsl(331) | Cipher suite mapping: SSL_DHE_DSS_WITH_AES_256_CBC_SHA => DHE-DSS-AES256-SHA
[DEBUG] [2021-11-29 10:32:27] CipherSuiteConverter.cacheFromOpenSsl(330) | Cipher suite mapping: TLS_RSA_WITH_DH_RSA_AES256_SHA => DH-RSA-AES256-SHA
[DEBUG] [2021-11-29 10:32:27] CipherSuiteConverter.cacheFromOpenSsl(331) | Cipher suite mapping: SSL_RSA_WITH_DH_RSA_AES256_SHA => DH-RSA-AES256-SHA
[DEBUG] [2021-11-29 10:32:27] CipherSuiteConverter.cacheFromOpenSsl(330) | Cipher suite mapping: TLS_RSA_WITH_DH_DSS_AES256_SHA => DH-DSS-AES256-SHA
[DEBUG] [2021-11-29 10:32:27] CipherSuiteConverter.cacheFromOpenSsl(331) | Cipher suite mapping: SSL_RSA_WITH_DH_DSS_AES256_SHA => DH-DSS-AES256-SHA
[DEBUG] [2021-11-29 10:32:27] CipherSuiteConverter.cacheFromOpenSsl(330) | Cipher suite mapping: TLS_DHE_RSA_WITH_CAMELLIA256_SHA => DHE-RSA-CAMELLIA256-SHA
[DEBUG] [2021-11-29 10:32:27] CipherSuiteConverter.cacheFromOpenSsl(331) | Cipher suite mapping: SSL_DHE_RSA_WITH_CAMELLIA256_SHA => DHE-RSA-CAMELLIA256-SHA
[DEBUG] [2021-11-29 10:32:27] CipherSuiteConverter.cacheFromOpenSsl(330) | Cipher suite mapping: TLS_DHE_DSS_WITH_CAMELLIA256_SHA => DHE-DSS-CAMELLIA256-SHA
[DEBUG] [2021-11-29 10:32:27] CipherSuiteConverter.cacheFromOpenSsl(331) | Cipher suite mapping: SSL_DHE_DSS_WITH_CAMELLIA256_SHA => DHE-DSS-CAMELLIA256-SHA
[DEBUG] [2021-11-29 10:32:27] CipherSuiteConverter.cacheFromOpenSsl(330) | Cipher suite mapping: TLS_RSA_WITH_DH_RSA_CAMELLIA256_SHA => DH-RSA-CAMELLIA256-SHA
[DEBUG] [2021-11-29 10:32:27] CipherSuiteConverter.cacheFromOpenSsl(331) | Cipher suite mapping: SSL_RSA_WITH_DH_RSA_CAMELLIA256_SHA => DH-RSA-CAMELLIA256-SHA
[DEBUG] [2021-11-29 10:32:27] CipherSuiteConverter.cacheFromOpenSsl(330) | Cipher suite mapping: TLS_RSA_WITH_DH_DSS_CAMELLIA256_SHA => DH-DSS-CAMELLIA256-SHA
[DEBUG] [2021-11-29 10:32:27] CipherSuiteConverter.cacheFromOpenSsl(331) | Cipher suite mapping: SSL_RSA_WITH_DH_DSS_CAMELLIA256_SHA => DH-DSS-CAMELLIA256-SHA
[DEBUG] [2021-11-29 10:32:27] CipherSuiteConverter.cacheFromOpenSsl(330) | Cipher suite mapping: TLS_ECDH_anon_WITH_AES_256_CBC_SHA => AECDH-AES256-SHA
[DEBUG] [2021-11-29 10:32:27] CipherSuiteConverter.cacheFromOpenSsl(331) | Cipher suite mapping: SSL_ECDH_anon_WITH_AES_256_CBC_SHA => AECDH-AES256-SHA
[DEBUG] [2021-11-29 10:32:27] CipherSuiteConverter.cacheFromOpenSsl(330) | Cipher suite mapping: TLS_DH_anon_WITH_AES_256_GCM_SHA384 => ADH-AES256-GCM-SHA384
[DEBUG] [2021-11-29 10:32:27] CipherSuiteConverter.cacheFromOpenSsl(331) | Cipher suite mapping: SSL_DH_anon_WITH_AES_256_GCM_SHA384 => ADH-AES256-GCM-SHA384
[DEBUG] [2021-11-29 10:32:27] CipherSuiteConverter.cacheFromOpenSsl(330) | Cipher suite mapping: TLS_DH_anon_WITH_AES_256_CBC_SHA256 => ADH-AES256-SHA256
[DEBUG] [2021-11-29 10:32:27] CipherSuiteConverter.cacheFromOpenSsl(331) | Cipher suite mapping: SSL_DH_anon_WITH_AES_256_CBC_SHA256 => ADH-AES256-SHA256
[DEBUG] [2021-11-29 10:32:27] CipherSuiteConverter.cacheFromOpenSsl(330) | Cipher suite mapping: TLS_DH_anon_WITH_AES_256_CBC_SHA => ADH-AES256-SHA
[DEBUG] [2021-11-29 10:32:27] CipherSuiteConverter.cacheFromOpenSsl(331) | Cipher suite mapping: SSL_DH_anon_WITH_AES_256_CBC_SHA => ADH-AES256-SHA
[DEBUG] [2021-11-29 10:32:27] CipherSuiteConverter.cacheFromOpenSsl(330) | Cipher suite mapping: TLS_DH_anon_WITH_CAMELLIA256_SHA => ADH-CAMELLIA256-SHA
[DEBUG] [2021-11-29 10:32:27] CipherSuiteConverter.cacheFromOpenSsl(331) | Cipher suite mapping: SSL_DH_anon_WITH_CAMELLIA256_SHA => ADH-CAMELLIA256-SHA
[DEBUG] [2021-11-29 10:32:27] CipherSuiteConverter.cacheFromOpenSsl(330) | Cipher suite mapping: TLS_ECDH_RSA_WITH_AES_256_GCM_SHA384 => ECDH-RSA-AES256-GCM-SHA384
[DEBUG] [2021-11-29 10:32:27] CipherSuiteConverter.cacheFromOpenSsl(331) | Cipher suite mapping: SSL_ECDH_RSA_WITH_AES_256_GCM_SHA384 => ECDH-RSA-AES256-GCM-SHA384
[DEBUG] [2021-11-29 10:32:27] CipherSuiteConverter.cacheFromOpenSsl(330) | Cipher suite mapping: TLS_ECDH_ECDSA_WITH_AES_256_GCM_SHA384 => ECDH-ECDSA-AES256-GCM-SHA384
[DEBUG] [2021-11-29 10:32:27] CipherSuiteConverter.cacheFromOpenSsl(331) | Cipher suite mapping: SSL_ECDH_ECDSA_WITH_AES_256_GCM_SHA384 => ECDH-ECDSA-AES256-GCM-SHA384
[DEBUG] [2021-11-29 10:32:27] CipherSuiteConverter.cacheFromOpenSsl(330) | Cipher suite mapping: TLS_ECDH_RSA_WITH_AES_256_CBC_SHA384 => ECDH-RSA-AES256-SHA384
[DEBUG] [2021-11-29 10:32:27] CipherSuiteConverter.cacheFromOpenSsl(331) | Cipher suite mapping: SSL_ECDH_RSA_WITH_AES_256_CBC_SHA384 => ECDH-RSA-AES256-SHA384
[DEBUG] [2021-11-29 10:32:27] CipherSuiteConverter.cacheFromOpenSsl(330) | Cipher suite mapping: TLS_ECDH_ECDSA_WITH_AES_256_CBC_SHA384 => ECDH-ECDSA-AES256-SHA384
[DEBUG] [2021-11-29 10:32:27] CipherSuiteConverter.cacheFromOpenSsl(331) | Cipher suite mapping: SSL_ECDH_ECDSA_WITH_AES_256_CBC_SHA384 => ECDH-ECDSA-AES256-SHA384
[DEBUG] [2021-11-29 10:32:27] CipherSuiteConverter.cacheFromOpenSsl(330) | Cipher suite mapping: TLS_ECDH_RSA_WITH_AES_256_CBC_SHA => ECDH-RSA-AES256-SHA
[DEBUG] [2021-11-29 10:32:27] CipherSuiteConverter.cacheFromOpenSsl(331) | Cipher suite mapping: SSL_ECDH_RSA_WITH_AES_256_CBC_SHA => ECDH-RSA-AES256-SHA
[DEBUG] [2021-11-29 10:32:27] CipherSuiteConverter.cacheFromOpenSsl(330) | Cipher suite mapping: TLS_ECDH_ECDSA_WITH_AES_256_CBC_SHA => ECDH-ECDSA-AES256-SHA
[DEBUG] [2021-11-29 10:32:27] CipherSuiteConverter.cacheFromOpenSsl(331) | Cipher suite mapping: SSL_ECDH_ECDSA_WITH_AES_256_CBC_SHA => ECDH-ECDSA-AES256-SHA
[DEBUG] [2021-11-29 10:32:27] CipherSuiteConverter.cacheFromOpenSsl(330) | Cipher suite mapping: TLS_RSA_WITH_AES_256_GCM_SHA384 => AES256-GCM-SHA384
[DEBUG] [2021-11-29 10:32:27] CipherSuiteConverter.cacheFromOpenSsl(331) | Cipher suite mapping: SSL_RSA_WITH_AES_256_GCM_SHA384 => AES256-GCM-SHA384
[DEBUG] [2021-11-29 10:32:27] CipherSuiteConverter.cacheFromOpenSsl(330) | Cipher suite mapping: TLS_RSA_WITH_AES_256_CBC_SHA256 => AES256-SHA256
[DEBUG] [2021-11-29 10:32:27] CipherSuiteConverter.cacheFromOpenSsl(331) | Cipher suite mapping: SSL_RSA_WITH_AES_256_CBC_SHA256 => AES256-SHA256
[DEBUG] [2021-11-29 10:32:27] CipherSuiteConverter.cacheFromOpenSsl(330) | Cipher suite mapping: TLS_RSA_WITH_AES_256_CBC_SHA => AES256-SHA
[DEBUG] [2021-11-29 10:32:27] CipherSuiteConverter.cacheFromOpenSsl(331) | Cipher suite mapping: SSL_RSA_WITH_AES_256_CBC_SHA => AES256-SHA
[DEBUG] [2021-11-29 10:32:27] CipherSuiteConverter.cacheFromOpenSsl(330) | Cipher suite mapping: TLS_RSA_WITH_CAMELLIA256_SHA => CAMELLIA256-SHA
[DEBUG] [2021-11-29 10:32:27] CipherSuiteConverter.cacheFromOpenSsl(331) | Cipher suite mapping: SSL_RSA_WITH_CAMELLIA256_SHA => CAMELLIA256-SHA
[DEBUG] [2021-11-29 10:32:27] CipherSuiteConverter.cacheFromOpenSsl(330) | Cipher suite mapping: TLS_PSK_WITH_AES_256_CBC_SHA => PSK-AES256-CBC-SHA
[DEBUG] [2021-11-29 10:32:27] CipherSuiteConverter.cacheFromOpenSsl(331) | Cipher suite mapping: SSL_PSK_WITH_AES_256_CBC_SHA => PSK-AES256-CBC-SHA
[DEBUG] [2021-11-29 10:32:27] CipherSuiteConverter.cacheFromOpenSsl(330) | Cipher suite mapping: TLS_ECDHE_RSA_WITH_AES_128_GCM_SHA256 => ECDHE-RSA-AES128-GCM-SHA256
[DEBUG] [2021-11-29 10:32:27] CipherSuiteConverter.cacheFromOpenSsl(331) | Cipher suite mapping: SSL_ECDHE_RSA_WITH_AES_128_GCM_SHA256 => ECDHE-RSA-AES128-GCM-SHA256
[DEBUG] [2021-11-29 10:32:27] CipherSuiteConverter.cacheFromOpenSsl(330) | Cipher suite mapping: TLS_ECDHE_ECDSA_WITH_AES_128_GCM_SHA256 => ECDHE-ECDSA-AES128-GCM-SHA256
[DEBUG] [2021-11-29 10:32:27] CipherSuiteConverter.cacheFromOpenSsl(331) | Cipher suite mapping: SSL_ECDHE_ECDSA_WITH_AES_128_GCM_SHA256 => ECDHE-ECDSA-AES128-GCM-SHA256
[DEBUG] [2021-11-29 10:32:27] CipherSuiteConverter.cacheFromOpenSsl(330) | Cipher suite mapping: TLS_ECDHE_RSA_WITH_AES_128_CBC_SHA256 => ECDHE-RSA-AES128-SHA256
[DEBUG] [2021-11-29 10:32:27] CipherSuiteConverter.cacheFromOpenSsl(331) | Cipher suite mapping: SSL_ECDHE_RSA_WITH_AES_128_CBC_SHA256 => ECDHE-RSA-AES128-SHA256
[DEBUG] [2021-11-29 10:32:27] CipherSuiteConverter.cacheFromOpenSsl(330) | Cipher suite mapping: TLS_ECDHE_ECDSA_WITH_AES_128_CBC_SHA256 => ECDHE-ECDSA-AES128-SHA256
[DEBUG] [2021-11-29 10:32:27] CipherSuiteConverter.cacheFromOpenSsl(331) | Cipher suite mapping: SSL_ECDHE_ECDSA_WITH_AES_128_CBC_SHA256 => ECDHE-ECDSA-AES128-SHA256
[DEBUG] [2021-11-29 10:32:27] CipherSuiteConverter.cacheFromOpenSsl(330) | Cipher suite mapping: TLS_ECDHE_RSA_WITH_AES_128_CBC_SHA => ECDHE-RSA-AES128-SHA
[DEBUG] [2021-11-29 10:32:27] CipherSuiteConverter.cacheFromOpenSsl(331) | Cipher suite mapping: SSL_ECDHE_RSA_WITH_AES_128_CBC_SHA => ECDHE-RSA-AES128-SHA
[DEBUG] [2021-11-29 10:32:27] CipherSuiteConverter.cacheFromOpenSsl(330) | Cipher suite mapping: TLS_ECDHE_ECDSA_WITH_AES_128_CBC_SHA => ECDHE-ECDSA-AES128-SHA
[DEBUG] [2021-11-29 10:32:27] CipherSuiteConverter.cacheFromOpenSsl(331) | Cipher suite mapping: SSL_ECDHE_ECDSA_WITH_AES_128_CBC_SHA => ECDHE-ECDSA-AES128-SHA
[DEBUG] [2021-11-29 10:32:27] CipherSuiteConverter.cacheFromOpenSsl(330) | Cipher suite mapping: TLS_SRP_DSS_WITH_AES_128_CBC_SHA => SRP-DSS-AES-128-CBC-SHA
[DEBUG] [2021-11-29 10:32:27] CipherSuiteConverter.cacheFromOpenSsl(331) | Cipher suite mapping: SSL_SRP_DSS_WITH_AES_128_CBC_SHA => SRP-DSS-AES-128-CBC-SHA
[DEBUG] [2021-11-29 10:32:27] CipherSuiteConverter.cacheFromOpenSsl(330) | Cipher suite mapping: TLS_SRP_RSA_WITH_AES_128_CBC_SHA => SRP-RSA-AES-128-CBC-SHA
[DEBUG] [2021-11-29 10:32:27] CipherSuiteConverter.cacheFromOpenSsl(331) | Cipher suite mapping: SSL_SRP_RSA_WITH_AES_128_CBC_SHA => SRP-RSA-AES-128-CBC-SHA
[DEBUG] [2021-11-29 10:32:27] CipherSuiteConverter.cacheFromOpenSsl(330) | Cipher suite mapping: TLS_SRP_WITH_AES_128_CBC_SHA => SRP-AES-128-CBC-SHA
[DEBUG] [2021-11-29 10:32:27] CipherSuiteConverter.cacheFromOpenSsl(331) | Cipher suite mapping: SSL_SRP_WITH_AES_128_CBC_SHA => SRP-AES-128-CBC-SHA
[DEBUG] [2021-11-29 10:32:27] CipherSuiteConverter.cacheFromOpenSsl(330) | Cipher suite mapping: TLS_RSA_WITH_DH_DSS_AES128_GCM_SHA256 => DH-DSS-AES128-GCM-SHA256
[DEBUG] [2021-11-29 10:32:27] CipherSuiteConverter.cacheFromOpenSsl(331) | Cipher suite mapping: SSL_RSA_WITH_DH_DSS_AES128_GCM_SHA256 => DH-DSS-AES128-GCM-SHA256
[DEBUG] [2021-11-29 10:32:27] CipherSuiteConverter.cacheFromOpenSsl(330) | Cipher suite mapping: TLS_DHE_DSS_WITH_AES_128_GCM_SHA256 => DHE-DSS-AES128-GCM-SHA256
[DEBUG] [2021-11-29 10:32:27] CipherSuiteConverter.cacheFromOpenSsl(331) | Cipher suite mapping: SSL_DHE_DSS_WITH_AES_128_GCM_SHA256 => DHE-DSS-AES128-GCM-SHA256
[DEBUG] [2021-11-29 10:32:27] CipherSuiteConverter.cacheFromOpenSsl(330) | Cipher suite mapping: TLS_RSA_WITH_DH_RSA_AES128_GCM_SHA256 => DH-RSA-AES128-GCM-SHA256
[DEBUG] [2021-11-29 10:32:27] CipherSuiteConverter.cacheFromOpenSsl(331) | Cipher suite mapping: SSL_RSA_WITH_DH_RSA_AES128_GCM_SHA256 => DH-RSA-AES128-GCM-SHA256
[DEBUG] [2021-11-29 10:32:27] CipherSuiteConverter.cacheFromOpenSsl(330) | Cipher suite mapping: TLS_DHE_RSA_WITH_AES_128_GCM_SHA256 => DHE-RSA-AES128-GCM-SHA256
[DEBUG] [2021-11-29 10:32:27] CipherSuiteConverter.cacheFromOpenSsl(331) | Cipher suite mapping: SSL_DHE_RSA_WITH_AES_128_GCM_SHA256 => DHE-RSA-AES128-GCM-SHA256
[DEBUG] [2021-11-29 10:32:27] CipherSuiteConverter.cacheFromOpenSsl(330) | Cipher suite mapping: TLS_DHE_RSA_WITH_AES_128_CBC_SHA256 => DHE-RSA-AES128-SHA256
[DEBUG] [2021-11-29 10:32:27] CipherSuiteConverter.cacheFromOpenSsl(331) | Cipher suite mapping: SSL_DHE_RSA_WITH_AES_128_CBC_SHA256 => DHE-RSA-AES128-SHA256
[DEBUG] [2021-11-29 10:32:27] CipherSuiteConverter.cacheFromOpenSsl(330) | Cipher suite mapping: TLS_DHE_DSS_WITH_AES_128_CBC_SHA256 => DHE-DSS-AES128-SHA256
[DEBUG] [2021-11-29 10:32:27] CipherSuiteConverter.cacheFromOpenSsl(331) | Cipher suite mapping: SSL_DHE_DSS_WITH_AES_128_CBC_SHA256 => DHE-DSS-AES128-SHA256
[DEBUG] [2021-11-29 10:32:27] CipherSuiteConverter.cacheFromOpenSsl(330) | Cipher suite mapping: TLS_RSA_WITH_DH_RSA_AES128_SHA256 => DH-RSA-AES128-SHA256
[DEBUG] [2021-11-29 10:32:27] CipherSuiteConverter.cacheFromOpenSsl(331) | Cipher suite mapping: SSL_RSA_WITH_DH_RSA_AES128_SHA256 => DH-RSA-AES128-SHA256
[DEBUG] [2021-11-29 10:32:27] CipherSuiteConverter.cacheFromOpenSsl(330) | Cipher suite mapping: TLS_RSA_WITH_DH_DSS_AES128_SHA256 => DH-DSS-AES128-SHA256
[DEBUG] [2021-11-29 10:32:27] CipherSuiteConverter.cacheFromOpenSsl(331) | Cipher suite mapping: SSL_RSA_WITH_DH_DSS_AES128_SHA256 => DH-DSS-AES128-SHA256
[DEBUG] [2021-11-29 10:32:27] CipherSuiteConverter.cacheFromOpenSsl(330) | Cipher suite mapping: TLS_DHE_RSA_WITH_AES_128_CBC_SHA => DHE-RSA-AES128-SHA
[DEBUG] [2021-11-29 10:32:27] CipherSuiteConverter.cacheFromOpenSsl(331) | Cipher suite mapping: SSL_DHE_RSA_WITH_AES_128_CBC_SHA => DHE-RSA-AES128-SHA
[DEBUG] [2021-11-29 10:32:27] CipherSuiteConverter.cacheFromOpenSsl(330) | Cipher suite mapping: TLS_DHE_DSS_WITH_AES_128_CBC_SHA => DHE-DSS-AES128-SHA
[DEBUG] [2021-11-29 10:32:27] CipherSuiteConverter.cacheFromOpenSsl(331) | Cipher suite mapping: SSL_DHE_DSS_WITH_AES_128_CBC_SHA => DHE-DSS-AES128-SHA
[DEBUG] [2021-11-29 10:32:27] CipherSuiteConverter.cacheFromOpenSsl(330) | Cipher suite mapping: TLS_RSA_WITH_DH_RSA_AES128_SHA => DH-RSA-AES128-SHA
[DEBUG] [2021-11-29 10:32:27] CipherSuiteConverter.cacheFromOpenSsl(331) | Cipher suite mapping: SSL_RSA_WITH_DH_RSA_AES128_SHA => DH-RSA-AES128-SHA
[DEBUG] [2021-11-29 10:32:27] CipherSuiteConverter.cacheFromOpenSsl(330) | Cipher suite mapping: TLS_RSA_WITH_DH_DSS_AES128_SHA => DH-DSS-AES128-SHA
[DEBUG] [2021-11-29 10:32:27] CipherSuiteConverter.cacheFromOpenSsl(331) | Cipher suite mapping: SSL_RSA_WITH_DH_DSS_AES128_SHA => DH-DSS-AES128-SHA
[DEBUG] [2021-11-29 10:32:27] CipherSuiteConverter.cacheFromOpenSsl(330) | Cipher suite mapping: TLS_RSA_WITH_ECC_SM4_SM3 => ECC-SM4-SM3
[DEBUG] [2021-11-29 10:32:27] CipherSuiteConverter.cacheFromOpenSsl(331) | Cipher suite mapping: SSL_RSA_WITH_ECC_SM4_SM3 => ECC-SM4-SM3
[DEBUG] [2021-11-29 10:32:27] CipherSuiteConverter.cacheFromOpenSsl(330) | Cipher suite mapping: TLS_RSA_WITH_ECDHE_SM4_SM3 => ECDHE-SM4-SM3
[DEBUG] [2021-11-29 10:32:27] CipherSuiteConverter.cacheFromOpenSsl(331) | Cipher suite mapping: SSL_RSA_WITH_ECDHE_SM4_SM3 => ECDHE-SM4-SM3
[DEBUG] [2021-11-29 10:32:27] CipherSuiteConverter.cacheFromOpenSsl(330) | Cipher suite mapping: TLS_DHE_RSA_WITH_SEED_SHA => DHE-RSA-SEED-SHA
[DEBUG] [2021-11-29 10:32:27] CipherSuiteConverter.cacheFromOpenSsl(331) | Cipher suite mapping: SSL_DHE_RSA_WITH_SEED_SHA => DHE-RSA-SEED-SHA
[DEBUG] [2021-11-29 10:32:27] CipherSuiteConverter.cacheFromOpenSsl(330) | Cipher suite mapping: TLS_DHE_DSS_WITH_SEED_SHA => DHE-DSS-SEED-SHA
[DEBUG] [2021-11-29 10:32:27] CipherSuiteConverter.cacheFromOpenSsl(331) | Cipher suite mapping: SSL_DHE_DSS_WITH_SEED_SHA => DHE-DSS-SEED-SHA
[DEBUG] [2021-11-29 10:32:27] CipherSuiteConverter.cacheFromOpenSsl(330) | Cipher suite mapping: TLS_RSA_WITH_DH_RSA_SEED_SHA => DH-RSA-SEED-SHA
[DEBUG] [2021-11-29 10:32:27] CipherSuiteConverter.cacheFromOpenSsl(331) | Cipher suite mapping: SSL_RSA_WITH_DH_RSA_SEED_SHA => DH-RSA-SEED-SHA
[DEBUG] [2021-11-29 10:32:27] CipherSuiteConverter.cacheFromOpenSsl(330) | Cipher suite mapping: TLS_RSA_WITH_DH_DSS_SEED_SHA => DH-DSS-SEED-SHA
[DEBUG] [2021-11-29 10:32:27] CipherSuiteConverter.cacheFromOpenSsl(331) | Cipher suite mapping: SSL_RSA_WITH_DH_DSS_SEED_SHA => DH-DSS-SEED-SHA
[DEBUG] [2021-11-29 10:32:27] CipherSuiteConverter.cacheFromOpenSsl(330) | Cipher suite mapping: TLS_DHE_RSA_WITH_CAMELLIA128_SHA => DHE-RSA-CAMELLIA128-SHA
[DEBUG] [2021-11-29 10:32:27] CipherSuiteConverter.cacheFromOpenSsl(331) | Cipher suite mapping: SSL_DHE_RSA_WITH_CAMELLIA128_SHA => DHE-RSA-CAMELLIA128-SHA
[DEBUG] [2021-11-29 10:32:27] CipherSuiteConverter.cacheFromOpenSsl(330) | Cipher suite mapping: TLS_DHE_DSS_WITH_CAMELLIA128_SHA => DHE-DSS-CAMELLIA128-SHA
[DEBUG] [2021-11-29 10:32:27] CipherSuiteConverter.cacheFromOpenSsl(331) | Cipher suite mapping: SSL_DHE_DSS_WITH_CAMELLIA128_SHA => DHE-DSS-CAMELLIA128-SHA
[DEBUG] [2021-11-29 10:32:27] CipherSuiteConverter.cacheFromOpenSsl(330) | Cipher suite mapping: TLS_RSA_WITH_DH_RSA_CAMELLIA128_SHA => DH-RSA-CAMELLIA128-SHA
[DEBUG] [2021-11-29 10:32:27] CipherSuiteConverter.cacheFromOpenSsl(331) | Cipher suite mapping: SSL_RSA_WITH_DH_RSA_CAMELLIA128_SHA => DH-RSA-CAMELLIA128-SHA
[DEBUG] [2021-11-29 10:32:27] CipherSuiteConverter.cacheFromOpenSsl(330) | Cipher suite mapping: TLS_RSA_WITH_DH_DSS_CAMELLIA128_SHA => DH-DSS-CAMELLIA128-SHA
[DEBUG] [2021-11-29 10:32:27] CipherSuiteConverter.cacheFromOpenSsl(331) | Cipher suite mapping: SSL_RSA_WITH_DH_DSS_CAMELLIA128_SHA => DH-DSS-CAMELLIA128-SHA
[DEBUG] [2021-11-29 10:32:27] CipherSuiteConverter.cacheFromOpenSsl(330) | Cipher suite mapping: TLS_ECDH_anon_WITH_AES_128_CBC_SHA => AECDH-AES128-SHA
[DEBUG] [2021-11-29 10:32:27] CipherSuiteConverter.cacheFromOpenSsl(331) | Cipher suite mapping: SSL_ECDH_anon_WITH_AES_128_CBC_SHA => AECDH-AES128-SHA
[DEBUG] [2021-11-29 10:32:27] CipherSuiteConverter.cacheFromOpenSsl(330) | Cipher suite mapping: TLS_DH_anon_WITH_AES_128_GCM_SHA256 => ADH-AES128-GCM-SHA256
[DEBUG] [2021-11-29 10:32:27] CipherSuiteConverter.cacheFromOpenSsl(331) | Cipher suite mapping: SSL_DH_anon_WITH_AES_128_GCM_SHA256 => ADH-AES128-GCM-SHA256
[DEBUG] [2021-11-29 10:32:27] CipherSuiteConverter.cacheFromOpenSsl(330) | Cipher suite mapping: TLS_DH_anon_WITH_AES_128_CBC_SHA256 => ADH-AES128-SHA256
[DEBUG] [2021-11-29 10:32:27] CipherSuiteConverter.cacheFromOpenSsl(331) | Cipher suite mapping: SSL_DH_anon_WITH_AES_128_CBC_SHA256 => ADH-AES128-SHA256
[DEBUG] [2021-11-29 10:32:27] CipherSuiteConverter.cacheFromOpenSsl(330) | Cipher suite mapping: TLS_DH_anon_WITH_AES_128_CBC_SHA => ADH-AES128-SHA
[DEBUG] [2021-11-29 10:32:27] CipherSuiteConverter.cacheFromOpenSsl(331) | Cipher suite mapping: SSL_DH_anon_WITH_AES_128_CBC_SHA => ADH-AES128-SHA
[DEBUG] [2021-11-29 10:32:27] CipherSuiteConverter.cacheFromOpenSsl(330) | Cipher suite mapping: TLS_DH_anon_WITH_SEED_SHA => ADH-SEED-SHA
[DEBUG] [2021-11-29 10:32:27] CipherSuiteConverter.cacheFromOpenSsl(331) | Cipher suite mapping: SSL_DH_anon_WITH_SEED_SHA => ADH-SEED-SHA
[DEBUG] [2021-11-29 10:32:27] CipherSuiteConverter.cacheFromOpenSsl(330) | Cipher suite mapping: TLS_DH_anon_WITH_CAMELLIA128_SHA => ADH-CAMELLIA128-SHA
[DEBUG] [2021-11-29 10:32:27] CipherSuiteConverter.cacheFromOpenSsl(331) | Cipher suite mapping: SSL_DH_anon_WITH_CAMELLIA128_SHA => ADH-CAMELLIA128-SHA
[DEBUG] [2021-11-29 10:32:27] CipherSuiteConverter.cacheFromOpenSsl(330) | Cipher suite mapping: TLS_ECDH_RSA_WITH_AES_128_GCM_SHA256 => ECDH-RSA-AES128-GCM-SHA256
[DEBUG] [2021-11-29 10:32:27] CipherSuiteConverter.cacheFromOpenSsl(331) | Cipher suite mapping: SSL_ECDH_RSA_WITH_AES_128_GCM_SHA256 => ECDH-RSA-AES128-GCM-SHA256
[DEBUG] [2021-11-29 10:32:27] CipherSuiteConverter.cacheFromOpenSsl(330) | Cipher suite mapping: TLS_ECDH_ECDSA_WITH_AES_128_GCM_SHA256 => ECDH-ECDSA-AES128-GCM-SHA256
[DEBUG] [2021-11-29 10:32:27] CipherSuiteConverter.cacheFromOpenSsl(331) | Cipher suite mapping: SSL_ECDH_ECDSA_WITH_AES_128_GCM_SHA256 => ECDH-ECDSA-AES128-GCM-SHA256
[DEBUG] [2021-11-29 10:32:27] CipherSuiteConverter.cacheFromOpenSsl(330) | Cipher suite mapping: TLS_ECDH_RSA_WITH_AES_128_CBC_SHA256 => ECDH-RSA-AES128-SHA256
[DEBUG] [2021-11-29 10:32:27] CipherSuiteConverter.cacheFromOpenSsl(331) | Cipher suite mapping: SSL_ECDH_RSA_WITH_AES_128_CBC_SHA256 => ECDH-RSA-AES128-SHA256
[DEBUG] [2021-11-29 10:32:27] CipherSuiteConverter.cacheFromOpenSsl(330) | Cipher suite mapping: TLS_ECDH_ECDSA_WITH_AES_128_CBC_SHA256 => ECDH-ECDSA-AES128-SHA256
[DEBUG] [2021-11-29 10:32:27] CipherSuiteConverter.cacheFromOpenSsl(331) | Cipher suite mapping: SSL_ECDH_ECDSA_WITH_AES_128_CBC_SHA256 => ECDH-ECDSA-AES128-SHA256
[DEBUG] [2021-11-29 10:32:27] CipherSuiteConverter.cacheFromOpenSsl(330) | Cipher suite mapping: TLS_ECDH_RSA_WITH_AES_128_CBC_SHA => ECDH-RSA-AES128-SHA
[DEBUG] [2021-11-29 10:32:27] CipherSuiteConverter.cacheFromOpenSsl(331) | Cipher suite mapping: SSL_ECDH_RSA_WITH_AES_128_CBC_SHA => ECDH-RSA-AES128-SHA
[DEBUG] [2021-11-29 10:32:27] CipherSuiteConverter.cacheFromOpenSsl(330) | Cipher suite mapping: TLS_ECDH_ECDSA_WITH_AES_128_CBC_SHA => ECDH-ECDSA-AES128-SHA
[DEBUG] [2021-11-29 10:32:27] CipherSuiteConverter.cacheFromOpenSsl(331) | Cipher suite mapping: SSL_ECDH_ECDSA_WITH_AES_128_CBC_SHA => ECDH-ECDSA-AES128-SHA
[DEBUG] [2021-11-29 10:32:27] CipherSuiteConverter.cacheFromOpenSsl(330) | Cipher suite mapping: TLS_RSA_WITH_AES_128_GCM_SHA256 => AES128-GCM-SHA256
[DEBUG] [2021-11-29 10:32:27] CipherSuiteConverter.cacheFromOpenSsl(331) | Cipher suite mapping: SSL_RSA_WITH_AES_128_GCM_SHA256 => AES128-GCM-SHA256
[DEBUG] [2021-11-29 10:32:27] CipherSuiteConverter.cacheFromOpenSsl(330) | Cipher suite mapping: TLS_RSA_WITH_AES_128_CBC_SHA256 => AES128-SHA256
[DEBUG] [2021-11-29 10:32:27] CipherSuiteConverter.cacheFromOpenSsl(331) | Cipher suite mapping: SSL_RSA_WITH_AES_128_CBC_SHA256 => AES128-SHA256
[DEBUG] [2021-11-29 10:32:27] CipherSuiteConverter.cacheFromOpenSsl(330) | Cipher suite mapping: TLS_RSA_WITH_AES_128_CBC_SHA => AES128-SHA
[DEBUG] [2021-11-29 10:32:27] CipherSuiteConverter.cacheFromOpenSsl(331) | Cipher suite mapping: SSL_RSA_WITH_AES_128_CBC_SHA => AES128-SHA
[DEBUG] [2021-11-29 10:32:27] CipherSuiteConverter.cacheFromOpenSsl(330) | Cipher suite mapping: TLS_RSA_WITH_SEED_SHA => SEED-SHA
[DEBUG] [2021-11-29 10:32:27] CipherSuiteConverter.cacheFromOpenSsl(331) | Cipher suite mapping: SSL_RSA_WITH_SEED_SHA => SEED-SHA
[DEBUG] [2021-11-29 10:32:27] CipherSuiteConverter.cacheFromOpenSsl(330) | Cipher suite mapping: TLS_RSA_WITH_CAMELLIA128_SHA => CAMELLIA128-SHA
[DEBUG] [2021-11-29 10:32:27] CipherSuiteConverter.cacheFromOpenSsl(331) | Cipher suite mapping: SSL_RSA_WITH_CAMELLIA128_SHA => CAMELLIA128-SHA
[DEBUG] [2021-11-29 10:32:27] CipherSuiteConverter.cacheFromOpenSsl(330) | Cipher suite mapping: TLS_RSA_WITH_IDEA_CBC_SHA => IDEA-CBC-SHA
[DEBUG] [2021-11-29 10:32:27] CipherSuiteConverter.cacheFromOpenSsl(331) | Cipher suite mapping: SSL_RSA_WITH_IDEA_CBC_SHA => IDEA-CBC-SHA
[DEBUG] [2021-11-29 10:32:27] CipherSuiteConverter.cacheFromOpenSsl(330) | Cipher suite mapping: TLS_PSK_WITH_AES_128_CBC_SHA => PSK-AES128-CBC-SHA
[DEBUG] [2021-11-29 10:32:27] CipherSuiteConverter.cacheFromOpenSsl(331) | Cipher suite mapping: SSL_PSK_WITH_AES_128_CBC_SHA => PSK-AES128-CBC-SHA
[DEBUG] [2021-11-29 10:32:27] CipherSuiteConverter.cacheFromOpenSsl(330) | Cipher suite mapping: TLS_ECDHE_RSA_WITH_RC4_128_SHA => ECDHE-RSA-RC4-SHA
[DEBUG] [2021-11-29 10:32:27] CipherSuiteConverter.cacheFromOpenSsl(331) | Cipher suite mapping: SSL_ECDHE_RSA_WITH_RC4_128_SHA => ECDHE-RSA-RC4-SHA
[DEBUG] [2021-11-29 10:32:27] CipherSuiteConverter.cacheFromOpenSsl(330) | Cipher suite mapping: TLS_ECDHE_ECDSA_WITH_RC4_128_SHA => ECDHE-ECDSA-RC4-SHA
[DEBUG] [2021-11-29 10:32:27] CipherSuiteConverter.cacheFromOpenSsl(331) | Cipher suite mapping: SSL_ECDHE_ECDSA_WITH_RC4_128_SHA => ECDHE-ECDSA-RC4-SHA
[DEBUG] [2021-11-29 10:32:27] CipherSuiteConverter.cacheFromOpenSsl(330) | Cipher suite mapping: TLS_ECDH_anon_WITH_RC4_128_SHA => AECDH-RC4-SHA
[DEBUG] [2021-11-29 10:32:27] CipherSuiteConverter.cacheFromOpenSsl(331) | Cipher suite mapping: SSL_ECDH_anon_WITH_RC4_128_SHA => AECDH-RC4-SHA
[DEBUG] [2021-11-29 10:32:27] CipherSuiteConverter.cacheFromOpenSsl(330) | Cipher suite mapping: TLS_DH_anon_WITH_RC4_128_MD5 => ADH-RC4-MD5
[DEBUG] [2021-11-29 10:32:27] CipherSuiteConverter.cacheFromOpenSsl(331) | Cipher suite mapping: SSL_DH_anon_WITH_RC4_128_MD5 => ADH-RC4-MD5
[DEBUG] [2021-11-29 10:32:27] CipherSuiteConverter.cacheFromOpenSsl(330) | Cipher suite mapping: TLS_ECDH_RSA_WITH_RC4_128_SHA => ECDH-RSA-RC4-SHA
[DEBUG] [2021-11-29 10:32:27] CipherSuiteConverter.cacheFromOpenSsl(331) | Cipher suite mapping: SSL_ECDH_RSA_WITH_RC4_128_SHA => ECDH-RSA-RC4-SHA
[DEBUG] [2021-11-29 10:32:27] CipherSuiteConverter.cacheFromOpenSsl(330) | Cipher suite mapping: TLS_ECDH_ECDSA_WITH_RC4_128_SHA => ECDH-ECDSA-RC4-SHA
[DEBUG] [2021-11-29 10:32:27] CipherSuiteConverter.cacheFromOpenSsl(331) | Cipher suite mapping: SSL_ECDH_ECDSA_WITH_RC4_128_SHA => ECDH-ECDSA-RC4-SHA
[DEBUG] [2021-11-29 10:32:27] CipherSuiteConverter.cacheFromOpenSsl(330) | Cipher suite mapping: TLS_RSA_WITH_RC4_128_SHA => RC4-SHA
[DEBUG] [2021-11-29 10:32:27] CipherSuiteConverter.cacheFromOpenSsl(331) | Cipher suite mapping: SSL_RSA_WITH_RC4_128_SHA => RC4-SHA
[DEBUG] [2021-11-29 10:32:27] CipherSuiteConverter.cacheFromOpenSsl(330) | Cipher suite mapping: TLS_RSA_WITH_RC4_128_MD5 => RC4-MD5
[DEBUG] [2021-11-29 10:32:27] CipherSuiteConverter.cacheFromOpenSsl(331) | Cipher suite mapping: SSL_RSA_WITH_RC4_128_MD5 => RC4-MD5
[DEBUG] [2021-11-29 10:32:27] CipherSuiteConverter.cacheFromOpenSsl(330) | Cipher suite mapping: TLS_PSK_WITH_RC4_128_SHA => PSK-RC4-SHA
[DEBUG] [2021-11-29 10:32:27] CipherSuiteConverter.cacheFromOpenSsl(331) | Cipher suite mapping: SSL_PSK_WITH_RC4_128_SHA => PSK-RC4-SHA
[DEBUG] [2021-11-29 10:32:27] CipherSuiteConverter.cacheFromOpenSsl(330) | Cipher suite mapping: TLS_ECDHE_RSA_WITH_3DES_EDE_CBC_SHA => ECDHE-RSA-DES-CBC3-SHA
[DEBUG] [2021-11-29 10:32:27] CipherSuiteConverter.cacheFromOpenSsl(331) | Cipher suite mapping: SSL_ECDHE_RSA_WITH_3DES_EDE_CBC_SHA => ECDHE-RSA-DES-CBC3-SHA
[DEBUG] [2021-11-29 10:32:27] CipherSuiteConverter.cacheFromOpenSsl(330) | Cipher suite mapping: TLS_ECDHE_ECDSA_WITH_3DES_EDE_CBC_SHA => ECDHE-ECDSA-DES-CBC3-SHA
[DEBUG] [2021-11-29 10:32:27] CipherSuiteConverter.cacheFromOpenSsl(331) | Cipher suite mapping: SSL_ECDHE_ECDSA_WITH_3DES_EDE_CBC_SHA => ECDHE-ECDSA-DES-CBC3-SHA
[DEBUG] [2021-11-29 10:32:27] CipherSuiteConverter.cacheFromOpenSsl(330) | Cipher suite mapping: TLS_SRP_DSS_WITH_3DES_EDE_CBC_SHA => SRP-DSS-3DES-EDE-CBC-SHA
[DEBUG] [2021-11-29 10:32:27] CipherSuiteConverter.cacheFromOpenSsl(331) | Cipher suite mapping: SSL_SRP_DSS_WITH_3DES_EDE_CBC_SHA => SRP-DSS-3DES-EDE-CBC-SHA
[DEBUG] [2021-11-29 10:32:27] CipherSuiteConverter.cacheFromOpenSsl(330) | Cipher suite mapping: TLS_SRP_RSA_WITH_3DES_EDE_CBC_SHA => SRP-RSA-3DES-EDE-CBC-SHA
[DEBUG] [2021-11-29 10:32:27] CipherSuiteConverter.cacheFromOpenSsl(331) | Cipher suite mapping: SSL_SRP_RSA_WITH_3DES_EDE_CBC_SHA => SRP-RSA-3DES-EDE-CBC-SHA
[DEBUG] [2021-11-29 10:32:27] CipherSuiteConverter.cacheFromOpenSsl(330) | Cipher suite mapping: TLS_SRP_WITH_3DES_EDE_CBC_SHA => SRP-3DES-EDE-CBC-SHA
[DEBUG] [2021-11-29 10:32:27] CipherSuiteConverter.cacheFromOpenSsl(331) | Cipher suite mapping: SSL_SRP_WITH_3DES_EDE_CBC_SHA => SRP-3DES-EDE-CBC-SHA
[DEBUG] [2021-11-29 10:32:27] CipherSuiteConverter.cacheFromOpenSsl(330) | Cipher suite mapping: TLS_EDH_RSA_WITH_3DES_EDE_CBC_SHA => EDH-RSA-DES-CBC3-SHA
[DEBUG] [2021-11-29 10:32:27] CipherSuiteConverter.cacheFromOpenSsl(331) | Cipher suite mapping: SSL_EDH_RSA_WITH_3DES_EDE_CBC_SHA => EDH-RSA-DES-CBC3-SHA
[DEBUG] [2021-11-29 10:32:27] CipherSuiteConverter.cacheFromOpenSsl(330) | Cipher suite mapping: TLS_EDH_DSS_WITH_3DES_EDE_CBC_SHA => EDH-DSS-DES-CBC3-SHA
[DEBUG] [2021-11-29 10:32:27] CipherSuiteConverter.cacheFromOpenSsl(331) | Cipher suite mapping: SSL_EDH_DSS_WITH_3DES_EDE_CBC_SHA => EDH-DSS-DES-CBC3-SHA
[DEBUG] [2021-11-29 10:32:27] CipherSuiteConverter.cacheFromOpenSsl(330) | Cipher suite mapping: TLS_RSA_WITH_DH_RSA_DES_CBC3_SHA => DH-RSA-DES-CBC3-SHA
[DEBUG] [2021-11-29 10:32:27] CipherSuiteConverter.cacheFromOpenSsl(331) | Cipher suite mapping: SSL_RSA_WITH_DH_RSA_DES_CBC3_SHA => DH-RSA-DES-CBC3-SHA
[DEBUG] [2021-11-29 10:32:27] CipherSuiteConverter.cacheFromOpenSsl(330) | Cipher suite mapping: TLS_RSA_WITH_DH_DSS_DES_CBC3_SHA => DH-DSS-DES-CBC3-SHA
[DEBUG] [2021-11-29 10:32:27] CipherSuiteConverter.cacheFromOpenSsl(331) | Cipher suite mapping: SSL_RSA_WITH_DH_DSS_DES_CBC3_SHA => DH-DSS-DES-CBC3-SHA
[DEBUG] [2021-11-29 10:32:27] CipherSuiteConverter.cacheFromOpenSsl(330) | Cipher suite mapping: TLS_ECDH_anon_WITH_3DES_EDE_CBC_SHA => AECDH-DES-CBC3-SHA
[DEBUG] [2021-11-29 10:32:27] CipherSuiteConverter.cacheFromOpenSsl(331) | Cipher suite mapping: SSL_ECDH_anon_WITH_3DES_EDE_CBC_SHA => AECDH-DES-CBC3-SHA
[DEBUG] [2021-11-29 10:32:27] CipherSuiteConverter.cacheFromOpenSsl(330) | Cipher suite mapping: TLS_DH_anon_WITH_3DES_EDE_CBC_SHA => ADH-DES-CBC3-SHA
[DEBUG] [2021-11-29 10:32:27] CipherSuiteConverter.cacheFromOpenSsl(331) | Cipher suite mapping: SSL_DH_anon_WITH_3DES_EDE_CBC_SHA => ADH-DES-CBC3-SHA
[DEBUG] [2021-11-29 10:32:27] CipherSuiteConverter.cacheFromOpenSsl(330) | Cipher suite mapping: TLS_ECDH_RSA_WITH_3DES_EDE_CBC_SHA => ECDH-RSA-DES-CBC3-SHA
[DEBUG] [2021-11-29 10:32:27] CipherSuiteConverter.cacheFromOpenSsl(331) | Cipher suite mapping: SSL_ECDH_RSA_WITH_3DES_EDE_CBC_SHA => ECDH-RSA-DES-CBC3-SHA
[DEBUG] [2021-11-29 10:32:27] CipherSuiteConverter.cacheFromOpenSsl(330) | Cipher suite mapping: TLS_ECDH_ECDSA_WITH_3DES_EDE_CBC_SHA => ECDH-ECDSA-DES-CBC3-SHA
[DEBUG] [2021-11-29 10:32:27] CipherSuiteConverter.cacheFromOpenSsl(331) | Cipher suite mapping: SSL_ECDH_ECDSA_WITH_3DES_EDE_CBC_SHA => ECDH-ECDSA-DES-CBC3-SHA
[DEBUG] [2021-11-29 10:32:27] CipherSuiteConverter.cacheFromOpenSsl(330) | Cipher suite mapping: TLS_RSA_WITH_3DES_EDE_CBC_SHA => DES-CBC3-SHA
[DEBUG] [2021-11-29 10:32:27] CipherSuiteConverter.cacheFromOpenSsl(331) | Cipher suite mapping: SSL_RSA_WITH_3DES_EDE_CBC_SHA => DES-CBC3-SHA
[DEBUG] [2021-11-29 10:32:27] CipherSuiteConverter.cacheFromOpenSsl(330) | Cipher suite mapping: TLS_PSK_WITH_3DES_EDE_CBC_SHA => PSK-3DES-EDE-CBC-SHA
[DEBUG] [2021-11-29 10:32:27] CipherSuiteConverter.cacheFromOpenSsl(331) | Cipher suite mapping: SSL_PSK_WITH_3DES_EDE_CBC_SHA => PSK-3DES-EDE-CBC-SHA
[DEBUG] [2021-11-29 10:32:27] OpenSsl.<clinit>(369) | Supported protocols (OpenSSL): [SSLv2Hello, TLSv1, TLSv1.1, TLSv1.2] 
[DEBUG] [2021-11-29 10:32:27] OpenSsl.<clinit>(370) | Default cipher suites (OpenSSL): [TLS_ECDHE_ECDSA_WITH_AES_256_GCM_SHA384, TLS_ECDHE_ECDSA_WITH_AES_128_GCM_SHA256, TLS_ECDHE_RSA_WITH_AES_128_GCM_SHA256, TLS_ECDHE_RSA_WITH_AES_256_GCM_SHA384, TLS_ECDHE_RSA_WITH_AES_128_CBC_SHA, TLS_ECDHE_RSA_WITH_AES_256_CBC_SHA, TLS_RSA_WITH_AES_128_GCM_SHA256, TLS_RSA_WITH_AES_128_CBC_SHA, TLS_RSA_WITH_AES_256_CBC_SHA]
[DEBUG] [2021-11-29 10:32:27] ResourceLeakDetectorFactory$DefaultResourceLeakDetectorFactory.newResourceLeakDetector(196) | Loaded default ResourceLeakDetector: io.netty.util.ResourceLeakDetector@6cb6decd
[DEBUG] [2021-11-29 10:32:27] ConnectionManager.startConnect(107) | startConnect to 127.0.0.1:20200
[DEBUG] [2021-11-29 10:32:27] DefaultChannelId.<clinit>(79) | -Dio.netty.processId: 1441 (auto-detected)
[DEBUG] [2021-11-29 10:32:27] DefaultChannelId.<clinit>(101) | -Dio.netty.machineId: 00:15:5d:ff:fe:58:3c:c3 (auto-detected)
[DEBUG] [2021-11-29 10:32:27] ConnectionManager.startConnect(107) | startConnect to 127.0.0.1:20201
[DEBUG] [2021-11-29 10:32:27] ResourceLeakDetectorFactory$DefaultResourceLeakDetectorFactory.newResourceLeakDetector(196) | Loaded default ResourceLeakDetector: io.netty.util.ResourceLeakDetector@3a5bb57c
[DEBUG] [2021-11-29 10:32:27] ConnectionManager.startConnect(142) |  start connect end. 
[DEBUG] [2021-11-29 10:32:27] ConnectionManager.startReconnectSchedule(146) |  start reconnect schedule
[DEBUG] [2021-11-29 10:32:27] SslHandler.setHandshakeSuccess(1807) | [id: 0x094881d8, L:/127.0.0.1:44748 - R:/127.0.0.1:20200] HANDSHAKEN: protocol:TLSv1.2 cipher suite:TLS_ECDHE_ECDSA_WITH_AES_256_GCM_SHA384
[DEBUG] [2021-11-29 10:32:27] SslHandler.setHandshakeSuccess(1807) | [id: 0x0292c74a, L:/127.0.0.1:47808 - R:/127.0.0.1:20201] HANDSHAKEN: protocol:TLSv1.2 cipher suite:TLS_ECDHE_ECDSA_WITH_AES_256_GCM_SHA384
[INFO] [2021-11-29 10:32:27] ChannelHandler.userEventTriggered(73) |  handshake success, host: 127.0.0.1, port: 20200, ctx: 1538616337
[INFO] [2021-11-29 10:32:27] ChannelHandler.userEventTriggered(73) |  handshake success, host: 127.0.0.1, port: 20201, ctx: 1605634347
[DEBUG] [2021-11-29 10:32:27] ConnectionManager.addConnectionContext(418) | addConnectionContext, endpoint: 127.0.0.1:20200, ctx:ChannelHandlerContext(ChannelHandler#0, [id: 0x094881d8, L:/127.0.0.1:44748 - R:/127.0.0.1:20200])
[DEBUG] [2021-11-29 10:32:27] ConnectionManager.addConnectionContext(418) | addConnectionContext, endpoint: 127.0.0.1:20201, ctx:ChannelHandlerContext(ChannelHandler#0, [id: 0x0292c74a, L:/127.0.0.1:47808 - R:/127.0.0.1:20201])
[DEBUG] [2021-11-29 10:32:27] ChannelMsgHandler.onConnect(112) | onConnect in ChannelMsgHandler called, host : 127.0.0.1:20200
[DEBUG] [2021-11-29 10:32:27] ChannelMsgHandler.onConnect(112) | onConnect in ChannelMsgHandler called, host : 127.0.0.1:20201
[DEBUG] [2021-11-29 10:32:27] ChannelMsgHandler.onMessage(123) | onMessage in ChannelMsgHandler called, host : 127.0.0.1:20200, seq : 22036807e9da4db6b48a5201f3c21615, msgType : 18
[DEBUG] [2021-11-29 10:32:27] ChannelMsgHandler.onMessage(123) | onMessage in ChannelMsgHandler called, host : 127.0.0.1:20201, seq : 5df348df2fb843369f8168f3d1fe093b, msgType : 18
[INFO] [2021-11-29 10:32:27] ChannelMsgHandler$1.onResponse(225) |  node: ClientVersion{version='2.8.0', supportedVersion='2.8.0', chainId='1', buildTime='20210830 12:52:15', buildType='Linux/clang/Release', gitBranch='HEAD', gitCommitHash='30fb38ac5692468058abf6aa12869d2ae776c275'}, content: {"id":1,"jsonrpc":"2.0","result":{"Build Time":"20210830 12:52:15","Build Type":"Linux/clang/Release","Chain Id":"1","FISCO-BCOS Version":"2.8.0","Git Branch":"HEAD","Git Commit Hash":"30fb38ac5692468058abf6aa12869d2ae776c275","Supported Version":"2.8.0"}}

[INFO] [2021-11-29 10:32:27] ChannelMsgHandler$1.onResponse(225) |  node: ClientVersion{version='2.8.0', supportedVersion='2.8.0', chainId='1', buildTime='20210830 12:52:15', buildType='Linux/clang/Release', gitBranch='HEAD', gitCommitHash='30fb38ac5692468058abf6aa12869d2ae776c275'}, content: {"id":0,"jsonrpc":"2.0","result":{"Build Time":"20210830 12:52:15","Build Type":"Linux/clang/Release","Chain Id":"1","FISCO-BCOS Version":"2.8.0","Git Branch":"HEAD","Git Commit Hash":"30fb38ac5692468058abf6aa12869d2ae776c275","Supported Version":"2.8.0"}}

[INFO] [2021-11-29 10:32:27] ChannelMsgHandler$1.onResponse(233) |  support channel handshake node
[INFO] [2021-11-29 10:32:27] ChannelMsgHandler$1.onResponse(233) |  support channel handshake node
[DEBUG] [2021-11-29 10:32:27] ChannelMsgHandler.onMessage(123) | onMessage in ChannelMsgHandler called, host : 127.0.0.1:20201, seq : ff479de3a6b14b0ebe1cab9ca3ef5599, msgType : 20
[DEBUG] [2021-11-29 10:32:27] ChannelMsgHandler.onMessage(123) | onMessage in ChannelMsgHandler called, host : 127.0.0.1:20200, seq : bd4a5e4ec65d4fd8b2fab7640329fc36, msgType : 20
[INFO] [2021-11-29 10:32:27] ChannelMsgHandler$2.onResponse(309) |  channel protocol handshake success, set socket channel protocol, host: 127.0.0.1:20200, channel protocol: ChannelProtocol [protocol=3, nodeVersion=2.8.0, EnumProtocol=VERSION_3]
[INFO] [2021-11-29 10:32:27] ChannelMsgHandler$2.onResponse(309) |  channel protocol handshake success, set socket channel protocol, host: 127.0.0.1:20201, channel protocol: ChannelProtocol [protocol=3, nodeVersion=2.8.0, EnumProtocol=VERSION_3]
[INFO] [2021-11-29 10:32:27] ChannelImp.checkConnectionsToStartPeriodTask(132) |  Connect to  nodes: 127.0.0.1:20200, 127.0.0.1:20201, java version: 11.0.11 ,java vendor: Ubuntu
[DEBUG] [2021-11-29 10:32:27] ChannelImp.start(92) | Start the channel success
[INFO] [2021-11-29 10:32:27] BcosSDK.<init>(77) | create BcosSDK, start channel success, cryptoType: 0
[DEBUG] [2021-11-29 10:32:27] ThreadPoolService.<init>(37) | Create ThreadPoolService, threadName: channelProcessor, corePoolSize: 16, maxBlockingQueueSize: 102400
[INFO] [2021-11-29 10:32:27] BcosSDK.<init>(87) | create BcosSDK, start channel succ, channelProcessorThreadSize: 16, receiptProcessorThreadSize: 16
[DEBUG] [2021-11-29 10:32:27] ThreadPoolService.<init>(37) | Create ThreadPoolService, threadName: GroupManagerServiceImpl, corePoolSize: 16, maxBlockingQueueSize: 102400
[DEBUG] [2021-11-29 10:32:27] ChannelMsgHandler.onMessage(123) | onMessage in ChannelMsgHandler called, host : 127.0.0.1:20200, seq : 7d8dc8c47a8a45be827c199856921138, msgType : 19
[DEBUG] [2021-11-29 10:32:27] ChannelMsgHandler.onMessage(123) | onMessage in ChannelMsgHandler called, host : 127.0.0.1:20201, seq : 30f8b58ea0d1419c88034ef52177e73e, msgType : 19
[INFO] [2021-11-29 10:32:27] GroupManagerServiceImpl.registerBlockNumberNotifyHandler(259) | registerBlockNumberNotifyHandler
[INFO] [2021-11-29 10:32:27] GroupManagerServiceImpl.registerTransactionNotifyHandler(281) | registerTransactionNotifyHandler
[DEBUG] [2021-11-29 10:32:27] ChannelMsgHandler.onMessage(123) | onMessage in ChannelMsgHandler called, host : 127.0.0.1:20200, seq : 5d67091056c141d59eadcefe0c2614d7, msgType : 18
[DEBUG] [2021-11-29 10:32:27] GroupServiceImpl.<init>(45) | insert group: 1 for peer 127.0.0.1:20200
[DEBUG] [2021-11-29 10:32:27] GroupManagerServiceImpl.getAndUpdateBlockNumberForAllPeers(528) | g: 1, getAndUpdateBlockNumberForAllPeers, group availablePeers:[127.0.0.1:20200]
[DEBUG] [2021-11-29 10:32:27] ChannelMsgHandler.onMessage(123) | onMessage in ChannelMsgHandler called, host : 127.0.0.1:20200, seq : ae2c228bf17d4954874d57be48098e93, msgType : 18
[DEBUG] [2021-11-29 10:32:27] GroupServiceImpl.updatePeersBlockNumberInfo(104) | updatePeersBlockNumberInfo for 127.0.0.1:20200, updated blockNumber: 0, groupId: 1
[DEBUG] [2021-11-29 10:32:27] GroupServiceImpl.updateLatestBlockNumber(127) | g:1, updateLatestBlockNumber, latestBlockNumber: 0, nodeWithLatestBlockNumber:[127.0.0.1:20200]
[DEBUG] [2021-11-29 10:32:27] GroupManagerServiceImpl.fetchAndUpdateBlockNumberInfo(542) | fetch and update the blockNumber information, groupId: 1, peer:127.0.0.1:20200, blockNumber: 0
[DEBUG] [2021-11-29 10:32:27] ChannelMsgHandler.onMessage(123) | onMessage in ChannelMsgHandler called, host : 127.0.0.1:20201, seq : 6054a949fef44fd683ec412f6c1599e3, msgType : 18
[DEBUG] [2021-11-29 10:32:27] GroupServiceImpl.insertNode(84) | g:1, insertNode=127.0.0.1:20201, nodeSize=2, blockNumberInfoSize=1
[DEBUG] [2021-11-29 10:32:27] ChannelMsgHandler.onMessage(123) | onMessage in ChannelMsgHandler called, host : 127.0.0.1:20201, seq : 6c62cacec2ee4fd3b57885a7a1286d38, msgType : 18
[DEBUG] [2021-11-29 10:32:27] GroupServiceImpl.updatePeersBlockNumberInfo(104) | updatePeersBlockNumberInfo for 127.0.0.1:20201, updated blockNumber: 0, groupId: 1
[DEBUG] [2021-11-29 10:32:27] GroupServiceImpl.updateLatestBlockNumber(127) | g:1, updateLatestBlockNumber, latestBlockNumber: 0, nodeWithLatestBlockNumber:[127.0.0.1:20200, 127.0.0.1:20201]
[DEBUG] [2021-11-29 10:32:27] GroupManagerServiceImpl.fetchAndUpdateBlockNumberInfo(542) | fetch and update the blockNumber information, groupId: 1, peer:127.0.0.1:20201, blockNumber: 0
[DEBUG] [2021-11-29 10:32:27] ChannelMsgHandler.onMessage(123) | onMessage in ChannelMsgHandler called, host : 127.0.0.1:20200, seq : ffeb19fa70f84a98909a718b2ba48c1e, msgType : 18
[DEBUG] [2021-11-29 10:32:27] ChannelMsgHandler.onMessage(123) | onMessage in ChannelMsgHandler called, host : 127.0.0.1:20201, seq : df8fb3acc7574cf2b7ca90f3c70b1a5b, msgType : 18
[DEBUG] [2021-11-29 10:32:27] GroupManagerServiceImpl.start(445) | start GroupManagerService...
[INFO] [2021-11-29 10:32:27] BcosSDK.<init>(98) | create BcosSDK, create groupManagerService success
[DEBUG] [2021-11-29 10:32:27] ChannelMsgHandler.onMessage(123) | onMessage in ChannelMsgHandler called, host : 127.0.0.1:20200, seq : e45a3949e806497db3bcf740497abb1b, msgType : 18
[DEBUG] [2021-11-29 10:32:27] ChannelMsgHandler.onMessage(123) | onMessage in ChannelMsgHandler called, host : 127.0.0.1:20201, seq : 8fe04c41b67e4046920f971f02108697, msgType : 18
[WARN] [2021-11-29 10:32:28] KeyTool.getMethod(309) | get method for EC5Util failed, method name: convertSpec
[WARN] [2021-11-29 10:32:28] KeyTool.getMethod(309) | get method for EC5Util failed, method name: convertSpec
[WARN] [2021-11-29 10:32:28] KeyTool.getMethod(309) | get method for EC5Util failed, method name: convertSpec
[WARN] [2021-11-29 10:32:28] KeyTool.getMethod(309) | get method for EC5Util failed, method name: convertSpec
[WARN] [2021-11-29 10:32:28] KeyTool.getMethod(309) | get method for EC5Util failed, method name: convertSpec
[WARN] [2021-11-29 10:32:28] KeyTool.getMethod(309) | get method for EC5Util failed, method name: convertSpec
[WARN] [2021-11-29 10:32:28] KeyTool.getMethod(309) | get method for EC5Util failed, method name: convertSpec
[WARN] [2021-11-29 10:32:28] KeyTool.getMethod(309) | get method for EC5Util failed, method name: convertSpec
[WARN] [2021-11-29 10:32:28] KeyTool.getMethod(309) | get method for EC5Util failed, method name: convertSpec
[WARN] [2021-11-29 10:32:28] KeyTool.getMethod(309) | get method for EC5Util failed, method name: convertSpec
[WARN] [2021-11-29 10:32:28] KeyTool.getMethod(309) | get method for EC5Util failed, method name: convertSpec
[WARN] [2021-11-29 10:32:28] KeyTool.getMethod(309) | get method for EC5Util failed, method name: convertSpec
[WARN] [2021-11-29 10:32:28] KeyTool.getMethod(309) | get method for EC5Util failed, method name: convertSpec
[WARN] [2021-11-29 10:32:28] KeyTool.getMethod(309) | get method for EC5Util failed, method name: convertSpec
[WARN] [2021-11-29 10:32:28] KeyTool.getMethod(309) | get method for EC5Util failed, method name: convertSpec
[WARN] [2021-11-29 10:32:28] KeyTool.getMethod(309) | get method for EC5Util failed, method name: convertSpec
[WARN] [2021-11-29 10:32:28] KeyTool.getMethod(309) | get method for EC5Util failed, method name: convertSpec
[WARN] [2021-11-29 10:32:28] KeyTool.getMethod(309) | get method for EC5Util failed, method name: convertSpec
[DEBUG] [2021-11-29 10:32:28] GroupManagerServiceImpl.setAmop(806) | register blockNotify for 127.0.0.1:20200, groupList: [1]
[DEBUG] [2021-11-29 10:32:28] TopicManager.updateBlockNotify(158) | update block notify, peer: 127.0.0.1:20200, groupInfo: [1]
[DEBUG] [2021-11-29 10:32:28] TopicManager.updateBlockNotify(163) | add block notify, peer: 127.0.0.1:20200, topic: _block_notify_1
[INFO] [2021-11-29 10:32:28] AmopImp.sendSubscribe(216) | update subscribe inform 2 peers
[DEBUG] [2021-11-29 10:32:28] AmopImp.updateSubscribeToPeer(238) | update topics to node, node:127.0.0.1:20200, topics:["_block_notify_1"]
[DEBUG] [2021-11-29 10:32:28] AmopImp.updateSubscribeToPeer(238) | update topics to node, node:127.0.0.1:20201, topics:[]
[DEBUG] [2021-11-29 10:32:28] GroupManagerServiceImpl.setAmop(806) | register blockNotify for 127.0.0.1:20201, groupList: [1]
[DEBUG] [2021-11-29 10:32:28] TopicManager.updateBlockNotify(158) | update block notify, peer: 127.0.0.1:20201, groupInfo: [1]
[DEBUG] [2021-11-29 10:32:28] TopicManager.updateBlockNotify(163) | add block notify, peer: 127.0.0.1:20201, topic: _block_notify_1
[INFO] [2021-11-29 10:32:28] AmopImp.sendSubscribe(216) | update subscribe inform 2 peers
[DEBUG] [2021-11-29 10:32:28] AmopImp.updateSubscribeToPeer(238) | update topics to node, node:127.0.0.1:20200, topics:["_block_notify_1"]
[DEBUG] [2021-11-29 10:32:28] AmopImp.updateSubscribeToPeer(238) | update topics to node, node:127.0.0.1:20201, topics:["_block_notify_1"]
[INFO] [2021-11-29 10:32:28] AmopImp.start(188) | amop module started
[INFO] [2021-11-29 10:32:28] AmopImp.sendSubscribe(216) | update subscribe inform 2 peers
[DEBUG] [2021-11-29 10:32:28] AmopImp.updateSubscribeToPeer(238) | update topics to node, node:127.0.0.1:20200, topics:["_block_notify_1"]
[DEBUG] [2021-11-29 10:32:28] AmopImp.updateSubscribeToPeer(238) | update topics to node, node:127.0.0.1:20201, topics:["_block_notify_1"]
[INFO] [2021-11-29 10:32:28] BcosSDK.<init>(103) | create BcosSDK, create Amop success
[DEBUG] [2021-11-29 10:32:28] ChannelMsgHandler.onMessage(123) | onMessage in ChannelMsgHandler called, host : 127.0.0.1:20200, seq : e6f485fb666a4e9c97176e77a3777690, msgType : 18
[DEBUG] [2021-11-29 10:32:28] ChannelMsgHandler.onMessage(123) | onMessage in ChannelMsgHandler called, host : 127.0.0.1:20201, seq : 4621e0d09122405fbe851d718bbd144e, msgType : 18
[DEBUG] [2021-11-29 10:32:28] ChannelMsgHandler.onMessage(123) | onMessage in ChannelMsgHandler called, host : 127.0.0.1:20200, seq : c0c7a5e8252b49deb35da67a8aacea50, msgType : 18
[DEBUG] [2021-11-29 10:32:28] ChannelMsgHandler.onMessage(123) | onMessage in ChannelMsgHandler called, host : 127.0.0.1:20201, seq : e0d5549595944982bacf58e101a64d90, msgType : 18
[WARN] [2021-11-29 10:32:28] KeyTool.getMethod(309) | get method for EC5Util failed, method name: convertSpec
[WARN] [2021-11-29 10:32:28] KeyTool.getMethod(309) | get method for EC5Util failed, method name: convertSpec
[WARN] [2021-11-29 10:32:28] KeyTool.getMethod(309) | get method for EC5Util failed, method name: convertSpec
[WARN] [2021-11-29 10:32:28] KeyTool.getMethod(309) | get method for EC5Util failed, method name: convertSpec
[WARN] [2021-11-29 10:32:28] KeyTool.getMethod(309) | get method for EC5Util failed, method name: convertSpec
[WARN] [2021-11-29 10:32:28] KeyTool.getMethod(309) | get method for EC5Util failed, method name: convertSpec
[WARN] [2021-11-29 10:32:28] KeyTool.getMethod(309) | get method for EC5Util failed, method name: convertSpec
[WARN] [2021-11-29 10:32:28] KeyTool.getMethod(309) | get method for EC5Util failed, method name: convertSpec
[INFO] [2021-11-29 10:32:28] Client.build(111) | build client success for group 1, crypto type 0
[DEBUG] [2021-11-29 10:32:28] GroupManagerServiceImpl.getAndUpdateBlockNumberForAllPeers(528) | g: 1, getAndUpdateBlockNumberForAllPeers, group availablePeers:[127.0.0.1:20200, 127.0.0.1:20201]
[DEBUG] [2021-11-29 10:32:28] ChannelMsgHandler.onMessage(123) | onMessage in ChannelMsgHandler called, host : 127.0.0.1:20200, seq : c2b4ce4776ef4bf7b6f1883b2a08a8ec, msgType : 18
[DEBUG] [2021-11-29 10:32:28] GroupServiceImpl.updateLatestBlockNumber(127) | g:1, updateLatestBlockNumber, latestBlockNumber: 0, nodeWithLatestBlockNumber:[127.0.0.1:20200, 127.0.0.1:20201]
[DEBUG] [2021-11-29 10:32:28] GroupManagerServiceImpl.fetchAndUpdateBlockNumberInfo(542) | fetch and update the blockNumber information, groupId: 1, peer:127.0.0.1:20200, blockNumber: 0
[DEBUG] [2021-11-29 10:32:28] ChannelMsgHandler.onMessage(123) | onMessage in ChannelMsgHandler called, host : 127.0.0.1:20201, seq : 8b833ddf86f645d9b28553de27c8cef3, msgType : 18
[DEBUG] [2021-11-29 10:32:28] GroupServiceImpl.updateLatestBlockNumber(127) | g:1, updateLatestBlockNumber, latestBlockNumber: 0, nodeWithLatestBlockNumber:[127.0.0.1:20200, 127.0.0.1:20201]
[DEBUG] [2021-11-29 10:32:28] GroupManagerServiceImpl.fetchAndUpdateBlockNumberInfo(542) | fetch and update the blockNumber information, groupId: 1, peer:127.0.0.1:20201, blockNumber: 0
[INFO] [2021-11-29 10:32:28] BcosSDK.getClient(178) | create client for group 1 success
[DEBUG] [2021-11-29 10:32:28] ChannelMsgHandler.onMessage(123) | onMessage in ChannelMsgHandler called, host : 127.0.0.1:20200, seq : 0dba027b7983444b8ce271e2107fd64b, msgType : 18
[DEBUG] [2021-11-29 10:32:28] ChannelMsgHandler.onMessage(123) | onMessage in ChannelMsgHandler called, host : 127.0.0.1:20201, seq : 382dd1884f484d5eb240ff86af3e3432, msgType : 18
[DEBUG] [2021-11-29 10:32:28] ConsoleInitializer.loadAccountRandomly(177) | loadAccountRandomly, keyStoreFileDirPath:account/ecdsa
[DEBUG] [2021-11-29 10:32:28] ConsoleInitializer.loadAccountRandomly(186) | load pem account from /home/huanghy/workspace/Course/BCOS/fisco/console/account/ecdsa/0xec9c281ee4e037b8317f937777f87a1bade9e315.pem
[INFO] [2021-11-29 10:32:28] CryptoSuite.loadAccount(162) | Load account from /home/huanghy/workspace/Course/BCOS/fisco/console/account/ecdsa/0xec9c281ee4e037b8317f937777f87a1bade9e315.pem
[WARN] [2021-11-29 10:32:28] KeyTool.getMethod(309) | get method for EC5Util failed, method name: convertSpec
[WARN] [2021-11-29 10:32:28] KeyTool.getMethod(309) | get method for EC5Util failed, method name: convertSpec
[DEBUG] [2021-11-29 10:32:28] TransactionProcessorFactory.getChainIdAndGroupId(35) | getNodeVersion before createTransactionManager, binaryVerison: 2.8.0, supportedVersion:2.8.0
[DEBUG] [2021-11-29 10:32:28] TransactionProcessorFactory.getChainIdAndGroupId(49) | createTransactionManager for >=rc2 node, chainId: 1, groupId: 1
[DEBUG] [2021-11-29 10:32:28] TransactionProcessorFactory.getChainIdAndGroupId(35) | getNodeVersion before createTransactionManager, binaryVerison: 2.8.0, supportedVersion:2.8.0
[DEBUG] [2021-11-29 10:32:28] TransactionProcessorFactory.getChainIdAndGroupId(49) | createTransactionManager for >=rc2 node, chainId: 1, groupId: 1
[DEBUG] [2021-11-29 10:32:28] TransactionProcessorFactory.getChainIdAndGroupId(35) | getNodeVersion before createTransactionManager, binaryVerison: 2.8.0, supportedVersion:2.8.0
[DEBUG] [2021-11-29 10:32:28] TransactionProcessorFactory.getChainIdAndGroupId(49) | createTransactionManager for >=rc2 node, chainId: 1, groupId: 1
[DEBUG] [2021-11-29 10:32:28] TransactionProcessorFactory.getChainIdAndGroupId(35) | getNodeVersion before createTransactionManager, binaryVerison: 2.8.0, supportedVersion:2.8.0
[DEBUG] [2021-11-29 10:32:28] TransactionProcessorFactory.getChainIdAndGroupId(49) | createTransactionManager for >=rc2 node, chainId: 1, groupId: 1
[DEBUG] [2021-11-29 10:32:28] TransactionProcessorFactory.getChainIdAndGroupId(35) | getNodeVersion before createTransactionManager, binaryVerison: 2.8.0, supportedVersion:2.8.0
[DEBUG] [2021-11-29 10:32:28] TransactionProcessorFactory.getChainIdAndGroupId(49) | createTransactionManager for >=rc2 node, chainId: 1, groupId: 1
[DEBUG] [2021-11-29 10:32:28] TransactionProcessorFactory.getChainIdAndGroupId(35) | getNodeVersion before createTransactionManager, binaryVerison: 2.8.0, supportedVersion:2.8.0
[DEBUG] [2021-11-29 10:32:28] TransactionProcessorFactory.getChainIdAndGroupId(49) | createTransactionManager for >=rc2 node, chainId: 1, groupId: 1
[DEBUG] [2021-11-29 10:32:28] TransactionProcessorFactory.getChainIdAndGroupId(35) | getNodeVersion before createTransactionManager, binaryVerison: 2.8.0, supportedVersion:2.8.0
[DEBUG] [2021-11-29 10:32:28] TransactionProcessorFactory.getChainIdAndGroupId(49) | createTransactionManager for >=rc2 node, chainId: 1, groupId: 1
[DEBUG] [2021-11-29 10:32:28] TransactionProcessorFactory.getChainIdAndGroupId(35) | getNodeVersion before createTransactionManager, binaryVerison: 2.8.0, supportedVersion:2.8.0
[DEBUG] [2021-11-29 10:32:28] TransactionProcessorFactory.getChainIdAndGroupId(49) | createTransactionManager for >=rc2 node, chainId: 1, groupId: 1
[DEBUG] [2021-11-29 10:32:28] TransactionProcessorFactory.getChainIdAndGroupId(35) | getNodeVersion before createTransactionManager, binaryVerison: 2.8.0, supportedVersion:2.8.0
[DEBUG] [2021-11-29 10:32:28] TransactionProcessorFactory.getChainIdAndGroupId(49) | createTransactionManager for >=rc2 node, chainId: 1, groupId: 1
[DEBUG] [2021-11-29 10:32:28] TransactionProcessorFactory.getChainIdAndGroupId(35) | getNodeVersion before createTransactionManager, binaryVerison: 2.8.0, supportedVersion:2.8.0
[DEBUG] [2021-11-29 10:32:28] TransactionProcessorFactory.getChainIdAndGroupId(49) | createTransactionManager for >=rc2 node, chainId: 1, groupId: 1
[DEBUG] [2021-11-29 10:32:29] ChannelMsgHandler.onMessage(123) | onMessage in ChannelMsgHandler called, host : 127.0.0.1:20200, seq : 258c24ec8f944c2b8fb175c786ab6c46, msgType : 19
[DEBUG] [2021-11-29 10:32:29] ChannelMsgHandler.onMessage(123) | onMessage in ChannelMsgHandler called, host : 127.0.0.1:20201, seq : e41213c3904445a3ae9f99ef315f6f20, msgType : 19
[DEBUG] [2021-11-29 10:32:31] ChannelMsgHandler.onMessage(123) | onMessage in ChannelMsgHandler called, host : 127.0.0.1:20200, seq : 7032b9e7324a4cdaa0ed44784b758017, msgType : 19
[DEBUG] [2021-11-29 10:32:31] ChannelMsgHandler.onMessage(123) | onMessage in ChannelMsgHandler called, host : 127.0.0.1:20201, seq : 48eeac2b011543dba9152d6cf38d9e68, msgType : 19
[DEBUG] [2021-11-29 10:32:33] ChannelMsgHandler.onMessage(123) | onMessage in ChannelMsgHandler called, host : 127.0.0.1:20200, seq : 2c3c2add7fa34db6be09ba4635497908, msgType : 19
[DEBUG] [2021-11-29 10:32:33] ChannelMsgHandler.onMessage(123) | onMessage in ChannelMsgHandler called, host : 127.0.0.1:20201, seq : c694fc27d9de451ea01e9e73942fa9c7, msgType : 19
[DEBUG] [2021-11-29 10:32:35] ChannelMsgHandler.onMessage(123) | onMessage in ChannelMsgHandler called, host : 127.0.0.1:20200, seq : 74fd0233597347a7a87cb9707cc4efed, msgType : 19
[DEBUG] [2021-11-29 10:32:35] ChannelMsgHandler.onMessage(123) | onMessage in ChannelMsgHandler called, host : 127.0.0.1:20201, seq : 52fca2e17c764a9495c8da675438cc19, msgType : 19
[DEBUG] [2021-11-29 10:32:37] ChannelMsgHandler.onMessage(123) | onMessage in ChannelMsgHandler called, host : 127.0.0.1:20200, seq : ce63fd211ebe4a35a19d8f1343cfe8ad, msgType : 19
[DEBUG] [2021-11-29 10:32:37] ChannelMsgHandler.onMessage(123) | onMessage in ChannelMsgHandler called, host : 127.0.0.1:20201, seq : f8ee4809d80a4b67b74780d7b15f8b62, msgType : 19
[DEBUG] [2021-11-29 10:32:39] ChannelMsgHandler.onMessage(123) | onMessage in ChannelMsgHandler called, host : 127.0.0.1:20200, seq : 078ada360cd34bf0874b0ca2c057d9e3, msgType : 19
[DEBUG] [2021-11-29 10:32:39] ChannelMsgHandler.onMessage(123) | onMessage in ChannelMsgHandler called, host : 127.0.0.1:20201, seq : 37564b4a5df64e7f8e1bce9622a52e17, msgType : 19
[DEBUG] [2021-11-29 10:32:41] ChannelMsgHandler.onMessage(123) | onMessage in ChannelMsgHandler called, host : 127.0.0.1:20200, seq : 5527aefaa59240c49e8f79b7a9188720, msgType : 19
[DEBUG] [2021-11-29 10:32:41] ChannelMsgHandler.onMessage(123) | onMessage in ChannelMsgHandler called, host : 127.0.0.1:20201, seq : 9249970de85f4767ada3faa5efb40af7, msgType : 19
[DEBUG] [2021-11-29 10:32:43] ChannelMsgHandler.onMessage(123) | onMessage in ChannelMsgHandler called, host : 127.0.0.1:20200, seq : 71071a49869e4023b6526ce3b042d59d, msgType : 19
[DEBUG] [2021-11-29 10:32:43] ChannelMsgHandler.onMessage(123) | onMessage in ChannelMsgHandler called, host : 127.0.0.1:20201, seq : 44953f25f8e14376ae9d7cee84e5ea7e, msgType : 19
[DEBUG] [2021-11-29 10:32:45] ChannelMsgHandler.onMessage(123) | onMessage in ChannelMsgHandler called, host : 127.0.0.1:20200, seq : d407044b17324245ae138e0e3834570d, msgType : 19
[DEBUG] [2021-11-29 10:32:45] ChannelMsgHandler.onMessage(123) | onMessage in ChannelMsgHandler called, host : 127.0.0.1:20201, seq : 89d39b939206454fa3eb8c168e9a5aa9, msgType : 19
[DEBUG] [2021-11-29 10:32:47] ChannelMsgHandler.onMessage(123) | onMessage in ChannelMsgHandler called, host : 127.0.0.1:20200, seq : 173d27d21ba0467fbcbbab9ce5f68294, msgType : 19
[DEBUG] [2021-11-29 10:32:47] ChannelMsgHandler.onMessage(123) | onMessage in ChannelMsgHandler called, host : 127.0.0.1:20201, seq : 6a061b6353a549e5a1d37950eeb9a134, msgType : 19
[DEBUG] [2021-11-29 10:32:49] ChannelMsgHandler.onMessage(123) | onMessage in ChannelMsgHandler called, host : 127.0.0.1:20200, seq : 39e58aee89c745038e52ab5361b81f7f, msgType : 19
[DEBUG] [2021-11-29 10:32:49] ChannelMsgHandler.onMessage(123) | onMessage in ChannelMsgHandler called, host : 127.0.0.1:20201, seq : e7142be09e614c2293d1a22001c6a562, msgType : 19
[DEBUG] [2021-11-29 10:32:49] ChannelMsgHandler.onMessage(123) | onMessage in ChannelMsgHandler called, host : 127.0.0.1:20201, seq : e708f6b8b3e74b0da3c4145786ce7da0, msgType : 18
[DEBUG] [2021-11-29 10:32:51] ChannelMsgHandler.onMessage(123) | onMessage in ChannelMsgHandler called, host : 127.0.0.1:20200, seq : 2019d3b66b6c4c4f89e03404e433754b, msgType : 19
[DEBUG] [2021-11-29 10:32:51] ChannelMsgHandler.onMessage(123) | onMessage in ChannelMsgHandler called, host : 127.0.0.1:20201, seq : 761284d8fd334ea595a00c9a3482efc2, msgType : 19
[DEBUG] [2021-11-29 10:32:53] ChannelMsgHandler.onMessage(123) | onMessage in ChannelMsgHandler called, host : 127.0.0.1:20201, seq : d2745bf1a69441c288ee6fffce874f28, msgType : 19
[DEBUG] [2021-11-29 10:32:53] ChannelMsgHandler.onMessage(123) | onMessage in ChannelMsgHandler called, host : 127.0.0.1:20200, seq : 7a6cae04d6784d88891effa98106791e, msgType : 19
[DEBUG] [2021-11-29 10:32:55] ChannelMsgHandler.onMessage(123) | onMessage in ChannelMsgHandler called, host : 127.0.0.1:20201, seq : 977ee9ff507840868a3c262dcd604455, msgType : 19
[DEBUG] [2021-11-29 10:32:55] ChannelMsgHandler.onMessage(123) | onMessage in ChannelMsgHandler called, host : 127.0.0.1:20200, seq : e3358dc80db541618e21cde3d12a2cf4, msgType : 19
[DEBUG] [2021-11-29 10:32:57] ChannelMsgHandler.onMessage(123) | onMessage in ChannelMsgHandler called, host : 127.0.0.1:20201, seq : b4162990d6234b37bcc7511a59c96b8c, msgType : 19
[DEBUG] [2021-11-29 10:32:57] ChannelMsgHandler.onMessage(123) | onMessage in ChannelMsgHandler called, host : 127.0.0.1:20200, seq : 25c983955bed40ccbfa5798c619dc89f, msgType : 19
[DEBUG] [2021-11-29 10:32:59] ChannelMsgHandler.onMessage(123) | onMessage in ChannelMsgHandler called, host : 127.0.0.1:20200, seq : 72c3aea3e89c41d0804e8131a798125f, msgType : 19
[DEBUG] [2021-11-29 10:32:59] ChannelMsgHandler.onMessage(123) | onMessage in ChannelMsgHandler called, host : 127.0.0.1:20201, seq : 7c01bff3374e4c5689c4ac73d1c2d6f7, msgType : 19
[DEBUG] [2021-11-29 10:33:01] ChannelMsgHandler.onMessage(123) | onMessage in ChannelMsgHandler called, host : 127.0.0.1:20200, seq : 5429ad097bb9401486870247dfbc8c37, msgType : 19
[DEBUG] [2021-11-29 10:33:01] ChannelMsgHandler.onMessage(123) | onMessage in ChannelMsgHandler called, host : 127.0.0.1:20201, seq : 58a65d7362b74c45967c2fd64317ad63, msgType : 19
[DEBUG] [2021-11-29 10:33:03] ChannelMsgHandler.onMessage(123) | onMessage in ChannelMsgHandler called, host : 127.0.0.1:20200, seq : ccf764bad74a4c03997257ffe107a62c, msgType : 19
[DEBUG] [2021-11-29 10:33:03] ChannelMsgHandler.onMessage(123) | onMessage in ChannelMsgHandler called, host : 127.0.0.1:20201, seq : 179ef73bbdf84603b451431a7d78aa00, msgType : 19
[DEBUG] [2021-11-29 10:33:05] ChannelMsgHandler.onMessage(123) | onMessage in ChannelMsgHandler called, host : 127.0.0.1:20200, seq : d09bbf19b4d9430da7fb95f39383ff28, msgType : 19
[DEBUG] [2021-11-29 10:33:05] ChannelMsgHandler.onMessage(123) | onMessage in ChannelMsgHandler called, host : 127.0.0.1:20201, seq : 77fca4e249494f0182f5c6335d35f66e, msgType : 19
[DEBUG] [2021-11-29 10:33:07] ChannelMsgHandler.onMessage(123) | onMessage in ChannelMsgHandler called, host : 127.0.0.1:20201, seq : bb1caf80abf4458dbca2ecfdd1cf2bc8, msgType : 19
[DEBUG] [2021-11-29 10:33:07] ChannelMsgHandler.onMessage(123) | onMessage in ChannelMsgHandler called, host : 127.0.0.1:20200, seq : af31f68dec744d4fadf0afa721440a9b, msgType : 19
[DEBUG] [2021-11-29 10:33:09] ChannelMsgHandler.onMessage(123) | onMessage in ChannelMsgHandler called, host : 127.0.0.1:20200, seq : e4a5d9b2d667446584944259e092fa51, msgType : 19
[DEBUG] [2021-11-29 10:33:09] ChannelMsgHandler.onMessage(123) | onMessage in ChannelMsgHandler called, host : 127.0.0.1:20201, seq : f9807028a26b4060ae4eb89bf2119b3d, msgType : 19
[DEBUG] [2021-11-29 10:33:11] ChannelMsgHandler.onMessage(123) | onMessage in ChannelMsgHandler called, host : 127.0.0.1:20201, seq : 2da69e19bcc949abab30002c1456ec4c, msgType : 19
[DEBUG] [2021-11-29 10:33:11] ChannelMsgHandler.onMessage(123) | onMessage in ChannelMsgHandler called, host : 127.0.0.1:20200, seq : 8a75505fb7964ebba88f838e11d9e32a, msgType : 19
[DEBUG] [2021-11-29 10:33:13] ChannelMsgHandler.onMessage(123) | onMessage in ChannelMsgHandler called, host : 127.0.0.1:20201, seq : ed65a1d626cc4be6b68164db006f31ab, msgType : 18
[DEBUG] [2021-11-29 10:33:13] ChannelMsgHandler.onMessage(123) | onMessage in ChannelMsgHandler called, host : 127.0.0.1:20200, seq : 0d3d2b6ab72543c88219f1f635917536, msgType : 19
[DEBUG] [2021-11-29 10:33:13] ChannelMsgHandler.onMessage(123) | onMessage in ChannelMsgHandler called, host : 127.0.0.1:20201, seq : c2c78e6c225b4661bc6a492f909977cf, msgType : 19
[DEBUG] [2021-11-29 10:33:15] ChannelMsgHandler.onMessage(123) | onMessage in ChannelMsgHandler called, host : 127.0.0.1:20201, seq : 4b90ad6c4b3345c49f8700b004ccc7a1, msgType : 19
[DEBUG] [2021-11-29 10:33:15] ChannelMsgHandler.onMessage(123) | onMessage in ChannelMsgHandler called, host : 127.0.0.1:20200, seq : 84cec8090e9a4078af871dc56b9d4c32, msgType : 19
[DEBUG] [2021-11-29 10:33:17] ChannelMsgHandler.onMessage(123) | onMessage in ChannelMsgHandler called, host : 127.0.0.1:20200, seq : b0f92464937d44419ad67b0d18284b62, msgType : 19
[DEBUG] [2021-11-29 10:33:17] ChannelMsgHandler.onMessage(123) | onMessage in ChannelMsgHandler called, host : 127.0.0.1:20201, seq : 54165bade6e34d578ff5c40e09335759, msgType : 19
[DEBUG] [2021-11-29 10:33:19] ChannelMsgHandler.onMessage(123) | onMessage in ChannelMsgHandler called, host : 127.0.0.1:20201, seq : 58b206ab68cf41a9b63f59402bcf6f33, msgType : 19
[DEBUG] [2021-11-29 10:33:19] ChannelMsgHandler.onMessage(123) | onMessage in ChannelMsgHandler called, host : 127.0.0.1:20200, seq : fcefe059559740d48b5bb665182b93ab, msgType : 19
[DEBUG] [2021-11-29 10:33:21] ChannelMsgHandler.onMessage(123) | onMessage in ChannelMsgHandler called, host : 127.0.0.1:20201, seq : 4aa3e20670a6469b955090e81207eec9, msgType : 19
[DEBUG] [2021-11-29 10:33:21] ChannelMsgHandler.onMessage(123) | onMessage in ChannelMsgHandler called, host : 127.0.0.1:20200, seq : 5bac1d3a0b4a42d19025b897672d9ede, msgType : 19
[DEBUG] [2021-11-29 10:33:23] ChannelMsgHandler.onMessage(123) | onMessage in ChannelMsgHandler called, host : 127.0.0.1:20200, seq : bab4bc1b3b8b4424b1734db5a104b436, msgType : 19
[DEBUG] [2021-11-29 10:33:23] ChannelMsgHandler.onMessage(123) | onMessage in ChannelMsgHandler called, host : 127.0.0.1:20201, seq : 75da0c87eb0e42aeae437c28d951d5c2, msgType : 19
[DEBUG] [2021-11-29 10:33:25] ChannelMsgHandler.onMessage(123) | onMessage in ChannelMsgHandler called, host : 127.0.0.1:20200, seq : a98f940dac3d40c2ab5bf494ef5cf55c, msgType : 19
[DEBUG] [2021-11-29 10:33:25] ChannelMsgHandler.onMessage(123) | onMessage in ChannelMsgHandler called, host : 127.0.0.1:20201, seq : e938119eff5249bf8454edd3d6162043, msgType : 19
[DEBUG] [2021-11-29 10:33:27] ChannelMsgHandler.onMessage(123) | onMessage in ChannelMsgHandler called, host : 127.0.0.1:20200, seq : 75f11b6f81f745db829041ad223a7d30, msgType : 19
[DEBUG] [2021-11-29 10:33:27] ChannelMsgHandler.onMessage(123) | onMessage in ChannelMsgHandler called, host : 127.0.0.1:20201, seq : 460af2a7d5da40df88be5d062d299c9d, msgType : 19
[DEBUG] [2021-11-29 10:33:27] ChannelMsgHandler.onMessage(123) | onMessage in ChannelMsgHandler called, host : 127.0.0.1:20200, seq : 65910979d4c74265b9ad38267cb3bc7f, msgType : 18
[DEBUG] [2021-11-29 10:33:27] ChannelMsgHandler.onMessage(123) | onMessage in ChannelMsgHandler called, host : 127.0.0.1:20201, seq : 771d90f534e74cf58f4b32234ad0711e, msgType : 18
[DEBUG] [2021-11-29 10:33:29] ChannelMsgHandler.onMessage(123) | onMessage in ChannelMsgHandler called, host : 127.0.0.1:20201, seq : 884f47f763164b97a5a4c23f464dff4f, msgType : 19
[DEBUG] [2021-11-29 10:33:29] ChannelMsgHandler.onMessage(123) | onMessage in ChannelMsgHandler called, host : 127.0.0.1:20200, seq : c63e3df04115475786f035e6a77922c5, msgType : 19
[DEBUG] [2021-11-29 10:33:31] ChannelMsgHandler.onMessage(123) | onMessage in ChannelMsgHandler called, host : 127.0.0.1:20200, seq : 567cde8bee204a11acc9587174e7ca75, msgType : 19
[DEBUG] [2021-11-29 10:33:31] ChannelMsgHandler.onMessage(123) | onMessage in ChannelMsgHandler called, host : 127.0.0.1:20201, seq : 42ceb16752a84f99839f748e2325cae9, msgType : 19
[DEBUG] [2021-11-29 10:33:33] ChannelMsgHandler.onMessage(123) | onMessage in ChannelMsgHandler called, host : 127.0.0.1:20200, seq : db2f234b85234465a5fa28061b11243c, msgType : 19
[DEBUG] [2021-11-29 10:33:33] ChannelMsgHandler.onMessage(123) | onMessage in ChannelMsgHandler called, host : 127.0.0.1:20201, seq : 3cdd91d8932744e3a311e612c4186874, msgType : 19
[DEBUG] [2021-11-29 10:33:35] ChannelMsgHandler.onMessage(123) | onMessage in ChannelMsgHandler called, host : 127.0.0.1:20200, seq : c2f493abb098476582449a62826ac984, msgType : 19
[DEBUG] [2021-11-29 10:33:35] ChannelMsgHandler.onMessage(123) | onMessage in ChannelMsgHandler called, host : 127.0.0.1:20201, seq : 71972b7c5b684c0890cf964e316d4fdf, msgType : 19
[DEBUG] [2021-11-29 10:33:37] ChannelMsgHandler.onMessage(123) | onMessage in ChannelMsgHandler called, host : 127.0.0.1:20200, seq : 550011b6949a404b938783b3ea3e4910, msgType : 19
[DEBUG] [2021-11-29 10:33:37] ChannelMsgHandler.onMessage(123) | onMessage in ChannelMsgHandler called, host : 127.0.0.1:20201, seq : 347f4a803eb843d496a9e7f16a9c858e, msgType : 19
[DEBUG] [2021-11-29 10:33:39] ChannelMsgHandler.onMessage(123) | onMessage in ChannelMsgHandler called, host : 127.0.0.1:20200, seq : 0408881ed2bc44f5ac8ff33f55c1bd38, msgType : 19
[DEBUG] [2021-11-29 10:33:39] ChannelMsgHandler.onMessage(123) | onMessage in ChannelMsgHandler called, host : 127.0.0.1:20201, seq : f4490a0cbb6e40e1be376cf4ec338a48, msgType : 19
[DEBUG] [2021-11-29 10:33:41] ChannelMsgHandler.onMessage(123) | onMessage in ChannelMsgHandler called, host : 127.0.0.1:20200, seq : 31632ab2087241fda7423b1d918fb3a0, msgType : 19
[DEBUG] [2021-11-29 10:33:41] ChannelMsgHandler.onMessage(123) | onMessage in ChannelMsgHandler called, host : 127.0.0.1:20201, seq : f40007f70cc94233a40759ad9cc5d215, msgType : 19
[DEBUG] [2021-11-29 10:33:43] ChannelMsgHandler.onMessage(123) | onMessage in ChannelMsgHandler called, host : 127.0.0.1:20200, seq : c9e8b505502e4a7b9baa6b887007f7e7, msgType : 19
[DEBUG] [2021-11-29 10:33:43] ChannelMsgHandler.onMessage(123) | onMessage in ChannelMsgHandler called, host : 127.0.0.1:20201, seq : 6bca5dbbd4d24879a167f2cab8e5ea40, msgType : 19
[DEBUG] [2021-11-29 10:33:45] ChannelMsgHandler.onMessage(123) | onMessage in ChannelMsgHandler called, host : 127.0.0.1:20200, seq : b049be8057724e9cae806c2d0295fbf4, msgType : 19
[DEBUG] [2021-11-29 10:33:45] ChannelMsgHandler.onMessage(123) | onMessage in ChannelMsgHandler called, host : 127.0.0.1:20201, seq : ca114e0f866e4f9a9ca76938352abe98, msgType : 19
[DEBUG] [2021-11-29 10:33:47] ChannelMsgHandler.onMessage(123) | onMessage in ChannelMsgHandler called, host : 127.0.0.1:20200, seq : eeca0e3df3e349b1adf86a31b4d9df7e, msgType : 19
[DEBUG] [2021-11-29 10:33:47] ChannelMsgHandler.onMessage(123) | onMessage in ChannelMsgHandler called, host : 127.0.0.1:20201, seq : b538b149ecd843439e22ebb74ba1431d, msgType : 19
[DEBUG] [2021-11-29 10:33:49] ChannelMsgHandler.onMessage(123) | onMessage in ChannelMsgHandler called, host : 127.0.0.1:20200, seq : 1d3844cc16584f169103341c8399395a, msgType : 19
[DEBUG] [2021-11-29 10:33:49] ChannelMsgHandler.onMessage(123) | onMessage in ChannelMsgHandler called, host : 127.0.0.1:20201, seq : abc8c7915b4447ff8e929d0c20011c91, msgType : 19
[DEBUG] [2021-11-29 10:33:51] ChannelMsgHandler.onMessage(123) | onMessage in ChannelMsgHandler called, host : 127.0.0.1:20200, seq : 94a9dd7740424674b58d69eb7516020f, msgType : 19
[DEBUG] [2021-11-29 10:33:51] ChannelMsgHandler.onMessage(123) | onMessage in ChannelMsgHandler called, host : 127.0.0.1:20201, seq : 4d991f60d55340c99670a65243fd92cc, msgType : 19
[DEBUG] [2021-11-29 10:33:53] ChannelMsgHandler.onMessage(123) | onMessage in ChannelMsgHandler called, host : 127.0.0.1:20200, seq : 2d45f14f4ebf40b2b413664b5e2b98b7, msgType : 19
[DEBUG] [2021-11-29 10:33:53] ChannelMsgHandler.onMessage(123) | onMessage in ChannelMsgHandler called, host : 127.0.0.1:20201, seq : e6ee763251a947759bfbd9325c5c99da, msgType : 19
[DEBUG] [2021-11-29 10:33:55] ChannelMsgHandler.onMessage(123) | onMessage in ChannelMsgHandler called, host : 127.0.0.1:20200, seq : 5a39a2fea7744c008cee29ca2fc76305, msgType : 19
[DEBUG] [2021-11-29 10:33:55] ChannelMsgHandler.onMessage(123) | onMessage in ChannelMsgHandler called, host : 127.0.0.1:20201, seq : e792bcc3230f4c65b31a87147af6a020, msgType : 19
[DEBUG] [2021-11-29 10:33:57] ChannelMsgHandler.onMessage(123) | onMessage in ChannelMsgHandler called, host : 127.0.0.1:20200, seq : ec1549011d1d4d3fa6e9d59e1b97e08c, msgType : 19
[DEBUG] [2021-11-29 10:33:57] ChannelMsgHandler.onMessage(123) | onMessage in ChannelMsgHandler called, host : 127.0.0.1:20201, seq : 8f09baddb3a5454aa66bf2ea92d3f840, msgType : 19
[DEBUG] [2021-11-29 10:33:59] ChannelMsgHandler.onMessage(123) | onMessage in ChannelMsgHandler called, host : 127.0.0.1:20200, seq : 03612ca1f81c4e46be9a0b676152f6fd, msgType : 19
[DEBUG] [2021-11-29 10:33:59] ChannelMsgHandler.onMessage(123) | onMessage in ChannelMsgHandler called, host : 127.0.0.1:20201, seq : 9b1b5ba56c6e4f2fb0689282e3bcab4e, msgType : 19
[DEBUG] [2021-11-29 10:34:01] ChannelMsgHandler.onMessage(123) | onMessage in ChannelMsgHandler called, host : 127.0.0.1:20201, seq : e31e8ebe78014c3e9e6a274de4cf2e0e, msgType : 19
[DEBUG] [2021-11-29 10:34:01] ChannelMsgHandler.onMessage(123) | onMessage in ChannelMsgHandler called, host : 127.0.0.1:20200, seq : 74598ffdec004fc99c01e1ba3607baa7, msgType : 19
[DEBUG] [2021-11-29 10:34:03] ChannelMsgHandler.onMessage(123) | onMessage in ChannelMsgHandler called, host : 127.0.0.1:20200, seq : 85791b5dcf8d47b7968710987c377377, msgType : 19
[DEBUG] [2021-11-29 10:34:03] ChannelMsgHandler.onMessage(123) | onMessage in ChannelMsgHandler called, host : 127.0.0.1:20201, seq : 767dada471824adeb9d9720aaa47a5fb, msgType : 19
[DEBUG] [2021-11-29 10:34:05] ChannelMsgHandler.onMessage(123) | onMessage in ChannelMsgHandler called, host : 127.0.0.1:20201, seq : e7c77cc2227048fe932613cc347fcacc, msgType : 19
[DEBUG] [2021-11-29 10:34:05] ChannelMsgHandler.onMessage(123) | onMessage in ChannelMsgHandler called, host : 127.0.0.1:20200, seq : b14b0e93afaf488b945dff09fef112f2, msgType : 19
[DEBUG] [2021-11-29 10:34:07] ChannelMsgHandler.onMessage(123) | onMessage in ChannelMsgHandler called, host : 127.0.0.1:20201, seq : 77323251ab1149179fc25d27b4d91bb1, msgType : 19
[DEBUG] [2021-11-29 10:34:07] ChannelMsgHandler.onMessage(123) | onMessage in ChannelMsgHandler called, host : 127.0.0.1:20200, seq : 7cdfce8f6928484c90fbf5d41da3089d, msgType : 19
[DEBUG] [2021-11-29 10:34:09] ChannelMsgHandler.onMessage(123) | onMessage in ChannelMsgHandler called, host : 127.0.0.1:20201, seq : 7e49beb431ed4a56a411ea24f399f844, msgType : 19
[DEBUG] [2021-11-29 10:34:09] ChannelMsgHandler.onMessage(123) | onMessage in ChannelMsgHandler called, host : 127.0.0.1:20200, seq : 169657cd38524c28becc40eeacef6d05, msgType : 19
[DEBUG] [2021-11-29 10:34:11] ChannelMsgHandler.onMessage(123) | onMessage in ChannelMsgHandler called, host : 127.0.0.1:20201, seq : 19ccd180a48649b7b7413b5288a912bd, msgType : 19
[DEBUG] [2021-11-29 10:34:11] ChannelMsgHandler.onMessage(123) | onMessage in ChannelMsgHandler called, host : 127.0.0.1:20200, seq : e743e596044f43dfb97f13cf22d866b6, msgType : 19
[DEBUG] [2021-11-29 10:34:13] ChannelMsgHandler.onMessage(123) | onMessage in ChannelMsgHandler called, host : 127.0.0.1:20200, seq : 3c9e4fe8dc584dc5820622672e431474, msgType : 19
[DEBUG] [2021-11-29 10:34:13] ChannelMsgHandler.onMessage(123) | onMessage in ChannelMsgHandler called, host : 127.0.0.1:20201, seq : 0a38309eff7f4873b9353ec1fd94060d, msgType : 19
