[DEBUG] [2021-11-29 22:27:46] CryptoMaterialConfig.<init>(137) | Load cryptoMaterial, caCertPath: conf/ca.crt, sdkCertPath: conf/sdk.crt, sdkPrivateKeyPath:conf/sdk.key, enSSLCertPath: null, enSSLPrivateKeyPath:null
[DEBUG] [2021-11-29 22:27:46] InternalLoggerFactory.newDefaultFactory(45) | Using SLF4J as the default logging framework
[DEBUG] [2021-11-29 22:27:46] NetUtil.<clinit>(139) | -Djava.net.preferIPv4Stack: false
[DEBUG] [2021-11-29 22:27:46] NetUtil.<clinit>(140) | -Djava.net.preferIPv6Addresses: false
[DEBUG] [2021-11-29 22:27:46] NetUtil.<clinit>(224) | Loopback interface: lo (lo, 0:0:0:0:0:0:0:1%lo)
[DEBUG] [2021-11-29 22:27:46] PlatformDependent0.explicitNoUnsafeCause0(417) | -Dio.netty.noUnsafe: false
[DEBUG] [2021-11-29 22:27:46] PlatformDependent0.javaVersion0(889) | Java version: 11
[DEBUG] [2021-11-29 22:27:46] PlatformDependent0.<clinit>(130) | sun.misc.Unsafe.theUnsafe: available
[DEBUG] [2021-11-29 22:27:46] PlatformDependent0.<clinit>(154) | sun.misc.Unsafe.copyMemory: available
[DEBUG] [2021-11-29 22:27:46] PlatformDependent0.<clinit>(192) | java.nio.Buffer.address: available
[DEBUG] [2021-11-29 22:27:46] PlatformDependent0.<clinit>(266) | direct buffer constructor: unavailable
java.lang.UnsupportedOperationException: Reflective setAccessible(true) disabled
	at io.netty.util.internal.ReflectionUtil.trySetAccessible(ReflectionUtil.java:31)
	at io.netty.util.internal.PlatformDependent0$4.run(PlatformDependent0.java:238)
	at java.base/java.security.AccessController.doPrivileged(Native Method)
	at io.netty.util.internal.PlatformDependent0.<clinit>(PlatformDependent0.java:232)
	at io.netty.util.internal.PlatformDependent.isAndroid(PlatformDependent.java:293)
	at io.netty.util.internal.PlatformDependent.<clinit>(PlatformDependent.java:92)
	at io.netty.util.NetUtil$1.run(NetUtil.java:260)
	at io.netty.util.NetUtil$1.run(NetUtil.java:253)
	at java.base/java.security.AccessController.doPrivileged(Native Method)
	at io.netty.util.NetUtil.<clinit>(NetUtil.java:253)
	at org.fisco.bcos.sdk.config.model.NetworkConfig.checkPeers(NetworkConfig.java:51)
	at org.fisco.bcos.sdk.config.model.NetworkConfig.<init>(NetworkConfig.java:33)
	at org.fisco.bcos.sdk.config.ConfigOption.<init>(ConfigOption.java:54)
	at org.fisco.bcos.sdk.config.Config.load(Config.java:45)
	at org.fisco.bcos.sdk.config.Config.load(Config.java:32)
	at org.fisco.bcos.sdk.BcosSDK.build(BcosSDK.java:57)
	at console.ConsoleInitializer.init(ConsoleInitializer.java:57)
	at console.Console.main(Console.java:46)
[DEBUG] [2021-11-29 22:27:46] PlatformDependent0.<clinit>(331) | java.nio.Bits.unaligned: available, true
[DEBUG] [2021-11-29 22:27:46] PlatformDependent0.<clinit>(390) | jdk.internal.misc.Unsafe.allocateUninitializedArray(int): unavailable
java.lang.IllegalAccessException: class io.netty.util.internal.PlatformDependent0$6 cannot access class jdk.internal.misc.Unsafe (in module java.base) because module java.base does not export jdk.internal.misc to unnamed module @3043fe0e
	at java.base/jdk.internal.reflect.Reflection.newIllegalAccessException(Reflection.java:361)
	at java.base/java.lang.reflect.AccessibleObject.checkAccess(AccessibleObject.java:591)
	at java.base/java.lang.reflect.Method.invoke(Method.java:558)
	at io.netty.util.internal.PlatformDependent0$6.run(PlatformDependent0.java:352)
	at java.base/java.security.AccessController.doPrivileged(Native Method)
	at io.netty.util.internal.PlatformDependent0.<clinit>(PlatformDependent0.java:343)
	at io.netty.util.internal.PlatformDependent.isAndroid(PlatformDependent.java:293)
	at io.netty.util.internal.PlatformDependent.<clinit>(PlatformDependent.java:92)
	at io.netty.util.NetUtil$1.run(NetUtil.java:260)
	at io.netty.util.NetUtil$1.run(NetUtil.java:253)
	at java.base/java.security.AccessController.doPrivileged(Native Method)
	at io.netty.util.NetUtil.<clinit>(NetUtil.java:253)
	at org.fisco.bcos.sdk.config.model.NetworkConfig.checkPeers(NetworkConfig.java:51)
	at org.fisco.bcos.sdk.config.model.NetworkConfig.<init>(NetworkConfig.java:33)
	at org.fisco.bcos.sdk.config.ConfigOption.<init>(ConfigOption.java:54)
	at org.fisco.bcos.sdk.config.Config.load(Config.java:45)
	at org.fisco.bcos.sdk.config.Config.load(Config.java:32)
	at org.fisco.bcos.sdk.BcosSDK.build(BcosSDK.java:57)
	at console.ConsoleInitializer.init(ConsoleInitializer.java:57)
	at console.Console.main(Console.java:46)
[DEBUG] [2021-11-29 22:27:46] PlatformDependent0.<clinit>(403) | java.nio.DirectByteBuffer.<init>(long, int): unavailable
[DEBUG] [2021-11-29 22:27:46] PlatformDependent.unsafeUnavailabilityCause0(1071) | sun.misc.Unsafe: available
[DEBUG] [2021-11-29 22:27:46] PlatformDependent.maxDirectMemory0(1173) | maxDirectMemory: 1801453568 bytes (maybe)
[DEBUG] [2021-11-29 22:27:46] PlatformDependent.tmpdir0(1192) | -Dio.netty.tmpdir: /tmp (java.io.tmpdir)
[DEBUG] [2021-11-29 22:27:46] PlatformDependent.bitMode0(1271) | -Dio.netty.bitMode: 64 (sun.arch.data.model)
[DEBUG] [2021-11-29 22:27:46] PlatformDependent.<clinit>(177) | -Dio.netty.maxDirectMemory: -1 bytes
[DEBUG] [2021-11-29 22:27:46] PlatformDependent.<clinit>(184) | -Dio.netty.uninitializedArrayAllocationThreshold: -1
[DEBUG] [2021-11-29 22:27:46] CleanerJava9.<clinit>(71) | java.nio.ByteBuffer.cleaner(): available
[DEBUG] [2021-11-29 22:27:46] PlatformDependent.<clinit>(204) | -Dio.netty.noPreferDirect: false
[DEBUG] [2021-11-29 22:27:46] NetUtil$1.run(271) | /proc/sys/net/core/somaxconn: 4096
[DEBUG] [2021-11-29 22:27:46] ThreadPoolConfig.<init>(54) | Init ThreadPoolConfig, channelProcessorThreadSize: 16, receiptProcessorThreadSize: 16, maxBlockingQueueSize: 102400
[INFO] [2021-11-29 22:27:46] BcosSDK.build(58) | create BcosSDK, configPath: /home/huanghy/workspace/Course/BCOS/sysu-2021-bcos-final-project/fisco/console/conf/config.toml
[DEBUG] [2021-11-29 22:27:46] ResourceLeakDetector.<clinit>(130) | -Dio.netty.leakDetection.level: simple
[DEBUG] [2021-11-29 22:27:46] ResourceLeakDetector.<clinit>(131) | -Dio.netty.leakDetection.targetRecords: 4
[DEBUG] [2021-11-29 22:27:46] ResourceLeakDetectorFactory$DefaultResourceLeakDetectorFactory.newResourceLeakDetector(196) | Loaded default ResourceLeakDetector: io.netty.util.ResourceLeakDetector@43a0cee9
[DEBUG] [2021-11-29 22:27:46] PlatformDependent$Mpsc.<clinit>(932) | org.jctools-core.MpscChunkedArrayQueue: available
[DEBUG] [2021-11-29 22:27:46] InternalThreadLocalMap.<clinit>(56) | -Dio.netty.threadLocalMap.stringBuilder.initialSize: 1024
[DEBUG] [2021-11-29 22:27:46] InternalThreadLocalMap.<clinit>(59) | -Dio.netty.threadLocalMap.stringBuilder.maxSize: 4096
[INFO] [2021-11-29 22:27:46] ConnectionManager.<init>(84) |  all connections, size: 2, list: [ConnectionInfo{host='127.0.0.1', port=20200}, ConnectionInfo{host='127.0.0.1', port=20201}]
[DEBUG] [2021-11-29 22:27:46] NetworkImp.start(170) | start connManager with ECDSA sslContext
[DEBUG] [2021-11-29 22:27:46] ConnectionManager.startConnect(95) |  start connect. 
[DEBUG] [2021-11-29 22:27:46] MultithreadEventLoopGroup.<clinit>(44) | -Dio.netty.eventLoopThreads: 32
[DEBUG] [2021-11-29 22:27:46] NioEventLoop.<clinit>(106) | -Dio.netty.noKeySetOptimization: false
[DEBUG] [2021-11-29 22:27:46] NioEventLoop.<clinit>(107) | -Dio.netty.selectorAutoRebuildThreshold: 512
[INFO] [2021-11-29 22:27:46] ConnectionManager.initSslContext(232) |  build ECDSA ssl context with configured certificates 
[DEBUG] [2021-11-29 22:27:46] AbstractByteBuf.<clinit>(63) | -Dio.netty.buffer.checkAccessible: true
[DEBUG] [2021-11-29 22:27:46] AbstractByteBuf.<clinit>(64) | -Dio.netty.buffer.checkBounds: true
[DEBUG] [2021-11-29 22:27:46] ResourceLeakDetectorFactory$DefaultResourceLeakDetectorFactory.newResourceLeakDetector(196) | Loaded default ResourceLeakDetector: io.netty.util.ResourceLeakDetector@35aea049
[DEBUG] [2021-11-29 22:27:46] PooledByteBufAllocator.<clinit>(154) | -Dio.netty.allocator.numHeapArenas: 17
[DEBUG] [2021-11-29 22:27:46] PooledByteBufAllocator.<clinit>(155) | -Dio.netty.allocator.numDirectArenas: 17
[DEBUG] [2021-11-29 22:27:46] PooledByteBufAllocator.<clinit>(157) | -Dio.netty.allocator.pageSize: 8192
[DEBUG] [2021-11-29 22:27:46] PooledByteBufAllocator.<clinit>(162) | -Dio.netty.allocator.maxOrder: 11
[DEBUG] [2021-11-29 22:27:46] PooledByteBufAllocator.<clinit>(166) | -Dio.netty.allocator.chunkSize: 16777216
[DEBUG] [2021-11-29 22:27:46] PooledByteBufAllocator.<clinit>(167) | -Dio.netty.allocator.smallCacheSize: 256
[DEBUG] [2021-11-29 22:27:46] PooledByteBufAllocator.<clinit>(168) | -Dio.netty.allocator.normalCacheSize: 64
[DEBUG] [2021-11-29 22:27:46] PooledByteBufAllocator.<clinit>(169) | -Dio.netty.allocator.maxCachedBufferCapacity: 32768
[DEBUG] [2021-11-29 22:27:46] PooledByteBufAllocator.<clinit>(170) | -Dio.netty.allocator.cacheTrimInterval: 8192
[DEBUG] [2021-11-29 22:27:46] PooledByteBufAllocator.<clinit>(171) | -Dio.netty.allocator.cacheTrimIntervalMillis: 0
[DEBUG] [2021-11-29 22:27:46] PooledByteBufAllocator.<clinit>(172) | -Dio.netty.allocator.useCacheForAllThreads: true
[DEBUG] [2021-11-29 22:27:46] PooledByteBufAllocator.<clinit>(173) | -Dio.netty.allocator.maxCachedByteBuffersPerChunk: 1023
[DEBUG] [2021-11-29 22:27:46] ByteBufUtil.<clinit>(87) | -Dio.netty.allocator.type: pooled
[DEBUG] [2021-11-29 22:27:46] ByteBufUtil.<clinit>(96) | -Dio.netty.threadLocalDirectBufferSize: 0
[DEBUG] [2021-11-29 22:27:46] ByteBufUtil.<clinit>(99) | -Dio.netty.maxThreadLocalCharBufferSize: 16384
[DEBUG] [2021-11-29 22:27:46] ResourceLeakDetectorFactory$DefaultResourceLeakDetectorFactory.newResourceLeakDetector(196) | Loaded default ResourceLeakDetector: io.netty.util.ResourceLeakDetector@18271936
[DEBUG] [2021-11-29 22:27:46] NativeLibraryLoader.<clinit>(73) | -Dio.netty.native.workdir: /tmp (io.netty.tmpdir)
[DEBUG] [2021-11-29 22:27:46] NativeLibraryLoader.<clinit>(78) | -Dio.netty.native.deleteLibAfterLoading: true
[DEBUG] [2021-11-29 22:27:46] NativeLibraryLoader.<clinit>(82) | -Dio.netty.native.tryPatchShadedId: true
[DEBUG] [2021-11-29 22:27:46] NativeLibraryLoader.loadLibrary(346) | Unable to load the library 'netty_tcnative_linux_x86_64', trying other loading mechanism.
java.lang.UnsatisfiedLinkError: no netty_tcnative_linux_x86_64 in java.library.path: [/usr/java/packages/lib, /usr/lib/x86_64-linux-gnu/jni, /lib/x86_64-linux-gnu, /usr/lib/x86_64-linux-gnu, /usr/lib/jni, /lib, /usr/lib]
	at java.base/java.lang.ClassLoader.loadLibrary(ClassLoader.java:2670)
	at java.base/java.lang.Runtime.loadLibrary0(Runtime.java:830)
	at java.base/java.lang.System.loadLibrary(System.java:1873)
	at io.netty.util.internal.NativeLibraryUtil.loadLibrary(NativeLibraryUtil.java:38)
	at java.base/jdk.internal.reflect.NativeMethodAccessorImpl.invoke0(Native Method)
	at java.base/jdk.internal.reflect.NativeMethodAccessorImpl.invoke(NativeMethodAccessorImpl.java:62)
	at java.base/jdk.internal.reflect.DelegatingMethodAccessorImpl.invoke(DelegatingMethodAccessorImpl.java:43)
	at java.base/java.lang.reflect.Method.invoke(Method.java:566)
	at io.netty.util.internal.NativeLibraryLoader$1.run(NativeLibraryLoader.java:371)
	at java.base/java.security.AccessController.doPrivileged(Native Method)
	at io.netty.util.internal.NativeLibraryLoader.loadLibraryByHelper(NativeLibraryLoader.java:363)
	at io.netty.util.internal.NativeLibraryLoader.loadLibrary(NativeLibraryLoader.java:341)
	at io.netty.util.internal.NativeLibraryLoader.load(NativeLibraryLoader.java:136)
	at io.netty.util.internal.NativeLibraryLoader.loadFirstAvailable(NativeLibraryLoader.java:96)
	at io.netty.handler.ssl.OpenSsl.loadTcNative(OpenSsl.java:590)
	at io.netty.handler.ssl.OpenSsl.<clinit>(OpenSsl.java:136)
	at io.netty.handler.ssl.ReferenceCountedOpenSslContext.<init>(ReferenceCountedOpenSslContext.java:196)
	at io.netty.handler.ssl.ReferenceCountedOpenSslContext.<init>(ReferenceCountedOpenSslContext.java:185)
	at io.netty.handler.ssl.OpenSslContext.<init>(OpenSslContext.java:34)
	at io.netty.handler.ssl.OpenSslClientContext.<init>(OpenSslClientContext.java:189)
	at io.netty.handler.ssl.SslContext.newClientContextInternal(SslContext.java:827)
	at io.netty.handler.ssl.SslContextBuilder.build(SslContextBuilder.java:576)
	at org.fisco.bcos.sdk.network.ConnectionManager.initSslContext(ConnectionManager.java:243)
	at org.fisco.bcos.sdk.network.ConnectionManager.initNetty(ConnectionManager.java:321)
	at org.fisco.bcos.sdk.network.ConnectionManager.startConnect(ConnectionManager.java:98)
	at org.fisco.bcos.sdk.network.NetworkImp.start(NetworkImp.java:171)
	at org.fisco.bcos.sdk.channel.ChannelImp.start(ChannelImp.java:89)
	at org.fisco.bcos.sdk.BcosSDK.<init>(BcosSDK.java:75)
	at org.fisco.bcos.sdk.BcosSDK.build(BcosSDK.java:59)
	at console.ConsoleInitializer.init(ConsoleInitializer.java:57)
	at console.Console.main(Console.java:46)
[DEBUG] [2021-11-29 22:27:46] NativeLibraryLoader.load(141) | netty_tcnative_linux_x86_64 cannot be loaded from java.library.path, now trying export to -Dio.netty.native.workdir: /tmp
java.lang.UnsatisfiedLinkError: no netty_tcnative_linux_x86_64 in java.library.path: [/usr/java/packages/lib, /usr/lib/x86_64-linux-gnu/jni, /lib/x86_64-linux-gnu, /usr/lib/x86_64-linux-gnu, /usr/lib/jni, /lib, /usr/lib]
	at java.base/java.lang.ClassLoader.loadLibrary(ClassLoader.java:2670)
	at java.base/java.lang.Runtime.loadLibrary0(Runtime.java:830)
	at java.base/java.lang.System.loadLibrary(System.java:1873)
	at io.netty.util.internal.NativeLibraryUtil.loadLibrary(NativeLibraryUtil.java:38)
	at io.netty.util.internal.NativeLibraryLoader.loadLibrary(NativeLibraryLoader.java:351)
	at io.netty.util.internal.NativeLibraryLoader.load(NativeLibraryLoader.java:136)
	at io.netty.util.internal.NativeLibraryLoader.loadFirstAvailable(NativeLibraryLoader.java:96)
	at io.netty.handler.ssl.OpenSsl.loadTcNative(OpenSsl.java:590)
	at io.netty.handler.ssl.OpenSsl.<clinit>(OpenSsl.java:136)
	at io.netty.handler.ssl.ReferenceCountedOpenSslContext.<init>(ReferenceCountedOpenSslContext.java:196)
	at io.netty.handler.ssl.ReferenceCountedOpenSslContext.<init>(ReferenceCountedOpenSslContext.java:185)
	at io.netty.handler.ssl.OpenSslContext.<init>(OpenSslContext.java:34)
	at io.netty.handler.ssl.OpenSslClientContext.<init>(OpenSslClientContext.java:189)
	at io.netty.handler.ssl.SslContext.newClientContextInternal(SslContext.java:827)
	at io.netty.handler.ssl.SslContextBuilder.build(SslContextBuilder.java:576)
	at org.fisco.bcos.sdk.network.ConnectionManager.initSslContext(ConnectionManager.java:243)
	at org.fisco.bcos.sdk.network.ConnectionManager.initNetty(ConnectionManager.java:321)
	at org.fisco.bcos.sdk.network.ConnectionManager.startConnect(ConnectionManager.java:98)
	at org.fisco.bcos.sdk.network.NetworkImp.start(NetworkImp.java:171)
	at org.fisco.bcos.sdk.channel.ChannelImp.start(ChannelImp.java:89)
	at org.fisco.bcos.sdk.BcosSDK.<init>(BcosSDK.java:75)
	at org.fisco.bcos.sdk.BcosSDK.build(BcosSDK.java:59)
	at console.ConsoleInitializer.init(ConsoleInitializer.java:57)
	at console.Console.main(Console.java:46)
	Suppressed: java.lang.UnsatisfiedLinkError: no netty_tcnative_linux_x86_64 in java.library.path: [/usr/java/packages/lib, /usr/lib/x86_64-linux-gnu/jni, /lib/x86_64-linux-gnu, /usr/lib/x86_64-linux-gnu, /usr/lib/jni, /lib, /usr/lib]
		at java.base/java.lang.ClassLoader.loadLibrary(ClassLoader.java:2670)
		at java.base/java.lang.Runtime.loadLibrary0(Runtime.java:830)
		at java.base/java.lang.System.loadLibrary(System.java:1873)
		at io.netty.util.internal.NativeLibraryUtil.loadLibrary(NativeLibraryUtil.java:38)
		at java.base/jdk.internal.reflect.NativeMethodAccessorImpl.invoke0(Native Method)
		at java.base/jdk.internal.reflect.NativeMethodAccessorImpl.invoke(NativeMethodAccessorImpl.java:62)
		at java.base/jdk.internal.reflect.DelegatingMethodAccessorImpl.invoke(DelegatingMethodAccessorImpl.java:43)
		at java.base/java.lang.reflect.Method.invoke(Method.java:566)
		at io.netty.util.internal.NativeLibraryLoader$1.run(NativeLibraryLoader.java:371)
		at java.base/java.security.AccessController.doPrivileged(Native Method)
		at io.netty.util.internal.NativeLibraryLoader.loadLibraryByHelper(NativeLibraryLoader.java:363)
		at io.netty.util.internal.NativeLibraryLoader.loadLibrary(NativeLibraryLoader.java:341)
		... 19 more
[DEBUG] [2021-11-29 22:27:46] NativeLibraryLoader.loadLibrary(342) | Successfully loaded the library /tmp/libnetty_tcnative_linux_x86_647748617644356446810.so
[DEBUG] [2021-11-29 22:27:46] OpenSsl.<clinit>(149) | Initialize netty-tcnative using engine: 'default'
[DEBUG] [2021-11-29 22:27:46] OpenSsl.<clinit>(174) | netty-tcnative using native library: OpenSSL/TaSSL 1.0.2o  27 Mar 2018
[DEBUG] [2021-11-29 22:27:46] Recycler.<clinit>(100) | -Dio.netty.recycler.maxCapacityPerThread: 4096
[DEBUG] [2021-11-29 22:27:46] Recycler.<clinit>(101) | -Dio.netty.recycler.maxSharedCapacityFactor: 2
[DEBUG] [2021-11-29 22:27:46] Recycler.<clinit>(102) | -Dio.netty.recycler.linkCapacity: 16
[DEBUG] [2021-11-29 22:27:46] Recycler.<clinit>(103) | -Dio.netty.recycler.ratio: 8
[DEBUG] [2021-11-29 22:27:46] Recycler.<clinit>(104) | -Dio.netty.recycler.delayedQueue.ratio: 8
[DEBUG] [2021-11-29 22:27:46] CipherSuiteConverter.cacheFromOpenSsl(330) | Cipher suite mapping: TLS_ECDHE_RSA_WITH_AES_256_GCM_SHA384 => ECDHE-RSA-AES256-GCM-SHA384
[DEBUG] [2021-11-29 22:27:46] CipherSuiteConverter.cacheFromOpenSsl(331) | Cipher suite mapping: SSL_ECDHE_RSA_WITH_AES_256_GCM_SHA384 => ECDHE-RSA-AES256-GCM-SHA384
[DEBUG] [2021-11-29 22:27:46] CipherSuiteConverter.cacheFromOpenSsl(330) | Cipher suite mapping: TLS_ECDHE_ECDSA_WITH_AES_256_GCM_SHA384 => ECDHE-ECDSA-AES256-GCM-SHA384
[DEBUG] [2021-11-29 22:27:46] CipherSuiteConverter.cacheFromOpenSsl(331) | Cipher suite mapping: SSL_ECDHE_ECDSA_WITH_AES_256_GCM_SHA384 => ECDHE-ECDSA-AES256-GCM-SHA384
[DEBUG] [2021-11-29 22:27:46] CipherSuiteConverter.cacheFromOpenSsl(330) | Cipher suite mapping: TLS_ECDHE_RSA_WITH_AES_256_CBC_SHA384 => ECDHE-RSA-AES256-SHA384
[DEBUG] [2021-11-29 22:27:46] CipherSuiteConverter.cacheFromOpenSsl(331) | Cipher suite mapping: SSL_ECDHE_RSA_WITH_AES_256_CBC_SHA384 => ECDHE-RSA-AES256-SHA384
[DEBUG] [2021-11-29 22:27:46] CipherSuiteConverter.cacheFromOpenSsl(330) | Cipher suite mapping: TLS_ECDHE_ECDSA_WITH_AES_256_CBC_SHA384 => ECDHE-ECDSA-AES256-SHA384
[DEBUG] [2021-11-29 22:27:46] CipherSuiteConverter.cacheFromOpenSsl(331) | Cipher suite mapping: SSL_ECDHE_ECDSA_WITH_AES_256_CBC_SHA384 => ECDHE-ECDSA-AES256-SHA384
[DEBUG] [2021-11-29 22:27:46] CipherSuiteConverter.cacheFromOpenSsl(330) | Cipher suite mapping: TLS_ECDHE_RSA_WITH_AES_256_CBC_SHA => ECDHE-RSA-AES256-SHA
[DEBUG] [2021-11-29 22:27:46] CipherSuiteConverter.cacheFromOpenSsl(331) | Cipher suite mapping: SSL_ECDHE_RSA_WITH_AES_256_CBC_SHA => ECDHE-RSA-AES256-SHA
[DEBUG] [2021-11-29 22:27:46] CipherSuiteConverter.cacheFromOpenSsl(330) | Cipher suite mapping: TLS_ECDHE_ECDSA_WITH_AES_256_CBC_SHA => ECDHE-ECDSA-AES256-SHA
[DEBUG] [2021-11-29 22:27:46] CipherSuiteConverter.cacheFromOpenSsl(331) | Cipher suite mapping: SSL_ECDHE_ECDSA_WITH_AES_256_CBC_SHA => ECDHE-ECDSA-AES256-SHA
[DEBUG] [2021-11-29 22:27:46] CipherSuiteConverter.cacheFromOpenSsl(330) | Cipher suite mapping: TLS_SRP_DSS_WITH_AES_256_CBC_SHA => SRP-DSS-AES-256-CBC-SHA
[DEBUG] [2021-11-29 22:27:46] CipherSuiteConverter.cacheFromOpenSsl(331) | Cipher suite mapping: SSL_SRP_DSS_WITH_AES_256_CBC_SHA => SRP-DSS-AES-256-CBC-SHA
[DEBUG] [2021-11-29 22:27:46] CipherSuiteConverter.cacheFromOpenSsl(330) | Cipher suite mapping: TLS_SRP_RSA_WITH_AES_256_CBC_SHA => SRP-RSA-AES-256-CBC-SHA
[DEBUG] [2021-11-29 22:27:46] CipherSuiteConverter.cacheFromOpenSsl(331) | Cipher suite mapping: SSL_SRP_RSA_WITH_AES_256_CBC_SHA => SRP-RSA-AES-256-CBC-SHA
[DEBUG] [2021-11-29 22:27:46] CipherSuiteConverter.cacheFromOpenSsl(330) | Cipher suite mapping: TLS_SRP_WITH_AES_256_CBC_SHA => SRP-AES-256-CBC-SHA
[DEBUG] [2021-11-29 22:27:46] CipherSuiteConverter.cacheFromOpenSsl(331) | Cipher suite mapping: SSL_SRP_WITH_AES_256_CBC_SHA => SRP-AES-256-CBC-SHA
[DEBUG] [2021-11-29 22:27:46] CipherSuiteConverter.cacheFromOpenSsl(330) | Cipher suite mapping: TLS_RSA_WITH_DH_DSS_AES256_GCM_SHA384 => DH-DSS-AES256-GCM-SHA384
[DEBUG] [2021-11-29 22:27:46] CipherSuiteConverter.cacheFromOpenSsl(331) | Cipher suite mapping: SSL_RSA_WITH_DH_DSS_AES256_GCM_SHA384 => DH-DSS-AES256-GCM-SHA384
[DEBUG] [2021-11-29 22:27:46] CipherSuiteConverter.cacheFromOpenSsl(330) | Cipher suite mapping: TLS_DHE_DSS_WITH_AES_256_GCM_SHA384 => DHE-DSS-AES256-GCM-SHA384
[DEBUG] [2021-11-29 22:27:46] CipherSuiteConverter.cacheFromOpenSsl(331) | Cipher suite mapping: SSL_DHE_DSS_WITH_AES_256_GCM_SHA384 => DHE-DSS-AES256-GCM-SHA384
[DEBUG] [2021-11-29 22:27:46] CipherSuiteConverter.cacheFromOpenSsl(330) | Cipher suite mapping: TLS_RSA_WITH_DH_RSA_AES256_GCM_SHA384 => DH-RSA-AES256-GCM-SHA384
[DEBUG] [2021-11-29 22:27:46] CipherSuiteConverter.cacheFromOpenSsl(331) | Cipher suite mapping: SSL_RSA_WITH_DH_RSA_AES256_GCM_SHA384 => DH-RSA-AES256-GCM-SHA384
[DEBUG] [2021-11-29 22:27:46] CipherSuiteConverter.cacheFromOpenSsl(330) | Cipher suite mapping: TLS_DHE_RSA_WITH_AES_256_GCM_SHA384 => DHE-RSA-AES256-GCM-SHA384
[DEBUG] [2021-11-29 22:27:46] CipherSuiteConverter.cacheFromOpenSsl(331) | Cipher suite mapping: SSL_DHE_RSA_WITH_AES_256_GCM_SHA384 => DHE-RSA-AES256-GCM-SHA384
[DEBUG] [2021-11-29 22:27:46] CipherSuiteConverter.cacheFromOpenSsl(330) | Cipher suite mapping: TLS_DHE_RSA_WITH_AES_256_CBC_SHA256 => DHE-RSA-AES256-SHA256
[DEBUG] [2021-11-29 22:27:46] CipherSuiteConverter.cacheFromOpenSsl(331) | Cipher suite mapping: SSL_DHE_RSA_WITH_AES_256_CBC_SHA256 => DHE-RSA-AES256-SHA256
[DEBUG] [2021-11-29 22:27:46] CipherSuiteConverter.cacheFromOpenSsl(330) | Cipher suite mapping: TLS_DHE_DSS_WITH_AES_256_CBC_SHA256 => DHE-DSS-AES256-SHA256
[DEBUG] [2021-11-29 22:27:46] CipherSuiteConverter.cacheFromOpenSsl(331) | Cipher suite mapping: SSL_DHE_DSS_WITH_AES_256_CBC_SHA256 => DHE-DSS-AES256-SHA256
[DEBUG] [2021-11-29 22:27:46] CipherSuiteConverter.cacheFromOpenSsl(330) | Cipher suite mapping: TLS_RSA_WITH_DH_RSA_AES256_SHA256 => DH-RSA-AES256-SHA256
[DEBUG] [2021-11-29 22:27:46] CipherSuiteConverter.cacheFromOpenSsl(331) | Cipher suite mapping: SSL_RSA_WITH_DH_RSA_AES256_SHA256 => DH-RSA-AES256-SHA256
[DEBUG] [2021-11-29 22:27:46] CipherSuiteConverter.cacheFromOpenSsl(330) | Cipher suite mapping: TLS_RSA_WITH_DH_DSS_AES256_SHA256 => DH-DSS-AES256-SHA256
[DEBUG] [2021-11-29 22:27:46] CipherSuiteConverter.cacheFromOpenSsl(331) | Cipher suite mapping: SSL_RSA_WITH_DH_DSS_AES256_SHA256 => DH-DSS-AES256-SHA256
[DEBUG] [2021-11-29 22:27:46] CipherSuiteConverter.cacheFromOpenSsl(330) | Cipher suite mapping: TLS_DHE_RSA_WITH_AES_256_CBC_SHA => DHE-RSA-AES256-SHA
[DEBUG] [2021-11-29 22:27:46] CipherSuiteConverter.cacheFromOpenSsl(331) | Cipher suite mapping: SSL_DHE_RSA_WITH_AES_256_CBC_SHA => DHE-RSA-AES256-SHA
[DEBUG] [2021-11-29 22:27:46] CipherSuiteConverter.cacheFromOpenSsl(330) | Cipher suite mapping: TLS_DHE_DSS_WITH_AES_256_CBC_SHA => DHE-DSS-AES256-SHA
[DEBUG] [2021-11-29 22:27:46] CipherSuiteConverter.cacheFromOpenSsl(331) | Cipher suite mapping: SSL_DHE_DSS_WITH_AES_256_CBC_SHA => DHE-DSS-AES256-SHA
[DEBUG] [2021-11-29 22:27:46] CipherSuiteConverter.cacheFromOpenSsl(330) | Cipher suite mapping: TLS_RSA_WITH_DH_RSA_AES256_SHA => DH-RSA-AES256-SHA
[DEBUG] [2021-11-29 22:27:46] CipherSuiteConverter.cacheFromOpenSsl(331) | Cipher suite mapping: SSL_RSA_WITH_DH_RSA_AES256_SHA => DH-RSA-AES256-SHA
[DEBUG] [2021-11-29 22:27:46] CipherSuiteConverter.cacheFromOpenSsl(330) | Cipher suite mapping: TLS_RSA_WITH_DH_DSS_AES256_SHA => DH-DSS-AES256-SHA
[DEBUG] [2021-11-29 22:27:46] CipherSuiteConverter.cacheFromOpenSsl(331) | Cipher suite mapping: SSL_RSA_WITH_DH_DSS_AES256_SHA => DH-DSS-AES256-SHA
[DEBUG] [2021-11-29 22:27:46] CipherSuiteConverter.cacheFromOpenSsl(330) | Cipher suite mapping: TLS_DHE_RSA_WITH_CAMELLIA256_SHA => DHE-RSA-CAMELLIA256-SHA
[DEBUG] [2021-11-29 22:27:46] CipherSuiteConverter.cacheFromOpenSsl(331) | Cipher suite mapping: SSL_DHE_RSA_WITH_CAMELLIA256_SHA => DHE-RSA-CAMELLIA256-SHA
[DEBUG] [2021-11-29 22:27:46] CipherSuiteConverter.cacheFromOpenSsl(330) | Cipher suite mapping: TLS_DHE_DSS_WITH_CAMELLIA256_SHA => DHE-DSS-CAMELLIA256-SHA
[DEBUG] [2021-11-29 22:27:46] CipherSuiteConverter.cacheFromOpenSsl(331) | Cipher suite mapping: SSL_DHE_DSS_WITH_CAMELLIA256_SHA => DHE-DSS-CAMELLIA256-SHA
[DEBUG] [2021-11-29 22:27:46] CipherSuiteConverter.cacheFromOpenSsl(330) | Cipher suite mapping: TLS_RSA_WITH_DH_RSA_CAMELLIA256_SHA => DH-RSA-CAMELLIA256-SHA
[DEBUG] [2021-11-29 22:27:46] CipherSuiteConverter.cacheFromOpenSsl(331) | Cipher suite mapping: SSL_RSA_WITH_DH_RSA_CAMELLIA256_SHA => DH-RSA-CAMELLIA256-SHA
[DEBUG] [2021-11-29 22:27:46] CipherSuiteConverter.cacheFromOpenSsl(330) | Cipher suite mapping: TLS_RSA_WITH_DH_DSS_CAMELLIA256_SHA => DH-DSS-CAMELLIA256-SHA
[DEBUG] [2021-11-29 22:27:46] CipherSuiteConverter.cacheFromOpenSsl(331) | Cipher suite mapping: SSL_RSA_WITH_DH_DSS_CAMELLIA256_SHA => DH-DSS-CAMELLIA256-SHA
[DEBUG] [2021-11-29 22:27:46] CipherSuiteConverter.cacheFromOpenSsl(330) | Cipher suite mapping: TLS_ECDH_anon_WITH_AES_256_CBC_SHA => AECDH-AES256-SHA
[DEBUG] [2021-11-29 22:27:46] CipherSuiteConverter.cacheFromOpenSsl(331) | Cipher suite mapping: SSL_ECDH_anon_WITH_AES_256_CBC_SHA => AECDH-AES256-SHA
[DEBUG] [2021-11-29 22:27:46] CipherSuiteConverter.cacheFromOpenSsl(330) | Cipher suite mapping: TLS_DH_anon_WITH_AES_256_GCM_SHA384 => ADH-AES256-GCM-SHA384
[DEBUG] [2021-11-29 22:27:46] CipherSuiteConverter.cacheFromOpenSsl(331) | Cipher suite mapping: SSL_DH_anon_WITH_AES_256_GCM_SHA384 => ADH-AES256-GCM-SHA384
[DEBUG] [2021-11-29 22:27:46] CipherSuiteConverter.cacheFromOpenSsl(330) | Cipher suite mapping: TLS_DH_anon_WITH_AES_256_CBC_SHA256 => ADH-AES256-SHA256
[DEBUG] [2021-11-29 22:27:46] CipherSuiteConverter.cacheFromOpenSsl(331) | Cipher suite mapping: SSL_DH_anon_WITH_AES_256_CBC_SHA256 => ADH-AES256-SHA256
[DEBUG] [2021-11-29 22:27:46] CipherSuiteConverter.cacheFromOpenSsl(330) | Cipher suite mapping: TLS_DH_anon_WITH_AES_256_CBC_SHA => ADH-AES256-SHA
[DEBUG] [2021-11-29 22:27:46] CipherSuiteConverter.cacheFromOpenSsl(331) | Cipher suite mapping: SSL_DH_anon_WITH_AES_256_CBC_SHA => ADH-AES256-SHA
[DEBUG] [2021-11-29 22:27:46] CipherSuiteConverter.cacheFromOpenSsl(330) | Cipher suite mapping: TLS_DH_anon_WITH_CAMELLIA256_SHA => ADH-CAMELLIA256-SHA
[DEBUG] [2021-11-29 22:27:46] CipherSuiteConverter.cacheFromOpenSsl(331) | Cipher suite mapping: SSL_DH_anon_WITH_CAMELLIA256_SHA => ADH-CAMELLIA256-SHA
[DEBUG] [2021-11-29 22:27:46] CipherSuiteConverter.cacheFromOpenSsl(330) | Cipher suite mapping: TLS_ECDH_RSA_WITH_AES_256_GCM_SHA384 => ECDH-RSA-AES256-GCM-SHA384
[DEBUG] [2021-11-29 22:27:46] CipherSuiteConverter.cacheFromOpenSsl(331) | Cipher suite mapping: SSL_ECDH_RSA_WITH_AES_256_GCM_SHA384 => ECDH-RSA-AES256-GCM-SHA384
[DEBUG] [2021-11-29 22:27:46] CipherSuiteConverter.cacheFromOpenSsl(330) | Cipher suite mapping: TLS_ECDH_ECDSA_WITH_AES_256_GCM_SHA384 => ECDH-ECDSA-AES256-GCM-SHA384
[DEBUG] [2021-11-29 22:27:46] CipherSuiteConverter.cacheFromOpenSsl(331) | Cipher suite mapping: SSL_ECDH_ECDSA_WITH_AES_256_GCM_SHA384 => ECDH-ECDSA-AES256-GCM-SHA384
[DEBUG] [2021-11-29 22:27:46] CipherSuiteConverter.cacheFromOpenSsl(330) | Cipher suite mapping: TLS_ECDH_RSA_WITH_AES_256_CBC_SHA384 => ECDH-RSA-AES256-SHA384
[DEBUG] [2021-11-29 22:27:46] CipherSuiteConverter.cacheFromOpenSsl(331) | Cipher suite mapping: SSL_ECDH_RSA_WITH_AES_256_CBC_SHA384 => ECDH-RSA-AES256-SHA384
[DEBUG] [2021-11-29 22:27:46] CipherSuiteConverter.cacheFromOpenSsl(330) | Cipher suite mapping: TLS_ECDH_ECDSA_WITH_AES_256_CBC_SHA384 => ECDH-ECDSA-AES256-SHA384
[DEBUG] [2021-11-29 22:27:46] CipherSuiteConverter.cacheFromOpenSsl(331) | Cipher suite mapping: SSL_ECDH_ECDSA_WITH_AES_256_CBC_SHA384 => ECDH-ECDSA-AES256-SHA384
[DEBUG] [2021-11-29 22:27:46] CipherSuiteConverter.cacheFromOpenSsl(330) | Cipher suite mapping: TLS_ECDH_RSA_WITH_AES_256_CBC_SHA => ECDH-RSA-AES256-SHA
[DEBUG] [2021-11-29 22:27:46] CipherSuiteConverter.cacheFromOpenSsl(331) | Cipher suite mapping: SSL_ECDH_RSA_WITH_AES_256_CBC_SHA => ECDH-RSA-AES256-SHA
[DEBUG] [2021-11-29 22:27:46] CipherSuiteConverter.cacheFromOpenSsl(330) | Cipher suite mapping: TLS_ECDH_ECDSA_WITH_AES_256_CBC_SHA => ECDH-ECDSA-AES256-SHA
[DEBUG] [2021-11-29 22:27:46] CipherSuiteConverter.cacheFromOpenSsl(331) | Cipher suite mapping: SSL_ECDH_ECDSA_WITH_AES_256_CBC_SHA => ECDH-ECDSA-AES256-SHA
[DEBUG] [2021-11-29 22:27:46] CipherSuiteConverter.cacheFromOpenSsl(330) | Cipher suite mapping: TLS_RSA_WITH_AES_256_GCM_SHA384 => AES256-GCM-SHA384
[DEBUG] [2021-11-29 22:27:46] CipherSuiteConverter.cacheFromOpenSsl(331) | Cipher suite mapping: SSL_RSA_WITH_AES_256_GCM_SHA384 => AES256-GCM-SHA384
[DEBUG] [2021-11-29 22:27:46] CipherSuiteConverter.cacheFromOpenSsl(330) | Cipher suite mapping: TLS_RSA_WITH_AES_256_CBC_SHA256 => AES256-SHA256
[DEBUG] [2021-11-29 22:27:46] CipherSuiteConverter.cacheFromOpenSsl(331) | Cipher suite mapping: SSL_RSA_WITH_AES_256_CBC_SHA256 => AES256-SHA256
[DEBUG] [2021-11-29 22:27:46] CipherSuiteConverter.cacheFromOpenSsl(330) | Cipher suite mapping: TLS_RSA_WITH_AES_256_CBC_SHA => AES256-SHA
[DEBUG] [2021-11-29 22:27:46] CipherSuiteConverter.cacheFromOpenSsl(331) | Cipher suite mapping: SSL_RSA_WITH_AES_256_CBC_SHA => AES256-SHA
[DEBUG] [2021-11-29 22:27:46] CipherSuiteConverter.cacheFromOpenSsl(330) | Cipher suite mapping: TLS_RSA_WITH_CAMELLIA256_SHA => CAMELLIA256-SHA
[DEBUG] [2021-11-29 22:27:46] CipherSuiteConverter.cacheFromOpenSsl(331) | Cipher suite mapping: SSL_RSA_WITH_CAMELLIA256_SHA => CAMELLIA256-SHA
[DEBUG] [2021-11-29 22:27:46] CipherSuiteConverter.cacheFromOpenSsl(330) | Cipher suite mapping: TLS_PSK_WITH_AES_256_CBC_SHA => PSK-AES256-CBC-SHA
[DEBUG] [2021-11-29 22:27:46] CipherSuiteConverter.cacheFromOpenSsl(331) | Cipher suite mapping: SSL_PSK_WITH_AES_256_CBC_SHA => PSK-AES256-CBC-SHA
[DEBUG] [2021-11-29 22:27:46] CipherSuiteConverter.cacheFromOpenSsl(330) | Cipher suite mapping: TLS_ECDHE_RSA_WITH_AES_128_GCM_SHA256 => ECDHE-RSA-AES128-GCM-SHA256
[DEBUG] [2021-11-29 22:27:46] CipherSuiteConverter.cacheFromOpenSsl(331) | Cipher suite mapping: SSL_ECDHE_RSA_WITH_AES_128_GCM_SHA256 => ECDHE-RSA-AES128-GCM-SHA256
[DEBUG] [2021-11-29 22:27:46] CipherSuiteConverter.cacheFromOpenSsl(330) | Cipher suite mapping: TLS_ECDHE_ECDSA_WITH_AES_128_GCM_SHA256 => ECDHE-ECDSA-AES128-GCM-SHA256
[DEBUG] [2021-11-29 22:27:46] CipherSuiteConverter.cacheFromOpenSsl(331) | Cipher suite mapping: SSL_ECDHE_ECDSA_WITH_AES_128_GCM_SHA256 => ECDHE-ECDSA-AES128-GCM-SHA256
[DEBUG] [2021-11-29 22:27:46] CipherSuiteConverter.cacheFromOpenSsl(330) | Cipher suite mapping: TLS_ECDHE_RSA_WITH_AES_128_CBC_SHA256 => ECDHE-RSA-AES128-SHA256
[DEBUG] [2021-11-29 22:27:46] CipherSuiteConverter.cacheFromOpenSsl(331) | Cipher suite mapping: SSL_ECDHE_RSA_WITH_AES_128_CBC_SHA256 => ECDHE-RSA-AES128-SHA256
[DEBUG] [2021-11-29 22:27:46] CipherSuiteConverter.cacheFromOpenSsl(330) | Cipher suite mapping: TLS_ECDHE_ECDSA_WITH_AES_128_CBC_SHA256 => ECDHE-ECDSA-AES128-SHA256
[DEBUG] [2021-11-29 22:27:46] CipherSuiteConverter.cacheFromOpenSsl(331) | Cipher suite mapping: SSL_ECDHE_ECDSA_WITH_AES_128_CBC_SHA256 => ECDHE-ECDSA-AES128-SHA256
[DEBUG] [2021-11-29 22:27:46] CipherSuiteConverter.cacheFromOpenSsl(330) | Cipher suite mapping: TLS_ECDHE_RSA_WITH_AES_128_CBC_SHA => ECDHE-RSA-AES128-SHA
[DEBUG] [2021-11-29 22:27:46] CipherSuiteConverter.cacheFromOpenSsl(331) | Cipher suite mapping: SSL_ECDHE_RSA_WITH_AES_128_CBC_SHA => ECDHE-RSA-AES128-SHA
[DEBUG] [2021-11-29 22:27:46] CipherSuiteConverter.cacheFromOpenSsl(330) | Cipher suite mapping: TLS_ECDHE_ECDSA_WITH_AES_128_CBC_SHA => ECDHE-ECDSA-AES128-SHA
[DEBUG] [2021-11-29 22:27:46] CipherSuiteConverter.cacheFromOpenSsl(331) | Cipher suite mapping: SSL_ECDHE_ECDSA_WITH_AES_128_CBC_SHA => ECDHE-ECDSA-AES128-SHA
[DEBUG] [2021-11-29 22:27:46] CipherSuiteConverter.cacheFromOpenSsl(330) | Cipher suite mapping: TLS_SRP_DSS_WITH_AES_128_CBC_SHA => SRP-DSS-AES-128-CBC-SHA
[DEBUG] [2021-11-29 22:27:46] CipherSuiteConverter.cacheFromOpenSsl(331) | Cipher suite mapping: SSL_SRP_DSS_WITH_AES_128_CBC_SHA => SRP-DSS-AES-128-CBC-SHA
[DEBUG] [2021-11-29 22:27:46] CipherSuiteConverter.cacheFromOpenSsl(330) | Cipher suite mapping: TLS_SRP_RSA_WITH_AES_128_CBC_SHA => SRP-RSA-AES-128-CBC-SHA
[DEBUG] [2021-11-29 22:27:46] CipherSuiteConverter.cacheFromOpenSsl(331) | Cipher suite mapping: SSL_SRP_RSA_WITH_AES_128_CBC_SHA => SRP-RSA-AES-128-CBC-SHA
[DEBUG] [2021-11-29 22:27:46] CipherSuiteConverter.cacheFromOpenSsl(330) | Cipher suite mapping: TLS_SRP_WITH_AES_128_CBC_SHA => SRP-AES-128-CBC-SHA
[DEBUG] [2021-11-29 22:27:46] CipherSuiteConverter.cacheFromOpenSsl(331) | Cipher suite mapping: SSL_SRP_WITH_AES_128_CBC_SHA => SRP-AES-128-CBC-SHA
[DEBUG] [2021-11-29 22:27:46] CipherSuiteConverter.cacheFromOpenSsl(330) | Cipher suite mapping: TLS_RSA_WITH_DH_DSS_AES128_GCM_SHA256 => DH-DSS-AES128-GCM-SHA256
[DEBUG] [2021-11-29 22:27:46] CipherSuiteConverter.cacheFromOpenSsl(331) | Cipher suite mapping: SSL_RSA_WITH_DH_DSS_AES128_GCM_SHA256 => DH-DSS-AES128-GCM-SHA256
[DEBUG] [2021-11-29 22:27:46] CipherSuiteConverter.cacheFromOpenSsl(330) | Cipher suite mapping: TLS_DHE_DSS_WITH_AES_128_GCM_SHA256 => DHE-DSS-AES128-GCM-SHA256
[DEBUG] [2021-11-29 22:27:46] CipherSuiteConverter.cacheFromOpenSsl(331) | Cipher suite mapping: SSL_DHE_DSS_WITH_AES_128_GCM_SHA256 => DHE-DSS-AES128-GCM-SHA256
[DEBUG] [2021-11-29 22:27:46] CipherSuiteConverter.cacheFromOpenSsl(330) | Cipher suite mapping: TLS_RSA_WITH_DH_RSA_AES128_GCM_SHA256 => DH-RSA-AES128-GCM-SHA256
[DEBUG] [2021-11-29 22:27:46] CipherSuiteConverter.cacheFromOpenSsl(331) | Cipher suite mapping: SSL_RSA_WITH_DH_RSA_AES128_GCM_SHA256 => DH-RSA-AES128-GCM-SHA256
[DEBUG] [2021-11-29 22:27:46] CipherSuiteConverter.cacheFromOpenSsl(330) | Cipher suite mapping: TLS_DHE_RSA_WITH_AES_128_GCM_SHA256 => DHE-RSA-AES128-GCM-SHA256
[DEBUG] [2021-11-29 22:27:46] CipherSuiteConverter.cacheFromOpenSsl(331) | Cipher suite mapping: SSL_DHE_RSA_WITH_AES_128_GCM_SHA256 => DHE-RSA-AES128-GCM-SHA256
[DEBUG] [2021-11-29 22:27:46] CipherSuiteConverter.cacheFromOpenSsl(330) | Cipher suite mapping: TLS_DHE_RSA_WITH_AES_128_CBC_SHA256 => DHE-RSA-AES128-SHA256
[DEBUG] [2021-11-29 22:27:46] CipherSuiteConverter.cacheFromOpenSsl(331) | Cipher suite mapping: SSL_DHE_RSA_WITH_AES_128_CBC_SHA256 => DHE-RSA-AES128-SHA256
[DEBUG] [2021-11-29 22:27:46] CipherSuiteConverter.cacheFromOpenSsl(330) | Cipher suite mapping: TLS_DHE_DSS_WITH_AES_128_CBC_SHA256 => DHE-DSS-AES128-SHA256
[DEBUG] [2021-11-29 22:27:46] CipherSuiteConverter.cacheFromOpenSsl(331) | Cipher suite mapping: SSL_DHE_DSS_WITH_AES_128_CBC_SHA256 => DHE-DSS-AES128-SHA256
[DEBUG] [2021-11-29 22:27:46] CipherSuiteConverter.cacheFromOpenSsl(330) | Cipher suite mapping: TLS_RSA_WITH_DH_RSA_AES128_SHA256 => DH-RSA-AES128-SHA256
[DEBUG] [2021-11-29 22:27:46] CipherSuiteConverter.cacheFromOpenSsl(331) | Cipher suite mapping: SSL_RSA_WITH_DH_RSA_AES128_SHA256 => DH-RSA-AES128-SHA256
[DEBUG] [2021-11-29 22:27:46] CipherSuiteConverter.cacheFromOpenSsl(330) | Cipher suite mapping: TLS_RSA_WITH_DH_DSS_AES128_SHA256 => DH-DSS-AES128-SHA256
[DEBUG] [2021-11-29 22:27:46] CipherSuiteConverter.cacheFromOpenSsl(331) | Cipher suite mapping: SSL_RSA_WITH_DH_DSS_AES128_SHA256 => DH-DSS-AES128-SHA256
[DEBUG] [2021-11-29 22:27:46] CipherSuiteConverter.cacheFromOpenSsl(330) | Cipher suite mapping: TLS_DHE_RSA_WITH_AES_128_CBC_SHA => DHE-RSA-AES128-SHA
[DEBUG] [2021-11-29 22:27:46] CipherSuiteConverter.cacheFromOpenSsl(331) | Cipher suite mapping: SSL_DHE_RSA_WITH_AES_128_CBC_SHA => DHE-RSA-AES128-SHA
[DEBUG] [2021-11-29 22:27:46] CipherSuiteConverter.cacheFromOpenSsl(330) | Cipher suite mapping: TLS_DHE_DSS_WITH_AES_128_CBC_SHA => DHE-DSS-AES128-SHA
[DEBUG] [2021-11-29 22:27:46] CipherSuiteConverter.cacheFromOpenSsl(331) | Cipher suite mapping: SSL_DHE_DSS_WITH_AES_128_CBC_SHA => DHE-DSS-AES128-SHA
[DEBUG] [2021-11-29 22:27:46] CipherSuiteConverter.cacheFromOpenSsl(330) | Cipher suite mapping: TLS_RSA_WITH_DH_RSA_AES128_SHA => DH-RSA-AES128-SHA
[DEBUG] [2021-11-29 22:27:46] CipherSuiteConverter.cacheFromOpenSsl(331) | Cipher suite mapping: SSL_RSA_WITH_DH_RSA_AES128_SHA => DH-RSA-AES128-SHA
[DEBUG] [2021-11-29 22:27:46] CipherSuiteConverter.cacheFromOpenSsl(330) | Cipher suite mapping: TLS_RSA_WITH_DH_DSS_AES128_SHA => DH-DSS-AES128-SHA
[DEBUG] [2021-11-29 22:27:46] CipherSuiteConverter.cacheFromOpenSsl(331) | Cipher suite mapping: SSL_RSA_WITH_DH_DSS_AES128_SHA => DH-DSS-AES128-SHA
[DEBUG] [2021-11-29 22:27:46] CipherSuiteConverter.cacheFromOpenSsl(330) | Cipher suite mapping: TLS_RSA_WITH_ECC_SM4_SM3 => ECC-SM4-SM3
[DEBUG] [2021-11-29 22:27:46] CipherSuiteConverter.cacheFromOpenSsl(331) | Cipher suite mapping: SSL_RSA_WITH_ECC_SM4_SM3 => ECC-SM4-SM3
[DEBUG] [2021-11-29 22:27:46] CipherSuiteConverter.cacheFromOpenSsl(330) | Cipher suite mapping: TLS_RSA_WITH_ECDHE_SM4_SM3 => ECDHE-SM4-SM3
[DEBUG] [2021-11-29 22:27:46] CipherSuiteConverter.cacheFromOpenSsl(331) | Cipher suite mapping: SSL_RSA_WITH_ECDHE_SM4_SM3 => ECDHE-SM4-SM3
[DEBUG] [2021-11-29 22:27:46] CipherSuiteConverter.cacheFromOpenSsl(330) | Cipher suite mapping: TLS_DHE_RSA_WITH_SEED_SHA => DHE-RSA-SEED-SHA
[DEBUG] [2021-11-29 22:27:46] CipherSuiteConverter.cacheFromOpenSsl(331) | Cipher suite mapping: SSL_DHE_RSA_WITH_SEED_SHA => DHE-RSA-SEED-SHA
[DEBUG] [2021-11-29 22:27:46] CipherSuiteConverter.cacheFromOpenSsl(330) | Cipher suite mapping: TLS_DHE_DSS_WITH_SEED_SHA => DHE-DSS-SEED-SHA
[DEBUG] [2021-11-29 22:27:46] CipherSuiteConverter.cacheFromOpenSsl(331) | Cipher suite mapping: SSL_DHE_DSS_WITH_SEED_SHA => DHE-DSS-SEED-SHA
[DEBUG] [2021-11-29 22:27:46] CipherSuiteConverter.cacheFromOpenSsl(330) | Cipher suite mapping: TLS_RSA_WITH_DH_RSA_SEED_SHA => DH-RSA-SEED-SHA
[DEBUG] [2021-11-29 22:27:46] CipherSuiteConverter.cacheFromOpenSsl(331) | Cipher suite mapping: SSL_RSA_WITH_DH_RSA_SEED_SHA => DH-RSA-SEED-SHA
[DEBUG] [2021-11-29 22:27:46] CipherSuiteConverter.cacheFromOpenSsl(330) | Cipher suite mapping: TLS_RSA_WITH_DH_DSS_SEED_SHA => DH-DSS-SEED-SHA
[DEBUG] [2021-11-29 22:27:46] CipherSuiteConverter.cacheFromOpenSsl(331) | Cipher suite mapping: SSL_RSA_WITH_DH_DSS_SEED_SHA => DH-DSS-SEED-SHA
[DEBUG] [2021-11-29 22:27:46] CipherSuiteConverter.cacheFromOpenSsl(330) | Cipher suite mapping: TLS_DHE_RSA_WITH_CAMELLIA128_SHA => DHE-RSA-CAMELLIA128-SHA
[DEBUG] [2021-11-29 22:27:46] CipherSuiteConverter.cacheFromOpenSsl(331) | Cipher suite mapping: SSL_DHE_RSA_WITH_CAMELLIA128_SHA => DHE-RSA-CAMELLIA128-SHA
[DEBUG] [2021-11-29 22:27:46] CipherSuiteConverter.cacheFromOpenSsl(330) | Cipher suite mapping: TLS_DHE_DSS_WITH_CAMELLIA128_SHA => DHE-DSS-CAMELLIA128-SHA
[DEBUG] [2021-11-29 22:27:46] CipherSuiteConverter.cacheFromOpenSsl(331) | Cipher suite mapping: SSL_DHE_DSS_WITH_CAMELLIA128_SHA => DHE-DSS-CAMELLIA128-SHA
[DEBUG] [2021-11-29 22:27:46] CipherSuiteConverter.cacheFromOpenSsl(330) | Cipher suite mapping: TLS_RSA_WITH_DH_RSA_CAMELLIA128_SHA => DH-RSA-CAMELLIA128-SHA
[DEBUG] [2021-11-29 22:27:46] CipherSuiteConverter.cacheFromOpenSsl(331) | Cipher suite mapping: SSL_RSA_WITH_DH_RSA_CAMELLIA128_SHA => DH-RSA-CAMELLIA128-SHA
[DEBUG] [2021-11-29 22:27:46] CipherSuiteConverter.cacheFromOpenSsl(330) | Cipher suite mapping: TLS_RSA_WITH_DH_DSS_CAMELLIA128_SHA => DH-DSS-CAMELLIA128-SHA
[DEBUG] [2021-11-29 22:27:46] CipherSuiteConverter.cacheFromOpenSsl(331) | Cipher suite mapping: SSL_RSA_WITH_DH_DSS_CAMELLIA128_SHA => DH-DSS-CAMELLIA128-SHA
[DEBUG] [2021-11-29 22:27:46] CipherSuiteConverter.cacheFromOpenSsl(330) | Cipher suite mapping: TLS_ECDH_anon_WITH_AES_128_CBC_SHA => AECDH-AES128-SHA
[DEBUG] [2021-11-29 22:27:46] CipherSuiteConverter.cacheFromOpenSsl(331) | Cipher suite mapping: SSL_ECDH_anon_WITH_AES_128_CBC_SHA => AECDH-AES128-SHA
[DEBUG] [2021-11-29 22:27:46] CipherSuiteConverter.cacheFromOpenSsl(330) | Cipher suite mapping: TLS_DH_anon_WITH_AES_128_GCM_SHA256 => ADH-AES128-GCM-SHA256
[DEBUG] [2021-11-29 22:27:46] CipherSuiteConverter.cacheFromOpenSsl(331) | Cipher suite mapping: SSL_DH_anon_WITH_AES_128_GCM_SHA256 => ADH-AES128-GCM-SHA256
[DEBUG] [2021-11-29 22:27:46] CipherSuiteConverter.cacheFromOpenSsl(330) | Cipher suite mapping: TLS_DH_anon_WITH_AES_128_CBC_SHA256 => ADH-AES128-SHA256
[DEBUG] [2021-11-29 22:27:46] CipherSuiteConverter.cacheFromOpenSsl(331) | Cipher suite mapping: SSL_DH_anon_WITH_AES_128_CBC_SHA256 => ADH-AES128-SHA256
[DEBUG] [2021-11-29 22:27:46] CipherSuiteConverter.cacheFromOpenSsl(330) | Cipher suite mapping: TLS_DH_anon_WITH_AES_128_CBC_SHA => ADH-AES128-SHA
[DEBUG] [2021-11-29 22:27:46] CipherSuiteConverter.cacheFromOpenSsl(331) | Cipher suite mapping: SSL_DH_anon_WITH_AES_128_CBC_SHA => ADH-AES128-SHA
[DEBUG] [2021-11-29 22:27:46] CipherSuiteConverter.cacheFromOpenSsl(330) | Cipher suite mapping: TLS_DH_anon_WITH_SEED_SHA => ADH-SEED-SHA
[DEBUG] [2021-11-29 22:27:46] CipherSuiteConverter.cacheFromOpenSsl(331) | Cipher suite mapping: SSL_DH_anon_WITH_SEED_SHA => ADH-SEED-SHA
[DEBUG] [2021-11-29 22:27:46] CipherSuiteConverter.cacheFromOpenSsl(330) | Cipher suite mapping: TLS_DH_anon_WITH_CAMELLIA128_SHA => ADH-CAMELLIA128-SHA
[DEBUG] [2021-11-29 22:27:46] CipherSuiteConverter.cacheFromOpenSsl(331) | Cipher suite mapping: SSL_DH_anon_WITH_CAMELLIA128_SHA => ADH-CAMELLIA128-SHA
[DEBUG] [2021-11-29 22:27:46] CipherSuiteConverter.cacheFromOpenSsl(330) | Cipher suite mapping: TLS_ECDH_RSA_WITH_AES_128_GCM_SHA256 => ECDH-RSA-AES128-GCM-SHA256
[DEBUG] [2021-11-29 22:27:46] CipherSuiteConverter.cacheFromOpenSsl(331) | Cipher suite mapping: SSL_ECDH_RSA_WITH_AES_128_GCM_SHA256 => ECDH-RSA-AES128-GCM-SHA256
[DEBUG] [2021-11-29 22:27:46] CipherSuiteConverter.cacheFromOpenSsl(330) | Cipher suite mapping: TLS_ECDH_ECDSA_WITH_AES_128_GCM_SHA256 => ECDH-ECDSA-AES128-GCM-SHA256
[DEBUG] [2021-11-29 22:27:46] CipherSuiteConverter.cacheFromOpenSsl(331) | Cipher suite mapping: SSL_ECDH_ECDSA_WITH_AES_128_GCM_SHA256 => ECDH-ECDSA-AES128-GCM-SHA256
[DEBUG] [2021-11-29 22:27:46] CipherSuiteConverter.cacheFromOpenSsl(330) | Cipher suite mapping: TLS_ECDH_RSA_WITH_AES_128_CBC_SHA256 => ECDH-RSA-AES128-SHA256
[DEBUG] [2021-11-29 22:27:46] CipherSuiteConverter.cacheFromOpenSsl(331) | Cipher suite mapping: SSL_ECDH_RSA_WITH_AES_128_CBC_SHA256 => ECDH-RSA-AES128-SHA256
[DEBUG] [2021-11-29 22:27:46] CipherSuiteConverter.cacheFromOpenSsl(330) | Cipher suite mapping: TLS_ECDH_ECDSA_WITH_AES_128_CBC_SHA256 => ECDH-ECDSA-AES128-SHA256
[DEBUG] [2021-11-29 22:27:46] CipherSuiteConverter.cacheFromOpenSsl(331) | Cipher suite mapping: SSL_ECDH_ECDSA_WITH_AES_128_CBC_SHA256 => ECDH-ECDSA-AES128-SHA256
[DEBUG] [2021-11-29 22:27:46] CipherSuiteConverter.cacheFromOpenSsl(330) | Cipher suite mapping: TLS_ECDH_RSA_WITH_AES_128_CBC_SHA => ECDH-RSA-AES128-SHA
[DEBUG] [2021-11-29 22:27:46] CipherSuiteConverter.cacheFromOpenSsl(331) | Cipher suite mapping: SSL_ECDH_RSA_WITH_AES_128_CBC_SHA => ECDH-RSA-AES128-SHA
[DEBUG] [2021-11-29 22:27:46] CipherSuiteConverter.cacheFromOpenSsl(330) | Cipher suite mapping: TLS_ECDH_ECDSA_WITH_AES_128_CBC_SHA => ECDH-ECDSA-AES128-SHA
[DEBUG] [2021-11-29 22:27:46] CipherSuiteConverter.cacheFromOpenSsl(331) | Cipher suite mapping: SSL_ECDH_ECDSA_WITH_AES_128_CBC_SHA => ECDH-ECDSA-AES128-SHA
[DEBUG] [2021-11-29 22:27:46] CipherSuiteConverter.cacheFromOpenSsl(330) | Cipher suite mapping: TLS_RSA_WITH_AES_128_GCM_SHA256 => AES128-GCM-SHA256
[DEBUG] [2021-11-29 22:27:46] CipherSuiteConverter.cacheFromOpenSsl(331) | Cipher suite mapping: SSL_RSA_WITH_AES_128_GCM_SHA256 => AES128-GCM-SHA256
[DEBUG] [2021-11-29 22:27:46] CipherSuiteConverter.cacheFromOpenSsl(330) | Cipher suite mapping: TLS_RSA_WITH_AES_128_CBC_SHA256 => AES128-SHA256
[DEBUG] [2021-11-29 22:27:46] CipherSuiteConverter.cacheFromOpenSsl(331) | Cipher suite mapping: SSL_RSA_WITH_AES_128_CBC_SHA256 => AES128-SHA256
[DEBUG] [2021-11-29 22:27:46] CipherSuiteConverter.cacheFromOpenSsl(330) | Cipher suite mapping: TLS_RSA_WITH_AES_128_CBC_SHA => AES128-SHA
[DEBUG] [2021-11-29 22:27:46] CipherSuiteConverter.cacheFromOpenSsl(331) | Cipher suite mapping: SSL_RSA_WITH_AES_128_CBC_SHA => AES128-SHA
[DEBUG] [2021-11-29 22:27:46] CipherSuiteConverter.cacheFromOpenSsl(330) | Cipher suite mapping: TLS_RSA_WITH_SEED_SHA => SEED-SHA
[DEBUG] [2021-11-29 22:27:46] CipherSuiteConverter.cacheFromOpenSsl(331) | Cipher suite mapping: SSL_RSA_WITH_SEED_SHA => SEED-SHA
[DEBUG] [2021-11-29 22:27:46] CipherSuiteConverter.cacheFromOpenSsl(330) | Cipher suite mapping: TLS_RSA_WITH_CAMELLIA128_SHA => CAMELLIA128-SHA
[DEBUG] [2021-11-29 22:27:46] CipherSuiteConverter.cacheFromOpenSsl(331) | Cipher suite mapping: SSL_RSA_WITH_CAMELLIA128_SHA => CAMELLIA128-SHA
[DEBUG] [2021-11-29 22:27:46] CipherSuiteConverter.cacheFromOpenSsl(330) | Cipher suite mapping: TLS_RSA_WITH_IDEA_CBC_SHA => IDEA-CBC-SHA
[DEBUG] [2021-11-29 22:27:46] CipherSuiteConverter.cacheFromOpenSsl(331) | Cipher suite mapping: SSL_RSA_WITH_IDEA_CBC_SHA => IDEA-CBC-SHA
[DEBUG] [2021-11-29 22:27:46] CipherSuiteConverter.cacheFromOpenSsl(330) | Cipher suite mapping: TLS_PSK_WITH_AES_128_CBC_SHA => PSK-AES128-CBC-SHA
[DEBUG] [2021-11-29 22:27:46] CipherSuiteConverter.cacheFromOpenSsl(331) | Cipher suite mapping: SSL_PSK_WITH_AES_128_CBC_SHA => PSK-AES128-CBC-SHA
[DEBUG] [2021-11-29 22:27:46] CipherSuiteConverter.cacheFromOpenSsl(330) | Cipher suite mapping: TLS_ECDHE_RSA_WITH_RC4_128_SHA => ECDHE-RSA-RC4-SHA
[DEBUG] [2021-11-29 22:27:46] CipherSuiteConverter.cacheFromOpenSsl(331) | Cipher suite mapping: SSL_ECDHE_RSA_WITH_RC4_128_SHA => ECDHE-RSA-RC4-SHA
[DEBUG] [2021-11-29 22:27:46] CipherSuiteConverter.cacheFromOpenSsl(330) | Cipher suite mapping: TLS_ECDHE_ECDSA_WITH_RC4_128_SHA => ECDHE-ECDSA-RC4-SHA
[DEBUG] [2021-11-29 22:27:46] CipherSuiteConverter.cacheFromOpenSsl(331) | Cipher suite mapping: SSL_ECDHE_ECDSA_WITH_RC4_128_SHA => ECDHE-ECDSA-RC4-SHA
[DEBUG] [2021-11-29 22:27:46] CipherSuiteConverter.cacheFromOpenSsl(330) | Cipher suite mapping: TLS_ECDH_anon_WITH_RC4_128_SHA => AECDH-RC4-SHA
[DEBUG] [2021-11-29 22:27:46] CipherSuiteConverter.cacheFromOpenSsl(331) | Cipher suite mapping: SSL_ECDH_anon_WITH_RC4_128_SHA => AECDH-RC4-SHA
[DEBUG] [2021-11-29 22:27:46] CipherSuiteConverter.cacheFromOpenSsl(330) | Cipher suite mapping: TLS_DH_anon_WITH_RC4_128_MD5 => ADH-RC4-MD5
[DEBUG] [2021-11-29 22:27:46] CipherSuiteConverter.cacheFromOpenSsl(331) | Cipher suite mapping: SSL_DH_anon_WITH_RC4_128_MD5 => ADH-RC4-MD5
[DEBUG] [2021-11-29 22:27:46] CipherSuiteConverter.cacheFromOpenSsl(330) | Cipher suite mapping: TLS_ECDH_RSA_WITH_RC4_128_SHA => ECDH-RSA-RC4-SHA
[DEBUG] [2021-11-29 22:27:46] CipherSuiteConverter.cacheFromOpenSsl(331) | Cipher suite mapping: SSL_ECDH_RSA_WITH_RC4_128_SHA => ECDH-RSA-RC4-SHA
[DEBUG] [2021-11-29 22:27:46] CipherSuiteConverter.cacheFromOpenSsl(330) | Cipher suite mapping: TLS_ECDH_ECDSA_WITH_RC4_128_SHA => ECDH-ECDSA-RC4-SHA
[DEBUG] [2021-11-29 22:27:46] CipherSuiteConverter.cacheFromOpenSsl(331) | Cipher suite mapping: SSL_ECDH_ECDSA_WITH_RC4_128_SHA => ECDH-ECDSA-RC4-SHA
[DEBUG] [2021-11-29 22:27:46] CipherSuiteConverter.cacheFromOpenSsl(330) | Cipher suite mapping: TLS_RSA_WITH_RC4_128_SHA => RC4-SHA
[DEBUG] [2021-11-29 22:27:46] CipherSuiteConverter.cacheFromOpenSsl(331) | Cipher suite mapping: SSL_RSA_WITH_RC4_128_SHA => RC4-SHA
[DEBUG] [2021-11-29 22:27:46] CipherSuiteConverter.cacheFromOpenSsl(330) | Cipher suite mapping: TLS_RSA_WITH_RC4_128_MD5 => RC4-MD5
[DEBUG] [2021-11-29 22:27:46] CipherSuiteConverter.cacheFromOpenSsl(331) | Cipher suite mapping: SSL_RSA_WITH_RC4_128_MD5 => RC4-MD5
[DEBUG] [2021-11-29 22:27:46] CipherSuiteConverter.cacheFromOpenSsl(330) | Cipher suite mapping: TLS_PSK_WITH_RC4_128_SHA => PSK-RC4-SHA
[DEBUG] [2021-11-29 22:27:46] CipherSuiteConverter.cacheFromOpenSsl(331) | Cipher suite mapping: SSL_PSK_WITH_RC4_128_SHA => PSK-RC4-SHA
[DEBUG] [2021-11-29 22:27:46] CipherSuiteConverter.cacheFromOpenSsl(330) | Cipher suite mapping: TLS_ECDHE_RSA_WITH_3DES_EDE_CBC_SHA => ECDHE-RSA-DES-CBC3-SHA
[DEBUG] [2021-11-29 22:27:46] CipherSuiteConverter.cacheFromOpenSsl(331) | Cipher suite mapping: SSL_ECDHE_RSA_WITH_3DES_EDE_CBC_SHA => ECDHE-RSA-DES-CBC3-SHA
[DEBUG] [2021-11-29 22:27:46] CipherSuiteConverter.cacheFromOpenSsl(330) | Cipher suite mapping: TLS_ECDHE_ECDSA_WITH_3DES_EDE_CBC_SHA => ECDHE-ECDSA-DES-CBC3-SHA
[DEBUG] [2021-11-29 22:27:46] CipherSuiteConverter.cacheFromOpenSsl(331) | Cipher suite mapping: SSL_ECDHE_ECDSA_WITH_3DES_EDE_CBC_SHA => ECDHE-ECDSA-DES-CBC3-SHA
[DEBUG] [2021-11-29 22:27:46] CipherSuiteConverter.cacheFromOpenSsl(330) | Cipher suite mapping: TLS_SRP_DSS_WITH_3DES_EDE_CBC_SHA => SRP-DSS-3DES-EDE-CBC-SHA
[DEBUG] [2021-11-29 22:27:46] CipherSuiteConverter.cacheFromOpenSsl(331) | Cipher suite mapping: SSL_SRP_DSS_WITH_3DES_EDE_CBC_SHA => SRP-DSS-3DES-EDE-CBC-SHA
[DEBUG] [2021-11-29 22:27:46] CipherSuiteConverter.cacheFromOpenSsl(330) | Cipher suite mapping: TLS_SRP_RSA_WITH_3DES_EDE_CBC_SHA => SRP-RSA-3DES-EDE-CBC-SHA
[DEBUG] [2021-11-29 22:27:46] CipherSuiteConverter.cacheFromOpenSsl(331) | Cipher suite mapping: SSL_SRP_RSA_WITH_3DES_EDE_CBC_SHA => SRP-RSA-3DES-EDE-CBC-SHA
[DEBUG] [2021-11-29 22:27:46] CipherSuiteConverter.cacheFromOpenSsl(330) | Cipher suite mapping: TLS_SRP_WITH_3DES_EDE_CBC_SHA => SRP-3DES-EDE-CBC-SHA
[DEBUG] [2021-11-29 22:27:46] CipherSuiteConverter.cacheFromOpenSsl(331) | Cipher suite mapping: SSL_SRP_WITH_3DES_EDE_CBC_SHA => SRP-3DES-EDE-CBC-SHA
[DEBUG] [2021-11-29 22:27:46] CipherSuiteConverter.cacheFromOpenSsl(330) | Cipher suite mapping: TLS_EDH_RSA_WITH_3DES_EDE_CBC_SHA => EDH-RSA-DES-CBC3-SHA
[DEBUG] [2021-11-29 22:27:46] CipherSuiteConverter.cacheFromOpenSsl(331) | Cipher suite mapping: SSL_EDH_RSA_WITH_3DES_EDE_CBC_SHA => EDH-RSA-DES-CBC3-SHA
[DEBUG] [2021-11-29 22:27:46] CipherSuiteConverter.cacheFromOpenSsl(330) | Cipher suite mapping: TLS_EDH_DSS_WITH_3DES_EDE_CBC_SHA => EDH-DSS-DES-CBC3-SHA
[DEBUG] [2021-11-29 22:27:46] CipherSuiteConverter.cacheFromOpenSsl(331) | Cipher suite mapping: SSL_EDH_DSS_WITH_3DES_EDE_CBC_SHA => EDH-DSS-DES-CBC3-SHA
[DEBUG] [2021-11-29 22:27:46] CipherSuiteConverter.cacheFromOpenSsl(330) | Cipher suite mapping: TLS_RSA_WITH_DH_RSA_DES_CBC3_SHA => DH-RSA-DES-CBC3-SHA
[DEBUG] [2021-11-29 22:27:46] CipherSuiteConverter.cacheFromOpenSsl(331) | Cipher suite mapping: SSL_RSA_WITH_DH_RSA_DES_CBC3_SHA => DH-RSA-DES-CBC3-SHA
[DEBUG] [2021-11-29 22:27:46] CipherSuiteConverter.cacheFromOpenSsl(330) | Cipher suite mapping: TLS_RSA_WITH_DH_DSS_DES_CBC3_SHA => DH-DSS-DES-CBC3-SHA
[DEBUG] [2021-11-29 22:27:46] CipherSuiteConverter.cacheFromOpenSsl(331) | Cipher suite mapping: SSL_RSA_WITH_DH_DSS_DES_CBC3_SHA => DH-DSS-DES-CBC3-SHA
[DEBUG] [2021-11-29 22:27:46] CipherSuiteConverter.cacheFromOpenSsl(330) | Cipher suite mapping: TLS_ECDH_anon_WITH_3DES_EDE_CBC_SHA => AECDH-DES-CBC3-SHA
[DEBUG] [2021-11-29 22:27:46] CipherSuiteConverter.cacheFromOpenSsl(331) | Cipher suite mapping: SSL_ECDH_anon_WITH_3DES_EDE_CBC_SHA => AECDH-DES-CBC3-SHA
[DEBUG] [2021-11-29 22:27:46] CipherSuiteConverter.cacheFromOpenSsl(330) | Cipher suite mapping: TLS_DH_anon_WITH_3DES_EDE_CBC_SHA => ADH-DES-CBC3-SHA
[DEBUG] [2021-11-29 22:27:46] CipherSuiteConverter.cacheFromOpenSsl(331) | Cipher suite mapping: SSL_DH_anon_WITH_3DES_EDE_CBC_SHA => ADH-DES-CBC3-SHA
[DEBUG] [2021-11-29 22:27:46] CipherSuiteConverter.cacheFromOpenSsl(330) | Cipher suite mapping: TLS_ECDH_RSA_WITH_3DES_EDE_CBC_SHA => ECDH-RSA-DES-CBC3-SHA
[DEBUG] [2021-11-29 22:27:46] CipherSuiteConverter.cacheFromOpenSsl(331) | Cipher suite mapping: SSL_ECDH_RSA_WITH_3DES_EDE_CBC_SHA => ECDH-RSA-DES-CBC3-SHA
[DEBUG] [2021-11-29 22:27:46] CipherSuiteConverter.cacheFromOpenSsl(330) | Cipher suite mapping: TLS_ECDH_ECDSA_WITH_3DES_EDE_CBC_SHA => ECDH-ECDSA-DES-CBC3-SHA
[DEBUG] [2021-11-29 22:27:46] CipherSuiteConverter.cacheFromOpenSsl(331) | Cipher suite mapping: SSL_ECDH_ECDSA_WITH_3DES_EDE_CBC_SHA => ECDH-ECDSA-DES-CBC3-SHA
[DEBUG] [2021-11-29 22:27:46] CipherSuiteConverter.cacheFromOpenSsl(330) | Cipher suite mapping: TLS_RSA_WITH_3DES_EDE_CBC_SHA => DES-CBC3-SHA
[DEBUG] [2021-11-29 22:27:46] CipherSuiteConverter.cacheFromOpenSsl(331) | Cipher suite mapping: SSL_RSA_WITH_3DES_EDE_CBC_SHA => DES-CBC3-SHA
[DEBUG] [2021-11-29 22:27:46] CipherSuiteConverter.cacheFromOpenSsl(330) | Cipher suite mapping: TLS_PSK_WITH_3DES_EDE_CBC_SHA => PSK-3DES-EDE-CBC-SHA
[DEBUG] [2021-11-29 22:27:46] CipherSuiteConverter.cacheFromOpenSsl(331) | Cipher suite mapping: SSL_PSK_WITH_3DES_EDE_CBC_SHA => PSK-3DES-EDE-CBC-SHA
[DEBUG] [2021-11-29 22:27:46] OpenSsl.<clinit>(369) | Supported protocols (OpenSSL): [SSLv2Hello, TLSv1, TLSv1.1, TLSv1.2] 
[DEBUG] [2021-11-29 22:27:46] OpenSsl.<clinit>(370) | Default cipher suites (OpenSSL): [TLS_ECDHE_ECDSA_WITH_AES_256_GCM_SHA384, TLS_ECDHE_ECDSA_WITH_AES_128_GCM_SHA256, TLS_ECDHE_RSA_WITH_AES_128_GCM_SHA256, TLS_ECDHE_RSA_WITH_AES_256_GCM_SHA384, TLS_ECDHE_RSA_WITH_AES_128_CBC_SHA, TLS_ECDHE_RSA_WITH_AES_256_CBC_SHA, TLS_RSA_WITH_AES_128_GCM_SHA256, TLS_RSA_WITH_AES_128_CBC_SHA, TLS_RSA_WITH_AES_256_CBC_SHA]
[DEBUG] [2021-11-29 22:27:46] ResourceLeakDetectorFactory$DefaultResourceLeakDetectorFactory.newResourceLeakDetector(196) | Loaded default ResourceLeakDetector: io.netty.util.ResourceLeakDetector@662706a7
[DEBUG] [2021-11-29 22:27:46] ConnectionManager.startConnect(107) | startConnect to 127.0.0.1:20200
[DEBUG] [2021-11-29 22:27:46] DefaultChannelId.<clinit>(79) | -Dio.netty.processId: 31417 (auto-detected)
[DEBUG] [2021-11-29 22:27:46] DefaultChannelId.<clinit>(101) | -Dio.netty.machineId: 00:15:5d:ff:fe:58:3c:c3 (auto-detected)
[DEBUG] [2021-11-29 22:27:46] ConnectionManager.startConnect(107) | startConnect to 127.0.0.1:20201
[DEBUG] [2021-11-29 22:27:46] ResourceLeakDetectorFactory$DefaultResourceLeakDetectorFactory.newResourceLeakDetector(196) | Loaded default ResourceLeakDetector: io.netty.util.ResourceLeakDetector@31b9a491
[DEBUG] [2021-11-29 22:27:46] ConnectionManager.startConnect(142) |  start connect end. 
[DEBUG] [2021-11-29 22:27:46] ConnectionManager.startReconnectSchedule(146) |  start reconnect schedule
[DEBUG] [2021-11-29 22:27:46] SslHandler.setHandshakeSuccess(1807) | [id: 0x2563473d, L:/127.0.0.1:48490 - R:/127.0.0.1:20201] HANDSHAKEN: protocol:TLSv1.2 cipher suite:TLS_ECDHE_ECDSA_WITH_AES_256_GCM_SHA384
[DEBUG] [2021-11-29 22:27:46] SslHandler.setHandshakeSuccess(1807) | [id: 0x248faeb2, L:/127.0.0.1:45428 - R:/127.0.0.1:20200] HANDSHAKEN: protocol:TLSv1.2 cipher suite:TLS_ECDHE_ECDSA_WITH_AES_256_GCM_SHA384
[INFO] [2021-11-29 22:27:46] ChannelHandler.userEventTriggered(73) |  handshake success, host: 127.0.0.1, port: 20200, ctx: 804446097
[INFO] [2021-11-29 22:27:46] ChannelHandler.userEventTriggered(73) |  handshake success, host: 127.0.0.1, port: 20201, ctx: 1906147064
[DEBUG] [2021-11-29 22:27:46] ConnectionManager.addConnectionContext(418) | addConnectionContext, endpoint: 127.0.0.1:20200, ctx:ChannelHandlerContext(ChannelHandler#0, [id: 0x248faeb2, L:/127.0.0.1:45428 - R:/127.0.0.1:20200])
[DEBUG] [2021-11-29 22:27:46] ConnectionManager.addConnectionContext(418) | addConnectionContext, endpoint: 127.0.0.1:20201, ctx:ChannelHandlerContext(ChannelHandler#0, [id: 0x2563473d, L:/127.0.0.1:48490 - R:/127.0.0.1:20201])
[DEBUG] [2021-11-29 22:27:46] ChannelMsgHandler.onConnect(112) | onConnect in ChannelMsgHandler called, host : 127.0.0.1:20200
[DEBUG] [2021-11-29 22:27:46] ChannelMsgHandler.onConnect(112) | onConnect in ChannelMsgHandler called, host : 127.0.0.1:20201
[DEBUG] [2021-11-29 22:27:46] ChannelMsgHandler.onMessage(123) | onMessage in ChannelMsgHandler called, host : 127.0.0.1:20201, seq : eac34d3eb01b48ab80e6ebda14ead1c1, msgType : 18
[DEBUG] [2021-11-29 22:27:46] ChannelMsgHandler.onMessage(123) | onMessage in ChannelMsgHandler called, host : 127.0.0.1:20200, seq : b881ab6995d3454192b8fb25e4a3632c, msgType : 18
[INFO] [2021-11-29 22:27:46] ChannelMsgHandler$1.onResponse(225) |  node: ClientVersion{version='2.8.0', supportedVersion='2.8.0', chainId='1', buildTime='20210830 12:52:15', buildType='Linux/clang/Release', gitBranch='HEAD', gitCommitHash='30fb38ac5692468058abf6aa12869d2ae776c275'}, content: {"id":0,"jsonrpc":"2.0","result":{"Build Time":"20210830 12:52:15","Build Type":"Linux/clang/Release","Chain Id":"1","FISCO-BCOS Version":"2.8.0","Git Branch":"HEAD","Git Commit Hash":"30fb38ac5692468058abf6aa12869d2ae776c275","Supported Version":"2.8.0"}}

[INFO] [2021-11-29 22:27:46] ChannelMsgHandler$1.onResponse(225) |  node: ClientVersion{version='2.8.0', supportedVersion='2.8.0', chainId='1', buildTime='20210830 12:52:15', buildType='Linux/clang/Release', gitBranch='HEAD', gitCommitHash='30fb38ac5692468058abf6aa12869d2ae776c275'}, content: {"id":1,"jsonrpc":"2.0","result":{"Build Time":"20210830 12:52:15","Build Type":"Linux/clang/Release","Chain Id":"1","FISCO-BCOS Version":"2.8.0","Git Branch":"HEAD","Git Commit Hash":"30fb38ac5692468058abf6aa12869d2ae776c275","Supported Version":"2.8.0"}}

[INFO] [2021-11-29 22:27:46] ChannelMsgHandler$1.onResponse(233) |  support channel handshake node
[INFO] [2021-11-29 22:27:46] ChannelMsgHandler$1.onResponse(233) |  support channel handshake node
[DEBUG] [2021-11-29 22:27:46] ChannelMsgHandler.onMessage(123) | onMessage in ChannelMsgHandler called, host : 127.0.0.1:20201, seq : 170a9dfe422a49969f940189289d8f59, msgType : 20
[DEBUG] [2021-11-29 22:27:46] ChannelMsgHandler.onMessage(123) | onMessage in ChannelMsgHandler called, host : 127.0.0.1:20200, seq : b66c1a45ebd548b0a90739ec463b3e61, msgType : 20
[INFO] [2021-11-29 22:27:46] ChannelMsgHandler$2.onResponse(309) |  channel protocol handshake success, set socket channel protocol, host: 127.0.0.1:20201, channel protocol: ChannelProtocol [protocol=3, nodeVersion=2.8.0, EnumProtocol=VERSION_3]
[INFO] [2021-11-29 22:27:46] ChannelMsgHandler$2.onResponse(309) |  channel protocol handshake success, set socket channel protocol, host: 127.0.0.1:20200, channel protocol: ChannelProtocol [protocol=3, nodeVersion=2.8.0, EnumProtocol=VERSION_3]
[INFO] [2021-11-29 22:27:46] ChannelImp.checkConnectionsToStartPeriodTask(132) |  Connect to  nodes: 127.0.0.1:20200, 127.0.0.1:20201, java version: 11.0.11 ,java vendor: Ubuntu
[DEBUG] [2021-11-29 22:27:46] ChannelImp.start(92) | Start the channel success
[INFO] [2021-11-29 22:27:46] BcosSDK.<init>(77) | create BcosSDK, start channel success, cryptoType: 0
[DEBUG] [2021-11-29 22:27:46] ThreadPoolService.<init>(37) | Create ThreadPoolService, threadName: channelProcessor, corePoolSize: 16, maxBlockingQueueSize: 102400
[INFO] [2021-11-29 22:27:46] BcosSDK.<init>(87) | create BcosSDK, start channel succ, channelProcessorThreadSize: 16, receiptProcessorThreadSize: 16
[DEBUG] [2021-11-29 22:27:46] ThreadPoolService.<init>(37) | Create ThreadPoolService, threadName: GroupManagerServiceImpl, corePoolSize: 16, maxBlockingQueueSize: 102400
[DEBUG] [2021-11-29 22:27:46] ChannelMsgHandler.onMessage(123) | onMessage in ChannelMsgHandler called, host : 127.0.0.1:20201, seq : a152e8ab03394f87940e1ee4969c5be3, msgType : 19
[DEBUG] [2021-11-29 22:27:46] ChannelMsgHandler.onMessage(123) | onMessage in ChannelMsgHandler called, host : 127.0.0.1:20200, seq : a2d3625670584e349c8d5cf384662aa4, msgType : 19
[INFO] [2021-11-29 22:27:46] GroupManagerServiceImpl.registerBlockNumberNotifyHandler(259) | registerBlockNumberNotifyHandler
[INFO] [2021-11-29 22:27:46] GroupManagerServiceImpl.registerTransactionNotifyHandler(281) | registerTransactionNotifyHandler
[DEBUG] [2021-11-29 22:27:46] ChannelMsgHandler.onMessage(123) | onMessage in ChannelMsgHandler called, host : 127.0.0.1:20200, seq : 2efedc71f34842e9a9388fc00f4c0792, msgType : 18
[DEBUG] [2021-11-29 22:27:46] GroupServiceImpl.<init>(45) | insert group: 1 for peer 127.0.0.1:20200
[DEBUG] [2021-11-29 22:27:46] GroupManagerServiceImpl.getAndUpdateBlockNumberForAllPeers(528) | g: 1, getAndUpdateBlockNumberForAllPeers, group availablePeers:[127.0.0.1:20200]
[DEBUG] [2021-11-29 22:27:46] ChannelMsgHandler.onMessage(123) | onMessage in ChannelMsgHandler called, host : 127.0.0.1:20200, seq : 14dcba3c47334ec0b2cf1ffd7a5fa1d7, msgType : 18
[DEBUG] [2021-11-29 22:27:46] GroupServiceImpl.updatePeersBlockNumberInfo(104) | updatePeersBlockNumberInfo for 127.0.0.1:20200, updated blockNumber: 0, groupId: 1
[DEBUG] [2021-11-29 22:27:46] GroupServiceImpl.updateLatestBlockNumber(127) | g:1, updateLatestBlockNumber, latestBlockNumber: 0, nodeWithLatestBlockNumber:[127.0.0.1:20200]
[DEBUG] [2021-11-29 22:27:46] GroupManagerServiceImpl.fetchAndUpdateBlockNumberInfo(542) | fetch and update the blockNumber information, groupId: 1, peer:127.0.0.1:20200, blockNumber: 0
[DEBUG] [2021-11-29 22:27:46] ChannelMsgHandler.onMessage(123) | onMessage in ChannelMsgHandler called, host : 127.0.0.1:20201, seq : 2b3556be56c3433db2c3973404d2a66d, msgType : 18
[DEBUG] [2021-11-29 22:27:46] GroupServiceImpl.insertNode(84) | g:1, insertNode=127.0.0.1:20201, nodeSize=2, blockNumberInfoSize=1
[DEBUG] [2021-11-29 22:27:46] ChannelMsgHandler.onMessage(123) | onMessage in ChannelMsgHandler called, host : 127.0.0.1:20201, seq : 46dc1d880ad94fce8f2561f38e1c0f37, msgType : 18
[DEBUG] [2021-11-29 22:27:46] GroupServiceImpl.updatePeersBlockNumberInfo(104) | updatePeersBlockNumberInfo for 127.0.0.1:20201, updated blockNumber: 0, groupId: 1
[DEBUG] [2021-11-29 22:27:46] GroupServiceImpl.updateLatestBlockNumber(127) | g:1, updateLatestBlockNumber, latestBlockNumber: 0, nodeWithLatestBlockNumber:[127.0.0.1:20200, 127.0.0.1:20201]
[DEBUG] [2021-11-29 22:27:46] GroupManagerServiceImpl.fetchAndUpdateBlockNumberInfo(542) | fetch and update the blockNumber information, groupId: 1, peer:127.0.0.1:20201, blockNumber: 0
[DEBUG] [2021-11-29 22:27:46] ChannelMsgHandler.onMessage(123) | onMessage in ChannelMsgHandler called, host : 127.0.0.1:20200, seq : 6953d5953efb4e71b69c5e3ba94ec675, msgType : 18
[DEBUG] [2021-11-29 22:27:46] ChannelMsgHandler.onMessage(123) | onMessage in ChannelMsgHandler called, host : 127.0.0.1:20201, seq : 3c710a9b083749dbb23b50cca967e462, msgType : 18
[DEBUG] [2021-11-29 22:27:46] GroupManagerServiceImpl.start(445) | start GroupManagerService...
[INFO] [2021-11-29 22:27:46] BcosSDK.<init>(98) | create BcosSDK, create groupManagerService success
[DEBUG] [2021-11-29 22:27:46] ChannelMsgHandler.onMessage(123) | onMessage in ChannelMsgHandler called, host : 127.0.0.1:20200, seq : 36f9013734db4159bcf3174dc38de8aa, msgType : 18
[DEBUG] [2021-11-29 22:27:46] ChannelMsgHandler.onMessage(123) | onMessage in ChannelMsgHandler called, host : 127.0.0.1:20201, seq : 402491e6a090434d88b5fdab247558a4, msgType : 18
[WARN] [2021-11-29 22:27:47] KeyTool.getMethod(309) | get method for EC5Util failed, method name: convertSpec
[WARN] [2021-11-29 22:27:47] KeyTool.getMethod(309) | get method for EC5Util failed, method name: convertSpec
[WARN] [2021-11-29 22:27:47] KeyTool.getMethod(309) | get method for EC5Util failed, method name: convertSpec
[WARN] [2021-11-29 22:27:47] KeyTool.getMethod(309) | get method for EC5Util failed, method name: convertSpec
[WARN] [2021-11-29 22:27:47] KeyTool.getMethod(309) | get method for EC5Util failed, method name: convertSpec
[WARN] [2021-11-29 22:27:47] KeyTool.getMethod(309) | get method for EC5Util failed, method name: convertSpec
[WARN] [2021-11-29 22:27:47] KeyTool.getMethod(309) | get method for EC5Util failed, method name: convertSpec
[WARN] [2021-11-29 22:27:47] KeyTool.getMethod(309) | get method for EC5Util failed, method name: convertSpec
[WARN] [2021-11-29 22:27:47] KeyTool.getMethod(309) | get method for EC5Util failed, method name: convertSpec
[WARN] [2021-11-29 22:27:47] KeyTool.getMethod(309) | get method for EC5Util failed, method name: convertSpec
[WARN] [2021-11-29 22:27:47] KeyTool.getMethod(309) | get method for EC5Util failed, method name: convertSpec
[WARN] [2021-11-29 22:27:47] KeyTool.getMethod(309) | get method for EC5Util failed, method name: convertSpec
[WARN] [2021-11-29 22:27:47] KeyTool.getMethod(309) | get method for EC5Util failed, method name: convertSpec
[WARN] [2021-11-29 22:27:47] KeyTool.getMethod(309) | get method for EC5Util failed, method name: convertSpec
[WARN] [2021-11-29 22:27:47] KeyTool.getMethod(309) | get method for EC5Util failed, method name: convertSpec
[WARN] [2021-11-29 22:27:47] KeyTool.getMethod(309) | get method for EC5Util failed, method name: convertSpec
[WARN] [2021-11-29 22:27:47] KeyTool.getMethod(309) | get method for EC5Util failed, method name: convertSpec
[WARN] [2021-11-29 22:27:47] KeyTool.getMethod(309) | get method for EC5Util failed, method name: convertSpec
[DEBUG] [2021-11-29 22:27:47] GroupManagerServiceImpl.setAmop(806) | register blockNotify for 127.0.0.1:20200, groupList: [1]
[DEBUG] [2021-11-29 22:27:47] TopicManager.updateBlockNotify(158) | update block notify, peer: 127.0.0.1:20200, groupInfo: [1]
[DEBUG] [2021-11-29 22:27:47] TopicManager.updateBlockNotify(163) | add block notify, peer: 127.0.0.1:20200, topic: _block_notify_1
[INFO] [2021-11-29 22:27:47] AmopImp.sendSubscribe(216) | update subscribe inform 2 peers
[DEBUG] [2021-11-29 22:27:47] AmopImp.updateSubscribeToPeer(238) | update topics to node, node:127.0.0.1:20200, topics:["_block_notify_1"]
[DEBUG] [2021-11-29 22:27:47] AmopImp.updateSubscribeToPeer(238) | update topics to node, node:127.0.0.1:20201, topics:[]
[DEBUG] [2021-11-29 22:27:47] GroupManagerServiceImpl.setAmop(806) | register blockNotify for 127.0.0.1:20201, groupList: [1]
[DEBUG] [2021-11-29 22:27:47] TopicManager.updateBlockNotify(158) | update block notify, peer: 127.0.0.1:20201, groupInfo: [1]
[DEBUG] [2021-11-29 22:27:47] TopicManager.updateBlockNotify(163) | add block notify, peer: 127.0.0.1:20201, topic: _block_notify_1
[INFO] [2021-11-29 22:27:47] AmopImp.sendSubscribe(216) | update subscribe inform 2 peers
[DEBUG] [2021-11-29 22:27:47] AmopImp.updateSubscribeToPeer(238) | update topics to node, node:127.0.0.1:20200, topics:["_block_notify_1"]
[DEBUG] [2021-11-29 22:27:47] AmopImp.updateSubscribeToPeer(238) | update topics to node, node:127.0.0.1:20201, topics:["_block_notify_1"]
[INFO] [2021-11-29 22:27:47] AmopImp.start(188) | amop module started
[INFO] [2021-11-29 22:27:47] AmopImp.sendSubscribe(216) | update subscribe inform 2 peers
[DEBUG] [2021-11-29 22:27:47] AmopImp.updateSubscribeToPeer(238) | update topics to node, node:127.0.0.1:20200, topics:["_block_notify_1"]
[DEBUG] [2021-11-29 22:27:47] AmopImp.updateSubscribeToPeer(238) | update topics to node, node:127.0.0.1:20201, topics:["_block_notify_1"]
[INFO] [2021-11-29 22:27:47] BcosSDK.<init>(103) | create BcosSDK, create Amop success
[DEBUG] [2021-11-29 22:27:47] ChannelMsgHandler.onMessage(123) | onMessage in ChannelMsgHandler called, host : 127.0.0.1:20200, seq : e768066503204d2788b9e92a11d9e45a, msgType : 18
[DEBUG] [2021-11-29 22:27:47] ChannelMsgHandler.onMessage(123) | onMessage in ChannelMsgHandler called, host : 127.0.0.1:20201, seq : b678966957cc45ae8262981d1cb061ca, msgType : 18
[DEBUG] [2021-11-29 22:27:47] ChannelMsgHandler.onMessage(123) | onMessage in ChannelMsgHandler called, host : 127.0.0.1:20200, seq : de7db78f0f484282a01153a64391fdd5, msgType : 18
[DEBUG] [2021-11-29 22:27:47] ChannelMsgHandler.onMessage(123) | onMessage in ChannelMsgHandler called, host : 127.0.0.1:20201, seq : 5544a86c9fa74d83ad5b5a5f378f6e9a, msgType : 18
[WARN] [2021-11-29 22:27:47] KeyTool.getMethod(309) | get method for EC5Util failed, method name: convertSpec
[WARN] [2021-11-29 22:27:47] KeyTool.getMethod(309) | get method for EC5Util failed, method name: convertSpec
[WARN] [2021-11-29 22:27:47] KeyTool.getMethod(309) | get method for EC5Util failed, method name: convertSpec
[WARN] [2021-11-29 22:27:47] KeyTool.getMethod(309) | get method for EC5Util failed, method name: convertSpec
[WARN] [2021-11-29 22:27:47] KeyTool.getMethod(309) | get method for EC5Util failed, method name: convertSpec
[WARN] [2021-11-29 22:27:47] KeyTool.getMethod(309) | get method for EC5Util failed, method name: convertSpec
[WARN] [2021-11-29 22:27:47] KeyTool.getMethod(309) | get method for EC5Util failed, method name: convertSpec
[WARN] [2021-11-29 22:27:47] KeyTool.getMethod(309) | get method for EC5Util failed, method name: convertSpec
[INFO] [2021-11-29 22:27:47] Client.build(111) | build client success for group 1, crypto type 0
[DEBUG] [2021-11-29 22:27:47] GroupManagerServiceImpl.getAndUpdateBlockNumberForAllPeers(528) | g: 1, getAndUpdateBlockNumberForAllPeers, group availablePeers:[127.0.0.1:20200, 127.0.0.1:20201]
[DEBUG] [2021-11-29 22:27:47] ChannelMsgHandler.onMessage(123) | onMessage in ChannelMsgHandler called, host : 127.0.0.1:20200, seq : 0a22e64f9a2842798644f902922e2a6b, msgType : 18
[DEBUG] [2021-11-29 22:27:47] GroupServiceImpl.updateLatestBlockNumber(127) | g:1, updateLatestBlockNumber, latestBlockNumber: 0, nodeWithLatestBlockNumber:[127.0.0.1:20200, 127.0.0.1:20201]
[DEBUG] [2021-11-29 22:27:47] GroupManagerServiceImpl.fetchAndUpdateBlockNumberInfo(542) | fetch and update the blockNumber information, groupId: 1, peer:127.0.0.1:20200, blockNumber: 0
[DEBUG] [2021-11-29 22:27:47] ChannelMsgHandler.onMessage(123) | onMessage in ChannelMsgHandler called, host : 127.0.0.1:20201, seq : d6972ed021d04245b6be9d4b6a98cb1c, msgType : 18
[DEBUG] [2021-11-29 22:27:47] GroupServiceImpl.updateLatestBlockNumber(127) | g:1, updateLatestBlockNumber, latestBlockNumber: 0, nodeWithLatestBlockNumber:[127.0.0.1:20200, 127.0.0.1:20201]
[DEBUG] [2021-11-29 22:27:47] GroupManagerServiceImpl.fetchAndUpdateBlockNumberInfo(542) | fetch and update the blockNumber information, groupId: 1, peer:127.0.0.1:20201, blockNumber: 0
[INFO] [2021-11-29 22:27:47] BcosSDK.getClient(178) | create client for group 1 success
[DEBUG] [2021-11-29 22:27:47] ChannelMsgHandler.onMessage(123) | onMessage in ChannelMsgHandler called, host : 127.0.0.1:20200, seq : db54ac75fb9c4a43b3133e6cb536c625, msgType : 18
[DEBUG] [2021-11-29 22:27:47] ChannelMsgHandler.onMessage(123) | onMessage in ChannelMsgHandler called, host : 127.0.0.1:20201, seq : cdc48e6d14a5499bacb6c63669e30667, msgType : 18
[DEBUG] [2021-11-29 22:27:47] ConsoleInitializer.loadAccountRandomly(177) | loadAccountRandomly, keyStoreFileDirPath:account/ecdsa
[DEBUG] [2021-11-29 22:27:47] ConsoleInitializer.loadAccountRandomly(186) | load pem account from /home/huanghy/workspace/Course/BCOS/sysu-2021-bcos-final-project/fisco/console/account/ecdsa/0xec9c281ee4e037b8317f937777f87a1bade9e315.pem
[INFO] [2021-11-29 22:27:47] CryptoSuite.loadAccount(162) | Load account from /home/huanghy/workspace/Course/BCOS/sysu-2021-bcos-final-project/fisco/console/account/ecdsa/0xec9c281ee4e037b8317f937777f87a1bade9e315.pem
[WARN] [2021-11-29 22:27:47] KeyTool.getMethod(309) | get method for EC5Util failed, method name: convertSpec
[WARN] [2021-11-29 22:27:47] KeyTool.getMethod(309) | get method for EC5Util failed, method name: convertSpec
[DEBUG] [2021-11-29 22:27:47] TransactionProcessorFactory.getChainIdAndGroupId(35) | getNodeVersion before createTransactionManager, binaryVerison: 2.8.0, supportedVersion:2.8.0
[DEBUG] [2021-11-29 22:27:47] TransactionProcessorFactory.getChainIdAndGroupId(49) | createTransactionManager for >=rc2 node, chainId: 1, groupId: 1
[DEBUG] [2021-11-29 22:27:47] TransactionProcessorFactory.getChainIdAndGroupId(35) | getNodeVersion before createTransactionManager, binaryVerison: 2.8.0, supportedVersion:2.8.0
[DEBUG] [2021-11-29 22:27:47] TransactionProcessorFactory.getChainIdAndGroupId(49) | createTransactionManager for >=rc2 node, chainId: 1, groupId: 1
[DEBUG] [2021-11-29 22:27:47] TransactionProcessorFactory.getChainIdAndGroupId(35) | getNodeVersion before createTransactionManager, binaryVerison: 2.8.0, supportedVersion:2.8.0
[DEBUG] [2021-11-29 22:27:47] TransactionProcessorFactory.getChainIdAndGroupId(49) | createTransactionManager for >=rc2 node, chainId: 1, groupId: 1
[DEBUG] [2021-11-29 22:27:47] TransactionProcessorFactory.getChainIdAndGroupId(35) | getNodeVersion before createTransactionManager, binaryVerison: 2.8.0, supportedVersion:2.8.0
[DEBUG] [2021-11-29 22:27:47] TransactionProcessorFactory.getChainIdAndGroupId(49) | createTransactionManager for >=rc2 node, chainId: 1, groupId: 1
[DEBUG] [2021-11-29 22:27:47] TransactionProcessorFactory.getChainIdAndGroupId(35) | getNodeVersion before createTransactionManager, binaryVerison: 2.8.0, supportedVersion:2.8.0
[DEBUG] [2021-11-29 22:27:47] TransactionProcessorFactory.getChainIdAndGroupId(49) | createTransactionManager for >=rc2 node, chainId: 1, groupId: 1
[DEBUG] [2021-11-29 22:27:47] TransactionProcessorFactory.getChainIdAndGroupId(35) | getNodeVersion before createTransactionManager, binaryVerison: 2.8.0, supportedVersion:2.8.0
[DEBUG] [2021-11-29 22:27:47] TransactionProcessorFactory.getChainIdAndGroupId(49) | createTransactionManager for >=rc2 node, chainId: 1, groupId: 1
[DEBUG] [2021-11-29 22:27:47] TransactionProcessorFactory.getChainIdAndGroupId(35) | getNodeVersion before createTransactionManager, binaryVerison: 2.8.0, supportedVersion:2.8.0
[DEBUG] [2021-11-29 22:27:47] TransactionProcessorFactory.getChainIdAndGroupId(49) | createTransactionManager for >=rc2 node, chainId: 1, groupId: 1
[DEBUG] [2021-11-29 22:27:47] TransactionProcessorFactory.getChainIdAndGroupId(35) | getNodeVersion before createTransactionManager, binaryVerison: 2.8.0, supportedVersion:2.8.0
[DEBUG] [2021-11-29 22:27:47] TransactionProcessorFactory.getChainIdAndGroupId(49) | createTransactionManager for >=rc2 node, chainId: 1, groupId: 1
[DEBUG] [2021-11-29 22:27:47] TransactionProcessorFactory.getChainIdAndGroupId(35) | getNodeVersion before createTransactionManager, binaryVerison: 2.8.0, supportedVersion:2.8.0
[DEBUG] [2021-11-29 22:27:47] TransactionProcessorFactory.getChainIdAndGroupId(49) | createTransactionManager for >=rc2 node, chainId: 1, groupId: 1
[DEBUG] [2021-11-29 22:27:47] TransactionProcessorFactory.getChainIdAndGroupId(35) | getNodeVersion before createTransactionManager, binaryVerison: 2.8.0, supportedVersion:2.8.0
[DEBUG] [2021-11-29 22:27:47] TransactionProcessorFactory.getChainIdAndGroupId(49) | createTransactionManager for >=rc2 node, chainId: 1, groupId: 1
[DEBUG] [2021-11-29 22:27:48] ChannelMsgHandler.onMessage(123) | onMessage in ChannelMsgHandler called, host : 127.0.0.1:20200, seq : 69c1b115f0c8488c8f7c8ab0a8c7e7ac, msgType : 19
[DEBUG] [2021-11-29 22:27:48] ChannelMsgHandler.onMessage(123) | onMessage in ChannelMsgHandler called, host : 127.0.0.1:20201, seq : ae0278aa0e6b4aa0b45239a68dfca0de, msgType : 19
[DEBUG] [2021-11-29 22:27:50] ChannelMsgHandler.onMessage(123) | onMessage in ChannelMsgHandler called, host : 127.0.0.1:20200, seq : ba734ac5537145a195d972859d75c04c, msgType : 19
[DEBUG] [2021-11-29 22:27:50] ChannelMsgHandler.onMessage(123) | onMessage in ChannelMsgHandler called, host : 127.0.0.1:20201, seq : f5bcf90d80b94e1590c0783586884cc1, msgType : 19
[DEBUG] [2021-11-29 22:27:52] ChannelMsgHandler.onMessage(123) | onMessage in ChannelMsgHandler called, host : 127.0.0.1:20200, seq : fbe6794cc14b435798173529fd146671, msgType : 19
[DEBUG] [2021-11-29 22:27:52] ChannelMsgHandler.onMessage(123) | onMessage in ChannelMsgHandler called, host : 127.0.0.1:20201, seq : 97b497fafb3f4d5789d6480f4add08d4, msgType : 19
[DEBUG] [2021-11-29 22:27:54] ChannelMsgHandler.onMessage(123) | onMessage in ChannelMsgHandler called, host : 127.0.0.1:20200, seq : b823bb1b8a4f4776badd7c4b7dfc7a94, msgType : 19
[DEBUG] [2021-11-29 22:27:54] ChannelMsgHandler.onMessage(123) | onMessage in ChannelMsgHandler called, host : 127.0.0.1:20201, seq : 7a00984f73884f6d8d8e97c5cb65e7c7, msgType : 19
[DEBUG] [2021-11-29 22:27:56] ChannelMsgHandler.onMessage(123) | onMessage in ChannelMsgHandler called, host : 127.0.0.1:20200, seq : 1af03a973a70447496e4e8a54d4a0ae0, msgType : 19
[DEBUG] [2021-11-29 22:27:56] ChannelMsgHandler.onMessage(123) | onMessage in ChannelMsgHandler called, host : 127.0.0.1:20201, seq : 027f6f923861468290351a093af0da33, msgType : 19
[DEBUG] [2021-11-29 22:27:58] ChannelMsgHandler.onMessage(123) | onMessage in ChannelMsgHandler called, host : 127.0.0.1:20201, seq : 3f97421b9b174a448eceb6bcc29d2e9f, msgType : 19
[DEBUG] [2021-11-29 22:27:58] ChannelMsgHandler.onMessage(123) | onMessage in ChannelMsgHandler called, host : 127.0.0.1:20200, seq : f21ad8035658482ab2a76540cf25b1d0, msgType : 19
[DEBUG] [2021-11-29 22:28:00] ChannelMsgHandler.onMessage(123) | onMessage in ChannelMsgHandler called, host : 127.0.0.1:20200, seq : bbdd3df2997e4460a1c172ccdb12795a, msgType : 19
[DEBUG] [2021-11-29 22:28:00] ChannelMsgHandler.onMessage(123) | onMessage in ChannelMsgHandler called, host : 127.0.0.1:20201, seq : c4ce6ecdcf084d3d8a03167a34757daa, msgType : 19
[DEBUG] [2021-11-29 22:28:02] ChannelMsgHandler.onMessage(123) | onMessage in ChannelMsgHandler called, host : 127.0.0.1:20201, seq : 1c42fd1a1bfb4569b4776fa9091f4deb, msgType : 19
[DEBUG] [2021-11-29 22:28:02] ChannelMsgHandler.onMessage(123) | onMessage in ChannelMsgHandler called, host : 127.0.0.1:20200, seq : d7f90da36f4c4b819d70e1e0e222f69c, msgType : 19
[DEBUG] [2021-11-29 22:28:04] ChannelMsgHandler.onMessage(123) | onMessage in ChannelMsgHandler called, host : 127.0.0.1:20201, seq : 8026020f9b9b437897609bdcb2cfb3d2, msgType : 19
[DEBUG] [2021-11-29 22:28:04] ChannelMsgHandler.onMessage(123) | onMessage in ChannelMsgHandler called, host : 127.0.0.1:20200, seq : ef156ede929c4161ad9f336ddc44f89a, msgType : 19
[DEBUG] [2021-11-29 22:28:05] ChannelMsgHandler.onMessage(123) | onMessage in ChannelMsgHandler called, host : 127.0.0.1:20201, seq : 9cbb0d2eda8b4d85ba31eedda08f00f3, msgType : 18
