info|2021-11-29 18:00:00.015547|[g:1][CONSENSUS]addRawPrepare,height=1,reqIdx=3,hash=0dd91c3d...,time=0
info|2021-11-29 18:00:00.015931|[g:1][CONSENSUS][PBFT]checkTimeout Succ,view=19367,toView=19368,nodeIdx=1,changeCycle=1,myNode=30cedccf...,timecost=0.327
info|2021-11-29 18:00:00.018216|[g:1][CONSENSUS][PBFT]checkAndChangeView: Reach consensus,org_view=19367,cur_changeCycle=1,curView=19367,view=19368
info|2021-11-29 18:00:01.018974|[g:1][CONSENSUS]addRawPrepare,height=1,reqIdx=0,hash=c3a8f008...,time=0
info|2021-11-29 18:00:01.024262|[g:1][CONSENSUS][PBFT]checkTimeout Succ,view=19368,toView=19369,nodeIdx=1,changeCycle=1,myNode=30cedccf...,timecost=5.234
info|2021-11-29 18:00:01.025402|[g:1][CONSENSUS][PBFT]checkAndChangeView: Reach consensus,org_view=19368,cur_changeCycle=1,curView=19368,view=19369
info|2021-11-29 18:00:02.025572|[g:1][CONSENSUS][SEALER]++++++++++++++++ Generating seal on,blkNum=1,tx=0,nodeIdx=1,hash=3a404a42...
info|2021-11-29 18:00:02.027807|[g:1][CONSENSUS][PBFT]checkTimeout Succ,view=19369,toView=19370,nodeIdx=1,changeCycle=1,myNode=30cedccf...,timecost=0.331
info|2021-11-29 18:00:02.028821|[g:1][CONSENSUS][PBFT]checkAndChangeView: Reach consensus,org_view=19369,cur_changeCycle=1,curView=19369,view=19370
info|2021-11-29 18:00:03.030386|[g:1][CONSENSUS]addRawPrepare,height=1,reqIdx=2,hash=ebd28bf1...,time=0
info|2021-11-29 18:00:03.030912|[g:1][CONSENSUS][PBFT]checkTimeout Succ,view=19370,toView=19371,nodeIdx=1,changeCycle=1,myNode=30cedccf...,timecost=0.487
info|2021-11-29 18:00:03.031781|[g:1][CONSENSUS][PBFT]checkAndChangeView: Reach consensus,org_view=19370,cur_changeCycle=1,curView=19370,view=19371
info|2021-11-29 18:00:04.033272|[g:1][CONSENSUS]addRawPrepare,height=1,reqIdx=3,hash=ef66e049...,time=0
info|2021-11-29 18:00:04.036083|[g:1][CONSENSUS][PBFT]checkTimeout Succ,view=19371,toView=19372,nodeIdx=1,changeCycle=1,myNode=30cedccf...,timecost=2.774
info|2021-11-29 18:00:04.036884|[g:1][CONSENSUS][PBFT]checkAndChangeView: Reach consensus,org_view=19371,cur_changeCycle=1,curView=19371,view=19372
info|2021-11-29 18:00:05.037819|[g:1][CONSENSUS]addRawPrepare,height=1,reqIdx=0,hash=82322ca8...,time=0
info|2021-11-29 18:00:05.038150|[g:1][CONSENSUS][PBFT]checkTimeout Succ,view=19372,toView=19373,nodeIdx=1,changeCycle=1,myNode=30cedccf...,timecost=0.286
info|2021-11-29 18:00:05.040348|[g:1][CONSENSUS][PBFT]checkAndChangeView: Reach consensus,org_view=19372,cur_changeCycle=1,curView=19372,view=19373
info|2021-11-29 18:00:06.040765|[g:1][CONSENSUS][SEALER]++++++++++++++++ Generating seal on,blkNum=1,tx=0,nodeIdx=1,hash=b5fe4bbb...
info|2021-11-29 18:00:06.041797|[g:1][CONSENSUS][PBFT]checkTimeout Succ,view=19373,toView=19374,nodeIdx=1,changeCycle=1,myNode=30cedccf...,timecost=0.615
info|2021-11-29 18:00:06.045100|[g:1][CONSENSUS][PBFT]checkAndChangeView: Reach consensus,org_view=19373,cur_changeCycle=1,curView=19373,view=19374
info|2021-11-29 18:00:07.046379|[g:1][CONSENSUS]addRawPrepare,height=1,reqIdx=2,hash=0140a226...,time=0
info|2021-11-29 18:00:07.046779|[g:1][CONSENSUS][PBFT]checkTimeout Succ,view=19374,toView=19375,nodeIdx=1,changeCycle=1,myNode=30cedccf...,timecost=0.342
info|2021-11-29 18:00:07.048245|[g:1][CONSENSUS][PBFT]checkAndChangeView: Reach consensus,org_view=19374,cur_changeCycle=1,curView=19374,view=19375
info|2021-11-29 18:00:08.050244|[g:1][CONSENSUS]addRawPrepare,height=1,reqIdx=3,hash=902f63eb...,time=0
info|2021-11-29 18:00:08.050662|[g:1][CONSENSUS][PBFT]checkTimeout Succ,view=19375,toView=19376,nodeIdx=1,changeCycle=1,myNode=30cedccf...,timecost=0.354
info|2021-11-29 18:00:08.052073|[g:1][CONSENSUS][PBFT]checkAndChangeView: Reach consensus,org_view=19375,cur_changeCycle=1,curView=19375,view=19376
info|2021-11-29 18:00:09.054097|[g:1][CONSENSUS]addRawPrepare,height=1,reqIdx=0,hash=bd378360...,time=0
info|2021-11-29 18:00:09.054637|[g:1][CONSENSUS][PBFT]checkTimeout Succ,view=19376,toView=19377,nodeIdx=1,changeCycle=1,myNode=30cedccf...,timecost=0.483
info|2021-11-29 18:00:09.055650|[g:1][CONSENSUS][PBFT]checkAndChangeView: Reach consensus,org_view=19376,cur_changeCycle=1,curView=19376,view=19377
info|2021-11-29 18:00:09.309882|[P2P][Service] heartBeat,connected count=3
info|2021-11-29 18:00:10.055433|[g:1][CONSENSUS][SEALER]++++++++++++++++ Generating seal on,blkNum=1,tx=0,nodeIdx=1,hash=82bd3238...
info|2021-11-29 18:00:10.055935|[g:1][CONSENSUS][PBFT]checkTimeout Succ,view=19377,toView=19378,nodeIdx=1,changeCycle=1,myNode=30cedccf...,timecost=0.225
info|2021-11-29 18:00:10.058031|[g:1][CONSENSUS][PBFT]checkAndChangeView: Reach consensus,org_view=19377,cur_changeCycle=1,curView=19377,view=19378
info|2021-11-29 18:00:11.058890|[g:1][CONSENSUS]addRawPrepare,height=1,reqIdx=2,hash=c5f32368...,time=0
info|2021-11-29 18:00:11.059292|[g:1][CONSENSUS][PBFT]checkTimeout Succ,view=19378,toView=19379,nodeIdx=1,changeCycle=1,myNode=30cedccf...,timecost=0.34
info|2021-11-29 18:00:11.060549|[g:1][CONSENSUS][PBFT]checkAndChangeView: Reach consensus,org_view=19378,cur_changeCycle=1,curView=19378,view=19379
info|2021-11-29 18:00:12.062380|[g:1][CONSENSUS]addRawPrepare,height=1,reqIdx=3,hash=da7267d0...,time=0
info|2021-11-29 18:00:12.062900|[g:1][CONSENSUS][PBFT]checkTimeout Succ,view=19379,toView=19380,nodeIdx=1,changeCycle=1,myNode=30cedccf...,timecost=0.416
info|2021-11-29 18:00:12.064193|[g:1][CONSENSUS][PBFT]checkAndChangeView: Reach consensus,org_view=19379,cur_changeCycle=1,curView=19379,view=19380
info|2021-11-29 18:00:13.065711|[g:1][CONSENSUS]addRawPrepare,height=1,reqIdx=0,hash=bbbf5e7c...,time=0
info|2021-11-29 18:00:13.066264|[g:1][CONSENSUS][PBFT]checkTimeout Succ,view=19380,toView=19381,nodeIdx=1,changeCycle=1,myNode=30cedccf...,timecost=0.475
info|2021-11-29 18:00:13.066817|[g:1][CONSENSUS][PBFT]checkAndChangeView: Reach consensus,org_view=19380,cur_changeCycle=1,curView=19380,view=19381
info|2021-11-29 18:00:14.066484|[g:1][CONSENSUS][SEALER]++++++++++++++++ Generating seal on,blkNum=1,tx=0,nodeIdx=1,hash=f7e01ced...
info|2021-11-29 18:00:14.067741|[g:1][CONSENSUS][PBFT]checkTimeout Succ,view=19381,toView=19382,nodeIdx=1,changeCycle=1,myNode=30cedccf...,timecost=0.657
info|2021-11-29 18:00:14.071824|[g:1][CONSENSUS][PBFT]checkAndChangeView: Reach consensus,org_view=19381,cur_changeCycle=1,curView=19381,view=19382
info|2021-11-29 18:00:15.073748|[g:1][CONSENSUS]addRawPrepare,height=1,reqIdx=2,hash=7adf1409...,time=0
info|2021-11-29 18:00:15.074113|[g:1][CONSENSUS][PBFT]checkTimeout Succ,view=19382,toView=19383,nodeIdx=1,changeCycle=1,myNode=30cedccf...,timecost=0.308
info|2021-11-29 18:00:15.076369|[g:1][CONSENSUS][PBFT]checkAndChangeView: Reach consensus,org_view=19382,cur_changeCycle=1,curView=19382,view=19383
info|2021-11-29 18:00:16.077874|[g:1][CONSENSUS]addRawPrepare,height=1,reqIdx=3,hash=695ad5e5...,time=0
info|2021-11-29 18:00:16.078301|[g:1][CONSENSUS][PBFT]checkTimeout Succ,view=19383,toView=19384,nodeIdx=1,changeCycle=1,myNode=30cedccf...,timecost=0.356
info|2021-11-29 18:00:16.079742|[g:1][CONSENSUS][PBFT]checkAndChangeView: Reach consensus,org_view=19383,cur_changeCycle=1,curView=19383,view=19384
info|2021-11-29 18:00:17.083461|[g:1][CONSENSUS]addRawPrepare,height=1,reqIdx=0,hash=b80bfcc9...,time=0
info|2021-11-29 18:00:17.083869|[g:1][CONSENSUS][PBFT]checkTimeout Succ,view=19384,toView=19385,nodeIdx=1,changeCycle=1,myNode=30cedccf...,timecost=0.352
info|2021-11-29 18:00:17.084471|[g:1][CONSENSUS][PBFT]checkAndChangeView: Reach consensus,org_view=19384,cur_changeCycle=1,curView=19384,view=19385
info|2021-11-29 18:00:18.084437|[g:1][CONSENSUS][SEALER]++++++++++++++++ Generating seal on,blkNum=1,tx=0,nodeIdx=1,hash=cb2a4431...
info|2021-11-29 18:00:18.085094|[g:1][CONSENSUS][PBFT]checkTimeout Succ,view=19385,toView=19386,nodeIdx=1,changeCycle=1,myNode=30cedccf...,timecost=0.313
info|2021-11-29 18:00:18.088982|[g:1][CONSENSUS][PBFT]checkAndChangeView: Reach consensus,org_view=19385,cur_changeCycle=1,curView=19385,view=19386
info|2021-11-29 18:00:19.088951|[g:1][CONSENSUS]addRawPrepare,height=1,reqIdx=2,hash=a95f31c5...,time=0
info|2021-11-29 18:00:19.089351|[g:1][CONSENSUS][PBFT]checkTimeout Succ,view=19386,toView=19387,nodeIdx=1,changeCycle=1,myNode=30cedccf...,timecost=0.337
info|2021-11-29 18:00:19.090703|[g:1][CONSENSUS][PBFT]checkAndChangeView: Reach consensus,org_view=19386,cur_changeCycle=1,curView=19386,view=19387
info|2021-11-29 18:00:19.310205|[P2P][Service] heartBeat,connected count=3
info|2021-11-29 18:00:20.092153|[g:1][CONSENSUS]addRawPrepare,height=1,reqIdx=3,hash=60fe1cc2...,time=0
info|2021-11-29 18:00:20.092594|[g:1][CONSENSUS][PBFT]checkTimeout Succ,view=19387,toView=19388,nodeIdx=1,changeCycle=1,myNode=30cedccf...,timecost=0.393
info|2021-11-29 18:00:20.094032|[g:1][CONSENSUS][PBFT]checkAndChangeView: Reach consensus,org_view=19387,cur_changeCycle=1,curView=19387,view=19388
info|2021-11-29 18:00:21.094539|[g:1][CONSENSUS]addRawPrepare,height=1,reqIdx=0,hash=0d270448...,time=0
info|2021-11-29 18:00:21.094930|[g:1][CONSENSUS][PBFT]checkTimeout Succ,view=19388,toView=19389,nodeIdx=1,changeCycle=1,myNode=30cedccf...,timecost=0.339
info|2021-11-29 18:00:21.095939|[g:1][CONSENSUS][PBFT]checkAndChangeView: Reach consensus,org_view=19388,cur_changeCycle=1,curView=19388,view=19389
info|2021-11-29 18:00:22.095785|[g:1][CONSENSUS][SEALER]++++++++++++++++ Generating seal on,blkNum=1,tx=0,nodeIdx=1,hash=f9a6bde5...
info|2021-11-29 18:00:22.098970|[g:1][CONSENSUS][PBFT]checkTimeout Succ,view=19389,toView=19390,nodeIdx=1,changeCycle=1,myNode=30cedccf...,timecost=0.338
info|2021-11-29 18:00:22.099561|[g:1][CONSENSUS][PBFT]checkAndChangeView: Reach consensus,org_view=19389,cur_changeCycle=1,curView=19389,view=19390
info|2021-11-29 18:00:23.101939|[g:1][CONSENSUS]addRawPrepare,height=1,reqIdx=2,hash=1c78659b...,time=0
info|2021-11-29 18:00:23.103745|[g:1][CONSENSUS][PBFT]checkTimeout Succ,view=19390,toView=19391,nodeIdx=1,changeCycle=1,myNode=30cedccf...,timecost=1.757
info|2021-11-29 18:00:23.104789|[g:1][CONSENSUS][PBFT]checkAndChangeView: Reach consensus,org_view=19390,cur_changeCycle=1,curView=19390,view=19391
info|2021-11-29 18:00:24.108003|[g:1][CONSENSUS]addRawPrepare,height=1,reqIdx=3,hash=58a32435...,time=1
info|2021-11-29 18:00:24.108377|[g:1][CONSENSUS][PBFT]checkTimeout Succ,view=19391,toView=19392,nodeIdx=1,changeCycle=1,myNode=30cedccf...,timecost=0.31
info|2021-11-29 18:00:24.109526|[g:1][CONSENSUS][PBFT]checkAndChangeView: Reach consensus,org_view=19391,cur_changeCycle=1,curView=19391,view=19392
info|2021-11-29 18:00:25.111684|[g:1][CONSENSUS]addRawPrepare,height=1,reqIdx=0,hash=9be89bc3...,time=0
info|2021-11-29 18:00:25.112093|[g:1][CONSENSUS][PBFT]checkTimeout Succ,view=19392,toView=19393,nodeIdx=1,changeCycle=1,myNode=30cedccf...,timecost=0.361
info|2021-11-29 18:00:25.113766|[g:1][CONSENSUS][PBFT]checkAndChangeView: Reach consensus,org_view=19392,cur_changeCycle=1,curView=19392,view=19393
info|2021-11-29 18:00:26.113637|[g:1][CONSENSUS][SEALER]++++++++++++++++ Generating seal on,blkNum=1,tx=0,nodeIdx=1,hash=0e02ddc7...
info|2021-11-29 18:00:26.116125|[g:1][CONSENSUS][PBFT]checkTimeout Succ,view=19393,toView=19394,nodeIdx=1,changeCycle=1,myNode=30cedccf...,timecost=0.373
info|2021-11-29 18:00:26.117164|[g:1][CONSENSUS][PBFT]checkAndChangeView: Reach consensus,org_view=19393,cur_changeCycle=1,curView=19393,view=19394
info|2021-11-29 18:00:27.118150|[g:1][CONSENSUS]addRawPrepare,height=1,reqIdx=2,hash=81c7e5ea...,time=0
info|2021-11-29 18:00:27.118582|[g:1][CONSENSUS][PBFT]checkTimeout Succ,view=19394,toView=19395,nodeIdx=1,changeCycle=1,myNode=30cedccf...,timecost=0.368
info|2021-11-29 18:00:27.119598|[g:1][CONSENSUS][PBFT]checkAndChangeView: Reach consensus,org_view=19394,cur_changeCycle=1,curView=19394,view=19395
info|2021-11-29 18:00:28.122024|[g:1][CONSENSUS]addRawPrepare,height=1,reqIdx=3,hash=131703e0...,time=0
info|2021-11-29 18:00:28.122425|[g:1][CONSENSUS][PBFT]checkTimeout Succ,view=19395,toView=19396,nodeIdx=1,changeCycle=1,myNode=30cedccf...,timecost=0.335
info|2021-11-29 18:00:28.124077|[g:1][CONSENSUS][PBFT]checkAndChangeView: Reach consensus,org_view=19395,cur_changeCycle=1,curView=19395,view=19396
info|2021-11-29 18:00:29.125519|[g:1][CONSENSUS]addRawPrepare,height=1,reqIdx=0,hash=4cade4ac...,time=0
info|2021-11-29 18:00:29.125924|[g:1][CONSENSUS][PBFT]checkTimeout Succ,view=19396,toView=19397,nodeIdx=1,changeCycle=1,myNode=30cedccf...,timecost=0.347
info|2021-11-29 18:00:29.127095|[g:1][CONSENSUS][PBFT]checkAndChangeView: Reach consensus,org_view=19396,cur_changeCycle=1,curView=19396,view=19397
info|2021-11-29 18:00:29.310377|[P2P][Service] heartBeat,connected count=3
info|2021-11-29 18:00:30.127518|[g:1][CONSENSUS][SEALER]++++++++++++++++ Generating seal on,blkNum=1,tx=0,nodeIdx=1,hash=94a29573...
info|2021-11-29 18:00:30.128021|[g:1][CONSENSUS][PBFT]checkTimeout Succ,view=19397,toView=19398,nodeIdx=1,changeCycle=1,myNode=30cedccf...,timecost=0.231
info|2021-11-29 18:00:30.129876|[g:1][CONSENSUS][PBFT]checkAndChangeView: Reach consensus,org_view=19397,cur_changeCycle=1,curView=19397,view=19398
info|2021-11-29 18:00:31.130912|[g:1][CONSENSUS]addRawPrepare,height=1,reqIdx=2,hash=2182c631...,time=0
info|2021-11-29 18:00:31.131206|[g:1][CONSENSUS][PBFT]checkTimeout Succ,view=19398,toView=19399,nodeIdx=1,changeCycle=1,myNode=30cedccf...,timecost=0.255
info|2021-11-29 18:00:31.132487|[g:1][CONSENSUS][PBFT]checkAndChangeView: Reach consensus,org_view=19398,cur_changeCycle=1,curView=19398,view=19399
info|2021-11-29 18:00:32.134449|[g:1][CONSENSUS]addRawPrepare,height=1,reqIdx=3,hash=26f3c9d7...,time=0
info|2021-11-29 18:00:32.137389|[g:1][CONSENSUS][PBFT]checkTimeout Succ,view=19399,toView=19400,nodeIdx=1,changeCycle=1,myNode=30cedccf...,timecost=2.894
info|2021-11-29 18:00:32.138261|[g:1][CONSENSUS][PBFT]checkAndChangeView: Reach consensus,org_view=19399,cur_changeCycle=1,curView=19399,view=19400
info|2021-11-29 18:00:33.138131|[g:1][CONSENSUS]addRawPrepare,height=1,reqIdx=0,hash=e0e1b5c9...,time=0
info|2021-11-29 18:00:33.138533|[g:1][CONSENSUS][PBFT]checkTimeout Succ,view=19400,toView=19401,nodeIdx=1,changeCycle=1,myNode=30cedccf...,timecost=0.347
info|2021-11-29 18:00:33.139850|[g:1][CONSENSUS][PBFT]checkAndChangeView: Reach consensus,org_view=19400,cur_changeCycle=1,curView=19400,view=19401
info|2021-11-29 18:00:34.139505|[g:1][CONSENSUS][SEALER]++++++++++++++++ Generating seal on,blkNum=1,tx=0,nodeIdx=1,hash=b39662b6...
info|2021-11-29 18:00:34.142065|[g:1][CONSENSUS][PBFT]checkTimeout Succ,view=19401,toView=19402,nodeIdx=1,changeCycle=1,myNode=30cedccf...,timecost=0.282
info|2021-11-29 18:00:34.142513|[g:1][CONSENSUS][PBFT]checkAndChangeView: Reach consensus,org_view=19401,cur_changeCycle=1,curView=19401,view=19402
info|2021-11-29 18:00:35.143799|[g:1][CONSENSUS]addRawPrepare,height=1,reqIdx=2,hash=c82845b2...,time=0
info|2021-11-29 18:00:35.144206|[g:1][CONSENSUS][PBFT]checkTimeout Succ,view=19402,toView=19403,nodeIdx=1,changeCycle=1,myNode=30cedccf...,timecost=0.338
info|2021-11-29 18:00:35.145443|[g:1][CONSENSUS][PBFT]checkAndChangeView: Reach consensus,org_view=19402,cur_changeCycle=1,curView=19402,view=19403
info|2021-11-29 18:00:36.150857|[g:1][CONSENSUS]addRawPrepare,height=1,reqIdx=3,hash=4813347b...,time=0
info|2021-11-29 18:00:36.151265|[g:1][CONSENSUS][PBFT]checkTimeout Succ,view=19403,toView=19404,nodeIdx=1,changeCycle=1,myNode=30cedccf...,timecost=0.342
info|2021-11-29 18:00:36.152126|[g:1][CONSENSUS][PBFT]checkAndChangeView: Reach consensus,org_view=19403,cur_changeCycle=1,curView=19403,view=19404
info|2021-11-29 18:00:37.157176|[g:1][CONSENSUS]addRawPrepare,height=1,reqIdx=0,hash=9d718ea3...,time=0
info|2021-11-29 18:00:37.157562|[g:1][CONSENSUS][PBFT]checkTimeout Succ,view=19404,toView=19405,nodeIdx=1,changeCycle=1,myNode=30cedccf...,timecost=0.333
info|2021-11-29 18:00:37.159250|[g:1][CONSENSUS][PBFT]checkAndChangeView: Reach consensus,org_view=19404,cur_changeCycle=1,curView=19404,view=19405
info|2021-11-29 18:00:38.159491|[g:1][CONSENSUS][SEALER]++++++++++++++++ Generating seal on,blkNum=1,tx=0,nodeIdx=1,hash=2120824a...
info|2021-11-29 18:00:38.160113|[g:1][CONSENSUS][PBFT]checkTimeout Succ,view=19405,toView=19406,nodeIdx=1,changeCycle=1,myNode=30cedccf...,timecost=0.294
info|2021-11-29 18:00:38.162605|[g:1][CONSENSUS][PBFT]checkAndChangeView: Reach consensus,org_view=19405,cur_changeCycle=1,curView=19405,view=19406
info|2021-11-29 18:00:39.164713|[g:1][CONSENSUS]addRawPrepare,height=1,reqIdx=2,hash=cf6ac5f7...,time=0
info|2021-11-29 18:00:39.165283|[g:1][CONSENSUS][PBFT]checkTimeout Succ,view=19406,toView=19407,nodeIdx=1,changeCycle=1,myNode=30cedccf...,timecost=0.364
info|2021-11-29 18:00:39.166304|[g:1][CONSENSUS][PBFT]checkAndChangeView: Reach consensus,org_view=19406,cur_changeCycle=1,curView=19406,view=19407
info|2021-11-29 18:00:39.311006|[P2P][Service] heartBeat,connected count=3
info|2021-11-29 18:00:40.168544|[g:1][CONSENSUS]addRawPrepare,height=1,reqIdx=3,hash=f309080a...,time=0
info|2021-11-29 18:00:40.168969|[g:1][CONSENSUS][PBFT]checkTimeout Succ,view=19407,toView=19408,nodeIdx=1,changeCycle=1,myNode=30cedccf...,timecost=0.356
info|2021-11-29 18:00:40.170270|[g:1][CONSENSUS][PBFT]checkAndChangeView: Reach consensus,org_view=19407,cur_changeCycle=1,curView=19407,view=19408
info|2021-11-29 18:00:41.174932|[g:1][CONSENSUS]addRawPrepare,height=1,reqIdx=0,hash=c3a0729a...,time=0
info|2021-11-29 18:00:41.175432|[g:1][CONSENSUS][PBFT]checkTimeout Succ,view=19408,toView=19409,nodeIdx=1,changeCycle=1,myNode=30cedccf...,timecost=0.441
info|2021-11-29 18:00:41.177117|[g:1][CONSENSUS][PBFT]checkAndChangeView: Reach consensus,org_view=19408,cur_changeCycle=1,curView=19408,view=19409
info|2021-11-29 18:00:42.178583|[g:1][CONSENSUS][SEALER]++++++++++++++++ Generating seal on,blkNum=1,tx=0,nodeIdx=1,hash=700e6c47...
info|2021-11-29 18:00:42.181439|[g:1][CONSENSUS][PBFT]checkTimeout Succ,view=19409,toView=19410,nodeIdx=1,changeCycle=1,myNode=30cedccf...,timecost=2.266
info|2021-11-29 18:00:42.185475|[g:1][CONSENSUS][PBFT]checkAndChangeView: Reach consensus,org_view=19409,cur_changeCycle=1,curView=19409,view=19410
info|2021-11-29 18:00:43.186384|[g:1][CONSENSUS]addRawPrepare,height=1,reqIdx=2,hash=419de153...,time=0
info|2021-11-29 18:00:43.186788|[g:1][CONSENSUS][PBFT]checkTimeout Succ,view=19410,toView=19411,nodeIdx=1,changeCycle=1,myNode=30cedccf...,timecost=0.341
info|2021-11-29 18:00:43.187950|[g:1][CONSENSUS][PBFT]checkAndChangeView: Reach consensus,org_view=19410,cur_changeCycle=1,curView=19410,view=19411
info|2021-11-29 18:00:44.189441|[g:1][CONSENSUS]addRawPrepare,height=1,reqIdx=3,hash=e43d2a86...,time=0
info|2021-11-29 18:00:44.189810|[g:1][CONSENSUS][PBFT]checkTimeout Succ,view=19411,toView=19412,nodeIdx=1,changeCycle=1,myNode=30cedccf...,timecost=0.324
info|2021-11-29 18:00:44.191838|[g:1][CONSENSUS][PBFT]checkAndChangeView: Reach consensus,org_view=19411,cur_changeCycle=1,curView=19411,view=19412
info|2021-11-29 18:00:45.193178|[g:1][CONSENSUS]addRawPrepare,height=1,reqIdx=0,hash=ae9d3aff...,time=0
info|2021-11-29 18:00:45.193564|[g:1][CONSENSUS][PBFT]checkTimeout Succ,view=19412,toView=19413,nodeIdx=1,changeCycle=1,myNode=30cedccf...,timecost=0.325
info|2021-11-29 18:00:45.195148|[g:1][CONSENSUS][PBFT]checkAndChangeView: Reach consensus,org_view=19412,cur_changeCycle=1,curView=19412,view=19413
info|2021-11-29 18:00:46.195590|[g:1][CONSENSUS][SEALER]++++++++++++++++ Generating seal on,blkNum=1,tx=0,nodeIdx=1,hash=8c1fe41d...
info|2021-11-29 18:00:46.198901|[g:1][CONSENSUS][PBFT]checkTimeout Succ,view=19413,toView=19414,nodeIdx=1,changeCycle=1,myNode=30cedccf...,timecost=0.336
info|2021-11-29 18:00:46.199541|[g:1][CONSENSUS][PBFT]checkAndChangeView: Reach consensus,org_view=19413,cur_changeCycle=1,curView=19413,view=19414
info|2021-11-29 18:00:47.202387|[g:1][CONSENSUS]addRawPrepare,height=1,reqIdx=2,hash=522314de...,time=0
info|2021-11-29 18:00:47.202776|[g:1][CONSENSUS][PBFT]checkTimeout Succ,view=19414,toView=19415,nodeIdx=1,changeCycle=1,myNode=30cedccf...,timecost=0.335
info|2021-11-29 18:00:47.203366|[g:1][CONSENSUS][PBFT]checkAndChangeView: Reach consensus,org_view=19414,cur_changeCycle=1,curView=19414,view=19415
info|2021-11-29 18:00:48.206943|[g:1][CONSENSUS]addRawPrepare,height=1,reqIdx=3,hash=a9bcd8b3...,time=0
info|2021-11-29 18:00:48.207357|[g:1][CONSENSUS][PBFT]checkTimeout Succ,view=19415,toView=19416,nodeIdx=1,changeCycle=1,myNode=30cedccf...,timecost=0.353
info|2021-11-29 18:00:48.210406|[g:1][CONSENSUS][PBFT]checkAndChangeView: Reach consensus,org_view=19415,cur_changeCycle=1,curView=19415,view=19416
info|2021-11-29 18:00:49.210954|[g:1][CONSENSUS]addRawPrepare,height=1,reqIdx=0,hash=6d043067...,time=0
info|2021-11-29 18:00:49.211332|[g:1][CONSENSUS][PBFT]checkTimeout Succ,view=19416,toView=19417,nodeIdx=1,changeCycle=1,myNode=30cedccf...,timecost=0.321
info|2021-11-29 18:00:49.213196|[g:1][CONSENSUS][PBFT]checkAndChangeView: Reach consensus,org_view=19416,cur_changeCycle=1,curView=19416,view=19417
info|2021-11-29 18:00:49.311236|[P2P][Service] heartBeat,connected count=3
info|2021-11-29 18:00:50.213682|[g:1][CONSENSUS][SEALER]++++++++++++++++ Generating seal on,blkNum=1,tx=0,nodeIdx=1,hash=d56e768d...
info|2021-11-29 18:00:50.214781|[g:1][CONSENSUS][PBFT]checkTimeout Succ,view=19417,toView=19418,nodeIdx=1,changeCycle=1,myNode=30cedccf...,timecost=0.689
info|2021-11-29 18:00:50.218038|[g:1][CONSENSUS][PBFT]checkAndChangeView: Reach consensus,org_view=19417,cur_changeCycle=1,curView=19417,view=19418
info|2021-11-29 18:00:51.219865|[g:1][CONSENSUS]addRawPrepare,height=1,reqIdx=2,hash=0d98fde4...,time=0
info|2021-11-29 18:00:51.220238|[g:1][CONSENSUS][PBFT]checkTimeout Succ,view=19418,toView=19419,nodeIdx=1,changeCycle=1,myNode=30cedccf...,timecost=0.325
info|2021-11-29 18:00:51.221627|[g:1][CONSENSUS][PBFT]checkAndChangeView: Reach consensus,org_view=19418,cur_changeCycle=1,curView=19418,view=19419
info|2021-11-29 18:00:52.223132|[g:1][CONSENSUS]addRawPrepare,height=1,reqIdx=3,hash=899f42ee...,time=0
info|2021-11-29 18:00:52.223516|[g:1][CONSENSUS][PBFT]checkTimeout Succ,view=19419,toView=19420,nodeIdx=1,changeCycle=1,myNode=30cedccf...,timecost=0.337
info|2021-11-29 18:00:52.226031|[g:1][CONSENSUS][PBFT]checkAndChangeView: Reach consensus,org_view=19419,cur_changeCycle=1,curView=19419,view=19420
info|2021-11-29 18:00:53.230637|[g:1][CONSENSUS]addRawPrepare,height=1,reqIdx=0,hash=8c037477...,time=0
info|2021-11-29 18:00:53.230958|[g:1][CONSENSUS][PBFT]checkTimeout Succ,view=19420,toView=19421,nodeIdx=1,changeCycle=1,myNode=30cedccf...,timecost=0.282
info|2021-11-29 18:00:53.232295|[g:1][CONSENSUS][PBFT]checkAndChangeView: Reach consensus,org_view=19420,cur_changeCycle=1,curView=19420,view=19421
info|2021-11-29 18:00:54.232357|[g:1][CONSENSUS][SEALER]++++++++++++++++ Generating seal on,blkNum=1,tx=0,nodeIdx=1,hash=c926260d...
info|2021-11-29 18:00:54.233005|[g:1][CONSENSUS][PBFT]checkTimeout Succ,view=19421,toView=19422,nodeIdx=1,changeCycle=1,myNode=30cedccf...,timecost=0.267
info|2021-11-29 18:00:54.237250|[g:1][CONSENSUS][PBFT]checkAndChangeView: Reach consensus,org_view=19421,cur_changeCycle=1,curView=19421,view=19422
info|2021-11-29 18:00:55.238199|[g:1][CONSENSUS]addRawPrepare,height=1,reqIdx=2,hash=ea0ba6a9...,time=0
info|2021-11-29 18:00:55.238638|[g:1][CONSENSUS][PBFT]checkTimeout Succ,view=19422,toView=19423,nodeIdx=1,changeCycle=1,myNode=30cedccf...,timecost=0.391
info|2021-11-29 18:00:55.240265|[g:1][CONSENSUS][PBFT]checkAndChangeView: Reach consensus,org_view=19422,cur_changeCycle=1,curView=19422,view=19423
info|2021-11-29 18:00:56.242596|[g:1][CONSENSUS]addRawPrepare,height=1,reqIdx=3,hash=ef1b6e47...,time=0
info|2021-11-29 18:00:56.242988|[g:1][CONSENSUS][PBFT]checkTimeout Succ,view=19423,toView=19424,nodeIdx=1,changeCycle=1,myNode=30cedccf...,timecost=0.337
info|2021-11-29 18:00:56.245207|[g:1][CONSENSUS][PBFT]checkAndChangeView: Reach consensus,org_view=19423,cur_changeCycle=1,curView=19423,view=19424
info|2021-11-29 18:00:57.245783|[g:1][CONSENSUS]addRawPrepare,height=1,reqIdx=0,hash=2e71a7f9...,time=0
info|2021-11-29 18:00:57.246191|[g:1][CONSENSUS][PBFT]checkTimeout Succ,view=19424,toView=19425,nodeIdx=1,changeCycle=1,myNode=30cedccf...,timecost=0.338
info|2021-11-29 18:00:57.247468|[g:1][CONSENSUS][PBFT]checkAndChangeView: Reach consensus,org_view=19424,cur_changeCycle=1,curView=19424,view=19425
info|2021-11-29 18:00:58.248217|[g:1][CONSENSUS][SEALER]++++++++++++++++ Generating seal on,blkNum=1,tx=0,nodeIdx=1,hash=b6b2ddbb...
info|2021-11-29 18:00:58.252899|[g:1][CONSENSUS][PBFT]checkTimeout Succ,view=19425,toView=19426,nodeIdx=1,changeCycle=1,myNode=30cedccf...,timecost=4.178
info|2021-11-29 18:00:58.253834|[g:1][CONSENSUS][PBFT]checkAndChangeView: Reach consensus,org_view=19425,cur_changeCycle=1,curView=19425,view=19426
info|2021-11-29 18:00:59.255322|[g:1][CONSENSUS]addRawPrepare,height=1,reqIdx=2,hash=6dbff372...,time=0
info|2021-11-29 18:00:59.255716|[g:1][CONSENSUS][PBFT]checkTimeout Succ,view=19426,toView=19427,nodeIdx=1,changeCycle=1,myNode=30cedccf...,timecost=0.33
info|2021-11-29 18:00:59.257398|[g:1][CONSENSUS][PBFT]checkAndChangeView: Reach consensus,org_view=19426,cur_changeCycle=1,curView=19426,view=19427
info|2021-11-29 18:00:59.311454|[P2P][Service] heartBeat,connected count=3
info|2021-11-29 18:01:00.262407|[g:1][CONSENSUS]addRawPrepare,height=1,reqIdx=3,hash=0e9e6a60...,time=0
info|2021-11-29 18:01:00.262792|[g:1][CONSENSUS][PBFT]checkTimeout Succ,view=19427,toView=19428,nodeIdx=1,changeCycle=1,myNode=30cedccf...,timecost=0.329
info|2021-11-29 18:01:00.263894|[g:1][CONSENSUS][PBFT]checkAndChangeView: Reach consensus,org_view=19427,cur_changeCycle=1,curView=19427,view=19428
